2025-08-30 19:33:47,452 - INFO - Рабочая директория: D:\Code\marinabot\userbot0505186491
2025-08-30 19:33:47,452 - INFO - Файл с Usernames: D:\Code\marinabot\userbot0505186491\all_usernames.txt
2025-08-30 19:33:47,452 - INFO - Файл данных сообщения: D:\Code\marinabot\userbot0505186491\message_data.json
2025-08-30 19:33:47,452 - INFO - Файл общей статистики: D:\Code\marinabot\userbot0505186491\stats.txt
2025-08-30 19:33:47,452 - INFO - Файл дневной статистики: D:\Code\marinabot\userbot0505186491\daily_stats.json
2025-08-30 19:33:47,452 - INFO - Файл-флаг: D:\Code\marinabot\userbot0505186491\flag.txt
2025-08-30 19:33:47,452 - INFO - Файл чатов: D:\Code\marinabot\userbot0505186491\chats.txt
2025-08-30 19:33:47,453 - INFO - Connecting to 149.154.167.51:443/TcpFull...
2025-08-30 19:33:48,890 - INFO - Connection to 149.154.167.51:443/TcpFull complete!
2025-08-30 19:34:18,749 - INFO - Клієнт успішно підключено, запускаємо основні задачі...
2025-08-30 19:34:18,750 - INFO - Задача мониторинга файла-флага і рассилки запущена.
2025-08-30 19:34:18,750 - INFO - Поточний статус флага: IDLE
2025-08-30 19:34:18,750 - INFO - Невідомий статус флага: IDLE, чекаємо...
2025-08-30 19:34:28,755 - INFO - Поточний статус флага: IDLE
2025-08-30 19:34:28,755 - INFO - Невідомий статус флага: IDLE, чекаємо...
2025-08-30 19:34:38,769 - INFO - Поточний статус флага: IDLE
2025-08-30 19:34:38,769 - INFO - Невідомий статус флага: IDLE, чекаємо...
2025-08-30 19:34:48,782 - INFO - Поточний статус флага: IDLE
2025-08-30 19:34:48,783 - INFO - Невідомий статус флага: IDLE, чекаємо...
2025-08-30 19:34:58,785 - INFO - Поточний статус флага: IDLE
2025-08-30 19:34:58,785 - INFO - Невідомий статус флага: IDLE, чекаємо...
2025-08-30 19:35:08,788 - INFO - Поточний статус флага: IDLE
2025-08-30 19:35:08,788 - INFO - Невідомий статус флага: IDLE, чекаємо...
2025-08-30 19:35:18,791 - INFO - Поточний статус флага: IDLE
2025-08-30 19:35:18,791 - INFO - Невідомий статус флага: IDLE, чекаємо...
2025-08-30 19:35:28,792 - INFO - Поточний статус флага: IDLE
2025-08-30 19:35:28,792 - INFO - Невідомий статус флага: IDLE, чекаємо...
2025-08-30 19:35:38,800 - INFO - Поточний статус флага: IDLE
2025-08-30 19:35:38,800 - INFO - Невідомий статус флага: IDLE, чекаємо...
2025-08-30 19:35:48,816 - INFO - Поточний статус флага: IDLE
2025-08-30 19:35:48,816 - INFO - Невідомий статус флага: IDLE, чекаємо...
2025-09-03 21:17:42,139 - INFO - Рабочая директория: D:\Code\marinabot1\mybot_1
2025-09-03 21:17:42,140 - INFO - Файл с Usernames: D:\Code\marinabot1\mybot_1\all_usernames.txt
2025-09-03 21:17:42,140 - INFO - Файл данных сообщения: D:\Code\marinabot1\mybot_1\message_data.json
2025-09-03 21:17:42,140 - INFO - Файл общей статистики: D:\Code\marinabot1\mybot_1\stats.txt
2025-09-03 21:17:42,140 - INFO - Файл дневной статистики: D:\Code\marinabot1\mybot_1\daily_stats.json
2025-09-03 21:17:42,140 - INFO - Файл-флаг: D:\Code\marinabot1\mybot_1\flag.txt
2025-09-03 21:17:42,140 - INFO - Файл чатов: D:\Code\marinabot1\mybot_1\chats.txt
2025-09-03 21:17:42,141 - INFO - Connecting to 149.154.167.51:443/TcpFull...
2025-09-03 21:17:43,937 - INFO - Connection to 149.154.167.51:443/TcpFull complete!
2025-09-03 21:17:45,992 - ERROR - Критична помилка в основному циклі: 
2025-09-07 12:14:30,364 - INFO - Рабочая директория: D:\Code\marinabot1\mybot_1
2025-09-07 12:14:30,364 - INFO - Файл с Usernames: D:\Code\marinabot1\mybot_1\all_usernames.txt
2025-09-07 12:14:30,364 - INFO - Файл данных сообщения: D:\Code\marinabot1\mybot_1\message_data.json
2025-09-07 12:14:30,364 - INFO - Файл общей статистики: D:\Code\marinabot1\mybot_1\stats.txt
2025-09-07 12:14:30,364 - INFO - Файл дневной статистики: D:\Code\marinabot1\mybot_1\daily_stats.json
2025-09-07 12:14:30,365 - INFO - Файл-флаг: D:\Code\marinabot1\mybot_1\flag.txt
2025-09-07 12:14:30,365 - INFO - Файл чатов: D:\Code\marinabot1\mybot_1\chats.txt
2025-09-07 12:14:30,365 - INFO - Connecting to 149.154.167.51:443/TcpFull...
2025-09-07 12:14:32,352 - INFO - Connection to 149.154.167.51:443/TcpFull complete!
2025-09-07 12:15:02,625 - ERROR - Критична помилка в основному циклі: 
2025-09-07 12:18:55,482 - INFO - Рабочая директория: D:\Code\marinabot1\mybot_1
2025-09-07 12:18:55,482 - INFO - Файл с Usernames: D:\Code\marinabot1\mybot_1\all_usernames.txt
2025-09-07 12:18:55,483 - INFO - Файл данных сообщения: D:\Code\marinabot1\mybot_1\message_data.json
2025-09-07 12:18:55,483 - INFO - Файл общей статистики: D:\Code\marinabot1\mybot_1\stats.txt
2025-09-07 12:18:55,483 - INFO - Файл дневной статистики: D:\Code\marinabot1\mybot_1\daily_stats.json
2025-09-07 12:18:55,483 - INFO - Файл-флаг: D:\Code\marinabot1\mybot_1\flag.txt
2025-09-07 12:18:55,483 - INFO - Файл чатов: D:\Code\marinabot1\mybot_1\chats.txt
2025-09-07 12:18:55,484 - INFO - Connecting to 149.154.167.51:443/TcpFull...
2025-09-07 12:18:57,306 - INFO - Connection to 149.154.167.51:443/TcpFull complete!
2025-09-07 12:19:18,874 - INFO - Клієнт успішно підключено, запускаємо основні задачі...
2025-09-07 12:19:18,875 - INFO - Задача мониторинга файла-флага і рассилки запущена.
2025-09-07 12:19:18,881 - INFO - Поточний статус флага: START
2025-09-07 12:19:18,882 - INFO - Розпочинаємо нову сесію розсилки
2025-09-07 12:19:18,882 - INFO - Статус рассылки изменен на RUNNING
2025-09-07 12:19:18,882 - INFO - Статус розсилки оновлено на RUNNING
2025-09-07 12:19:18,882 - ERROR - Невідомий тип цільової розсилки: None
2025-09-07 12:19:18,927 - ERROR - Помилка під час розсилки: Could not find the input entity for PeerUser(user_id=8136612723) (PeerUser). Please read https://docs.telethon.dev/en/stable/concepts/entities.html to find out more details.
2025-09-07 12:19:18,993 - INFO - Статус рассылки изменен на DONE
2025-09-07 12:19:18,993 - INFO - Сесія розсилки завершена
2025-09-07 12:19:18,993 - ERROR - Помилка в задачі моніторингу: Could not find the input entity for PeerUser(user_id=8136612723) (PeerUser). Please read https://docs.telethon.dev/en/stable/concepts/entities.html to find out more details.
2025-09-07 12:19:29,005 - INFO - Поточний статус флага: DONE
2025-09-07 12:19:29,005 - INFO - Статус флага: DONE, чекаємо...
2025-09-07 12:19:59,012 - INFO - Поточний статус флага: DONE
2025-09-07 12:19:59,012 - INFO - Статус флага: DONE, чекаємо...
2025-09-07 12:20:29,025 - INFO - Поточний статус флага: DONE
2025-09-07 12:20:29,025 - INFO - Статус флага: DONE, чекаємо...
2025-09-07 12:20:59,032 - INFO - Поточний статус флага: DONE
2025-09-07 12:20:59,033 - INFO - Статус флага: DONE, чекаємо...
2025-09-07 12:21:29,045 - INFO - Поточний статус флага: DONE
2025-09-07 12:21:29,045 - INFO - Статус флага: DONE, чекаємо...
2025-09-07 12:21:59,051 - INFO - Поточний статус флага: DONE
2025-09-07 12:21:59,052 - INFO - Статус флага: DONE, чекаємо...
2025-09-07 12:22:29,063 - INFO - Поточний статус флага: DONE
2025-09-07 12:22:29,063 - INFO - Статус флага: DONE, чекаємо...
2025-09-07 12:22:59,070 - INFO - Поточний статус флага: DONE
2025-09-07 12:22:59,070 - INFO - Статус флага: DONE, чекаємо...
2025-09-07 12:23:29,081 - INFO - Поточний статус флага: DONE
2025-09-07 12:23:29,081 - INFO - Статус флага: DONE, чекаємо...
2025-09-07 12:23:59,097 - INFO - Поточний статус флага: DONE
2025-09-07 12:23:59,097 - INFO - Статус флага: DONE, чекаємо...
2025-09-07 12:24:29,099 - INFO - Поточний статус флага: DONE
2025-09-07 12:24:29,100 - INFO - Статус флага: DONE, чекаємо...
2025-09-07 12:24:59,107 - INFO - Поточний статус флага: DONE
2025-09-07 12:24:59,107 - INFO - Статус флага: DONE, чекаємо...
2025-09-07 12:25:29,113 - INFO - Поточний статус флага: DONE
2025-09-07 12:25:29,113 - INFO - Статус флага: DONE, чекаємо...
2025-09-07 12:25:59,126 - INFO - Поточний статус флага: DONE
2025-09-07 12:25:59,126 - INFO - Статус флага: DONE, чекаємо...
2025-09-07 12:26:29,138 - INFO - Поточний статус флага: DONE
2025-09-07 12:26:29,138 - INFO - Статус флага: DONE, чекаємо...
2025-09-07 12:26:59,139 - INFO - Поточний статус флага: DONE
2025-09-07 12:26:59,139 - INFO - Статус флага: DONE, чекаємо...
2025-09-07 12:27:29,152 - INFO - Поточний статус флага: DONE
2025-09-07 12:27:29,152 - INFO - Статус флага: DONE, чекаємо...
2025-09-07 12:27:59,155 - INFO - Поточний статус флага: DONE
2025-09-07 12:27:59,155 - INFO - Статус флага: DONE, чекаємо...
2025-09-07 12:28:29,169 - INFO - Поточний статус флага: DONE
2025-09-07 12:28:29,169 - INFO - Статус флага: DONE, чекаємо...
2025-09-07 12:28:59,179 - INFO - Поточний статус флага: DONE
2025-09-07 12:28:59,179 - INFO - Статус флага: DONE, чекаємо...
2025-09-07 12:29:29,186 - INFO - Поточний статус флага: DONE
2025-09-07 12:29:29,186 - INFO - Статус флага: DONE, чекаємо...
2025-09-07 12:29:59,192 - INFO - Поточний статус флага: DONE
2025-09-07 12:29:59,192 - INFO - Статус флага: DONE, чекаємо...
2025-09-07 12:30:29,193 - INFO - Поточний статус флага: DONE
2025-09-07 12:30:29,193 - INFO - Статус флага: DONE, чекаємо...
2025-09-07 12:30:59,188 - INFO - Поточний статус флага: DONE
2025-09-07 12:30:59,188 - INFO - Статус флага: DONE, чекаємо...
2025-09-07 12:31:29,190 - INFO - Поточний статус флага: DONE
2025-09-07 12:31:29,191 - INFO - Статус флага: DONE, чекаємо...
2025-09-07 12:31:59,189 - INFO - Поточний статус флага: DONE
2025-09-07 12:31:59,189 - INFO - Статус флага: DONE, чекаємо...
2025-09-07 12:32:29,204 - INFO - Поточний статус флага: DONE
2025-09-07 12:32:29,204 - INFO - Статус флага: DONE, чекаємо...
2025-09-07 12:32:59,216 - INFO - Поточний статус флага: DONE
2025-09-07 12:32:59,216 - INFO - Статус флага: DONE, чекаємо...
2025-09-07 12:33:29,217 - INFO - Поточний статус флага: DONE
2025-09-07 12:33:29,217 - INFO - Статус флага: DONE, чекаємо...
2025-09-07 12:33:59,226 - INFO - Поточний статус флага: DONE
2025-09-07 12:33:59,226 - INFO - Статус флага: DONE, чекаємо...
2025-09-07 12:34:18,934 - INFO - Got difference for account updates
2025-09-07 12:34:29,247 - INFO - Поточний статус флага: DONE
2025-09-07 12:34:29,247 - INFO - Статус флага: DONE, чекаємо...
2025-09-07 12:34:59,252 - INFO - Поточний статус флага: DONE
2025-09-07 12:34:59,252 - INFO - Статус флага: DONE, чекаємо...
2025-09-07 12:35:29,267 - INFO - Поточний статус флага: DONE
2025-09-07 12:35:29,267 - INFO - Статус флага: DONE, чекаємо...
2025-09-07 12:35:59,267 - INFO - Поточний статус флага: DONE
2025-09-07 12:35:59,267 - INFO - Статус флага: DONE, чекаємо...
2025-09-07 12:36:29,278 - INFO - Поточний статус флага: DONE
2025-09-07 12:36:29,278 - INFO - Статус флага: DONE, чекаємо...
2025-09-07 12:36:59,292 - INFO - Поточний статус флага: DONE
2025-09-07 12:36:59,292 - INFO - Статус флага: DONE, чекаємо...
2025-09-07 12:37:29,294 - INFO - Поточний статус флага: DONE
2025-09-07 12:37:29,294 - INFO - Статус флага: DONE, чекаємо...
2025-09-07 12:37:59,315 - INFO - Поточний статус флага: DONE
2025-09-07 12:37:59,315 - INFO - Статус флага: DONE, чекаємо...
2025-09-07 12:38:29,320 - INFO - Поточний статус флага: DONE
2025-09-07 12:38:29,320 - INFO - Статус флага: DONE, чекаємо...
2025-09-07 12:38:59,335 - INFO - Поточний статус флага: DONE
2025-09-07 12:38:59,335 - INFO - Статус флага: DONE, чекаємо...
2025-09-07 12:39:29,337 - INFO - Поточний статус флага: DONE
2025-09-07 12:39:29,338 - INFO - Статус флага: DONE, чекаємо...
2025-09-07 12:39:59,349 - INFO - Поточний статус флага: DONE
2025-09-07 12:39:59,349 - INFO - Статус флага: DONE, чекаємо...
2025-09-07 12:40:29,357 - INFO - Поточний статус флага: DONE
2025-09-07 12:40:29,357 - INFO - Статус флага: DONE, чекаємо...
2025-09-07 12:40:59,374 - INFO - Поточний статус флага: DONE
2025-09-07 12:40:59,374 - INFO - Статус флага: DONE, чекаємо...
2025-09-07 12:41:29,388 - INFO - Поточний статус флага: DONE
2025-09-07 12:41:29,388 - INFO - Статус флага: DONE, чекаємо...
2025-09-07 12:41:59,405 - INFO - Поточний статус флага: DONE
2025-09-07 12:41:59,405 - INFO - Статус флага: DONE, чекаємо...
2025-09-07 12:42:29,421 - INFO - Поточний статус флага: DONE
2025-09-07 12:42:29,421 - INFO - Статус флага: DONE, чекаємо...
2025-09-07 12:42:59,424 - INFO - Поточний статус флага: DONE
2025-09-07 12:42:59,424 - INFO - Статус флага: DONE, чекаємо...
2025-09-07 12:43:29,427 - INFO - Поточний статус флага: DONE
2025-09-07 12:43:29,427 - INFO - Статус флага: DONE, чекаємо...
2025-09-07 12:43:59,445 - INFO - Поточний статус флага: DONE
2025-09-07 12:43:59,446 - INFO - Статус флага: DONE, чекаємо...
2025-09-07 12:44:29,450 - INFO - Поточний статус флага: DONE
2025-09-07 12:44:29,451 - INFO - Статус флага: DONE, чекаємо...
2025-09-07 12:44:59,454 - INFO - Поточний статус флага: DONE
2025-09-07 12:44:59,454 - INFO - Статус флага: DONE, чекаємо...
2025-09-07 12:45:29,468 - INFO - Поточний статус флага: DONE
2025-09-07 12:45:29,468 - INFO - Статус флага: DONE, чекаємо...
2025-09-07 12:45:59,471 - INFO - Поточний статус флага: DONE
2025-09-07 12:45:59,471 - INFO - Статус флага: DONE, чекаємо...
2025-09-07 12:46:29,484 - INFO - Поточний статус флага: DONE
2025-09-07 12:46:29,484 - INFO - Статус флага: DONE, чекаємо...
2025-09-07 12:46:59,489 - INFO - Поточний статус флага: DONE
2025-09-07 12:46:59,489 - INFO - Статус флага: DONE, чекаємо...
2025-09-07 12:47:29,501 - INFO - Поточний статус флага: DONE
2025-09-07 12:47:29,502 - INFO - Статус флага: DONE, чекаємо...
2025-09-07 12:47:59,504 - INFO - Поточний статус флага: DONE
2025-09-07 12:47:59,504 - INFO - Статус флага: DONE, чекаємо...
2025-09-07 12:48:29,509 - INFO - Поточний статус флага: DONE
2025-09-07 12:48:29,509 - INFO - Статус флага: DONE, чекаємо...
2025-09-07 12:48:59,532 - INFO - Поточний статус флага: DONE
2025-09-07 12:48:59,532 - INFO - Статус флага: DONE, чекаємо...
2025-09-07 12:49:29,538 - INFO - Поточний статус флага: DONE
2025-09-07 12:49:29,538 - INFO - Статус флага: DONE, чекаємо...
2025-09-07 12:49:59,549 - INFO - Поточний статус флага: DONE
2025-09-07 12:49:59,549 - INFO - Статус флага: DONE, чекаємо...
2025-09-07 12:50:29,562 - INFO - Поточний статус флага: DONE
2025-09-07 12:50:29,562 - INFO - Статус флага: DONE, чекаємо...
2025-09-07 12:50:59,569 - INFO - Поточний статус флага: DONE
2025-09-07 12:50:59,569 - INFO - Статус флага: DONE, чекаємо...
2025-09-07 12:51:29,582 - INFO - Поточний статус флага: DONE
2025-09-07 12:51:29,582 - INFO - Статус флага: DONE, чекаємо...
2025-09-07 12:51:59,587 - INFO - Поточний статус флага: DONE
2025-09-07 12:51:59,587 - INFO - Статус флага: DONE, чекаємо...
2025-09-07 12:52:29,602 - INFO - Поточний статус флага: DONE
2025-09-07 12:52:29,603 - INFO - Статус флага: DONE, чекаємо...
2025-09-07 12:52:59,603 - INFO - Поточний статус флага: DONE
2025-09-07 12:52:59,603 - INFO - Статус флага: DONE, чекаємо...
2025-09-07 12:53:29,614 - INFO - Поточний статус флага: DONE
2025-09-07 12:53:29,614 - INFO - Статус флага: DONE, чекаємо...
2025-09-07 12:53:59,622 - INFO - Поточний статус флага: DONE
2025-09-07 12:53:59,622 - INFO - Статус флага: DONE, чекаємо...
2025-09-07 12:54:29,630 - INFO - Поточний статус флага: DONE
2025-09-07 12:54:29,630 - INFO - Статус флага: DONE, чекаємо...
2025-09-07 12:54:59,634 - INFO - Поточний статус флага: DONE
2025-09-07 12:54:59,634 - INFO - Статус флага: DONE, чекаємо...
2025-09-07 12:55:29,640 - INFO - Поточний статус флага: DONE
2025-09-07 12:55:29,640 - INFO - Статус флага: DONE, чекаємо...
2025-09-07 12:55:59,644 - INFO - Поточний статус флага: DONE
2025-09-07 12:55:59,644 - INFO - Статус флага: DONE, чекаємо...
2025-09-07 12:56:29,647 - INFO - Поточний статус флага: DONE
2025-09-07 12:56:29,647 - INFO - Статус флага: DONE, чекаємо...
2025-09-07 12:56:59,650 - INFO - Поточний статус флага: DONE
2025-09-07 12:56:59,650 - INFO - Статус флага: DONE, чекаємо...
2025-09-07 12:57:29,656 - INFO - Поточний статус флага: DONE
2025-09-07 12:57:29,656 - INFO - Статус флага: DONE, чекаємо...
2025-09-07 12:57:59,661 - INFO - Поточний статус флага: DONE
2025-09-07 12:57:59,661 - INFO - Статус флага: DONE, чекаємо...
2025-09-07 12:58:29,671 - INFO - Поточний статус флага: DONE
2025-09-07 12:58:29,671 - INFO - Статус флага: DONE, чекаємо...
2025-09-07 12:58:59,686 - INFO - Поточний статус флага: DONE
2025-09-07 12:58:59,686 - INFO - Статус флага: DONE, чекаємо...
2025-09-07 12:59:29,700 - INFO - Поточний статус флага: DONE
2025-09-07 12:59:29,700 - INFO - Статус флага: DONE, чекаємо...
2025-09-07 12:59:59,705 - INFO - Поточний статус флага: DONE
2025-09-07 12:59:59,705 - INFO - Статус флага: DONE, чекаємо...
2025-09-07 13:00:29,715 - INFO - Поточний статус флага: DONE
2025-09-07 13:00:29,715 - INFO - Статус флага: DONE, чекаємо...
2025-09-07 13:00:59,716 - INFO - Поточний статус флага: DONE
2025-09-07 13:00:59,716 - INFO - Статус флага: DONE, чекаємо...
2025-09-07 13:01:29,725 - INFO - Поточний статус флага: DONE
2025-09-07 13:01:29,726 - INFO - Статус флага: DONE, чекаємо...
2025-09-07 13:01:59,736 - INFO - Поточний статус флага: DONE
2025-09-07 13:01:59,736 - INFO - Статус флага: DONE, чекаємо...
2025-09-07 13:02:29,740 - INFO - Поточний статус флага: DONE
2025-09-07 13:02:29,741 - INFO - Статус флага: DONE, чекаємо...
2025-09-07 13:02:59,748 - INFO - Поточний статус флага: DONE
2025-09-07 13:02:59,749 - INFO - Статус флага: DONE, чекаємо...
2025-09-07 13:03:29,757 - INFO - Поточний статус флага: DONE
2025-09-07 13:03:29,758 - INFO - Статус флага: DONE, чекаємо...
2025-09-07 13:03:59,773 - INFO - Поточний статус флага: DONE
2025-09-07 13:03:59,773 - INFO - Статус флага: DONE, чекаємо...
2025-09-07 13:04:29,778 - INFO - Поточний статус флага: DONE
2025-09-07 13:04:29,779 - INFO - Статус флага: DONE, чекаємо...
2025-09-07 13:04:59,787 - INFO - Поточний статус флага: DONE
2025-09-07 13:04:59,787 - INFO - Статус флага: DONE, чекаємо...
2025-09-07 13:05:29,791 - INFO - Поточний статус флага: DONE
2025-09-07 13:05:29,792 - INFO - Статус флага: DONE, чекаємо...
2025-09-07 13:05:59,794 - INFO - Поточний статус флага: DONE
2025-09-07 13:05:59,794 - INFO - Статус флага: DONE, чекаємо...
2025-09-07 13:06:29,807 - INFO - Поточний статус флага: DONE
2025-09-07 13:06:29,807 - INFO - Статус флага: DONE, чекаємо...
2025-09-07 13:06:59,826 - INFO - Поточний статус флага: DONE
2025-09-07 13:06:59,826 - INFO - Статус флага: DONE, чекаємо...
2025-09-07 13:07:29,843 - INFO - Поточний статус флага: DONE
2025-09-07 13:07:29,843 - INFO - Статус флага: DONE, чекаємо...
2025-09-07 13:07:59,862 - INFO - Поточний статус флага: DONE
2025-09-07 13:07:59,862 - INFO - Статус флага: DONE, чекаємо...
2025-09-07 13:08:29,869 - INFO - Поточний статус флага: DONE
2025-09-07 13:08:29,869 - INFO - Статус флага: DONE, чекаємо...
2025-09-07 13:08:59,879 - INFO - Поточний статус флага: DONE
2025-09-07 13:08:59,879 - INFO - Статус флага: DONE, чекаємо...
2025-09-07 13:09:29,882 - INFO - Поточний статус флага: DONE
2025-09-07 13:09:29,882 - INFO - Статус флага: DONE, чекаємо...
2025-09-07 13:09:59,892 - INFO - Поточний статус флага: DONE
2025-09-07 13:09:59,893 - INFO - Статус флага: DONE, чекаємо...
2025-09-07 13:10:29,893 - INFO - Поточний статус флага: DONE
2025-09-07 13:10:29,894 - INFO - Статус флага: DONE, чекаємо...
2025-09-07 13:10:59,889 - INFO - Поточний статус флага: DONE
2025-09-07 13:10:59,889 - INFO - Статус флага: DONE, чекаємо...
2025-09-07 13:11:29,893 - INFO - Поточний статус флага: DONE
2025-09-07 13:11:29,893 - INFO - Статус флага: DONE, чекаємо...
2025-09-07 13:11:59,903 - INFO - Поточний статус флага: DONE
2025-09-07 13:11:59,903 - INFO - Статус флага: DONE, чекаємо...
2025-09-07 13:12:29,918 - INFO - Поточний статус флага: DONE
2025-09-07 13:12:29,918 - INFO - Статус флага: DONE, чекаємо...
2025-09-07 13:12:59,927 - INFO - Поточний статус флага: DONE
2025-09-07 13:12:59,927 - INFO - Статус флага: DONE, чекаємо...
2025-09-07 13:13:29,929 - INFO - Поточний статус флага: DONE
2025-09-07 13:13:29,929 - INFO - Статус флага: DONE, чекаємо...
2025-09-07 13:13:59,936 - INFO - Поточний статус флага: DONE
2025-09-07 13:13:59,936 - INFO - Статус флага: DONE, чекаємо...
2025-09-07 13:14:29,948 - INFO - Поточний статус флага: DONE
2025-09-07 13:14:29,948 - INFO - Статус флага: DONE, чекаємо...
2025-09-07 13:14:59,962 - INFO - Поточний статус флага: DONE
2025-09-07 13:14:59,963 - INFO - Статус флага: DONE, чекаємо...
2025-09-07 13:15:29,969 - INFO - Поточний статус флага: DONE
2025-09-07 13:15:29,970 - INFO - Статус флага: DONE, чекаємо...
2025-09-07 13:15:59,987 - INFO - Поточний статус флага: DONE
2025-09-07 13:15:59,988 - INFO - Статус флага: DONE, чекаємо...
2025-09-07 13:16:29,990 - INFO - Поточний статус флага: DONE
2025-09-07 13:16:29,990 - INFO - Статус флага: DONE, чекаємо...
2025-09-07 13:16:59,990 - INFO - Поточний статус флага: DONE
2025-09-07 13:16:59,990 - INFO - Статус флага: DONE, чекаємо...
2025-09-07 13:17:30,002 - INFO - Поточний статус флага: DONE
2025-09-07 13:17:30,002 - INFO - Статус флага: DONE, чекаємо...
2025-09-07 13:18:00,006 - INFO - Поточний статус флага: DONE
2025-09-07 13:18:00,007 - INFO - Статус флага: DONE, чекаємо...
2025-09-07 13:18:30,013 - INFO - Поточний статус флага: DONE
2025-09-07 13:18:30,014 - INFO - Статус флага: DONE, чекаємо...
2025-09-07 13:19:00,023 - INFO - Поточний статус флага: DONE
2025-09-07 13:19:00,024 - INFO - Статус флага: DONE, чекаємо...
2025-09-07 13:19:30,022 - INFO - Поточний статус флага: DONE
2025-09-07 13:19:30,022 - INFO - Статус флага: DONE, чекаємо...
2025-09-07 13:20:00,026 - INFO - Поточний статус флага: DONE
2025-09-07 13:20:00,026 - INFO - Статус флага: DONE, чекаємо...
2025-09-07 13:20:30,030 - INFO - Поточний статус флага: DONE
2025-09-07 13:20:30,030 - INFO - Статус флага: DONE, чекаємо...
2025-09-07 13:21:00,043 - INFO - Поточний статус флага: DONE
2025-09-07 13:21:00,043 - INFO - Статус флага: DONE, чекаємо...
2025-09-07 13:21:30,049 - INFO - Поточний статус флага: DONE
2025-09-07 13:21:30,049 - INFO - Статус флага: DONE, чекаємо...
2025-09-07 13:22:00,058 - INFO - Поточний статус флага: DONE
2025-09-07 13:22:00,058 - INFO - Статус флага: DONE, чекаємо...
2025-09-07 13:22:30,064 - INFO - Поточний статус флага: DONE
2025-09-07 13:22:30,065 - INFO - Статус флага: DONE, чекаємо...
2025-09-07 13:23:00,069 - INFO - Поточний статус флага: DONE
2025-09-07 13:23:00,069 - INFO - Статус флага: DONE, чекаємо...
2025-09-07 13:23:30,077 - INFO - Поточний статус флага: DONE
2025-09-07 13:23:30,077 - INFO - Статус флага: DONE, чекаємо...
2025-09-07 13:24:00,076 - INFO - Поточний статус флага: DONE
2025-09-07 13:24:00,076 - INFO - Статус флага: DONE, чекаємо...
2025-09-07 13:24:30,091 - INFO - Поточний статус флага: DONE
2025-09-07 13:24:30,091 - INFO - Статус флага: DONE, чекаємо...
2025-09-07 13:25:00,099 - INFO - Поточний статус флага: DONE
2025-09-07 13:25:00,099 - INFO - Статус флага: DONE, чекаємо...
2025-09-07 13:25:30,100 - INFO - Поточний статус флага: DONE
2025-09-07 13:25:30,100 - INFO - Статус флага: DONE, чекаємо...
2025-09-07 13:26:00,094 - INFO - Поточний статус флага: DONE
2025-09-07 13:26:00,094 - INFO - Статус флага: DONE, чекаємо...
2025-09-07 13:26:30,109 - INFO - Поточний статус флага: DONE
2025-09-07 13:26:30,109 - INFO - Статус флага: DONE, чекаємо...
2025-09-07 13:27:00,114 - INFO - Поточний статус флага: DONE
2025-09-07 13:27:00,114 - INFO - Статус флага: DONE, чекаємо...
2025-09-07 13:27:30,118 - INFO - Поточний статус флага: DONE
2025-09-07 13:27:30,119 - INFO - Статус флага: DONE, чекаємо...
2025-09-07 13:28:00,125 - INFO - Поточний статус флага: DONE
2025-09-07 13:28:00,125 - INFO - Статус флага: DONE, чекаємо...
2025-09-07 13:28:30,135 - INFO - Поточний статус флага: DONE
2025-09-07 13:28:30,135 - INFO - Статус флага: DONE, чекаємо...
2025-09-07 13:29:00,144 - INFO - Поточний статус флага: DONE
2025-09-07 13:29:00,144 - INFO - Статус флага: DONE, чекаємо...
2025-09-07 13:29:30,153 - INFO - Поточний статус флага: DONE
2025-09-07 13:29:30,153 - INFO - Статус флага: DONE, чекаємо...
2025-09-07 13:30:00,177 - INFO - Поточний статус флага: DONE
2025-09-07 13:30:00,177 - INFO - Статус флага: DONE, чекаємо...
2025-09-07 13:30:30,186 - INFO - Поточний статус флага: DONE
2025-09-07 13:30:30,187 - INFO - Статус флага: DONE, чекаємо...
2025-09-07 13:31:00,183 - INFO - Поточний статус флага: DONE
2025-09-07 13:31:00,184 - INFO - Статус флага: DONE, чекаємо...
2025-09-07 13:31:30,188 - INFO - Поточний статус флага: DONE
2025-09-07 13:31:30,189 - INFO - Статус флага: DONE, чекаємо...
2025-09-07 13:32:00,197 - INFO - Поточний статус флага: DONE
2025-09-07 13:32:00,197 - INFO - Статус флага: DONE, чекаємо...
2025-09-07 13:32:30,208 - INFO - Поточний статус флага: DONE
2025-09-07 13:32:30,208 - INFO - Статус флага: DONE, чекаємо...
2025-09-07 13:33:00,220 - INFO - Поточний статус флага: DONE
2025-09-07 13:33:00,220 - INFO - Статус флага: DONE, чекаємо...
2025-09-07 13:33:30,235 - INFO - Поточний статус флага: DONE
2025-09-07 13:33:30,235 - INFO - Статус флага: DONE, чекаємо...
2025-09-07 13:34:00,246 - INFO - Поточний статус флага: DONE
2025-09-07 13:34:00,246 - INFO - Статус флага: DONE, чекаємо...
2025-09-07 13:34:30,257 - INFO - Поточний статус флага: DONE
2025-09-07 13:34:30,258 - INFO - Статус флага: DONE, чекаємо...
2025-09-07 13:35:00,248 - INFO - Поточний статус флага: DONE
2025-09-07 13:35:00,248 - INFO - Статус флага: DONE, чекаємо...
2025-09-07 13:35:30,259 - INFO - Поточний статус флага: DONE
2025-09-07 13:35:30,259 - INFO - Статус флага: DONE, чекаємо...
2025-09-07 13:36:00,278 - INFO - Поточний статус флага: DONE
2025-09-07 13:36:00,278 - INFO - Статус флага: DONE, чекаємо...
2025-09-07 13:36:30,290 - INFO - Поточний статус флага: DONE
2025-09-07 13:36:30,291 - INFO - Статус флага: DONE, чекаємо...
2025-09-07 13:37:00,310 - INFO - Поточний статус флага: DONE
2025-09-07 13:37:00,311 - INFO - Статус флага: DONE, чекаємо...
2025-09-07 13:37:30,315 - INFO - Поточний статус флага: DONE
2025-09-07 13:37:30,315 - INFO - Статус флага: DONE, чекаємо...
2025-09-07 13:38:00,320 - INFO - Поточний статус флага: DONE
2025-09-07 13:38:00,320 - INFO - Статус флага: DONE, чекаємо...
2025-09-07 13:38:30,323 - INFO - Поточний статус флага: DONE
2025-09-07 13:38:30,323 - INFO - Статус флага: DONE, чекаємо...
2025-09-07 13:39:00,337 - INFO - Поточний статус флага: DONE
2025-09-07 13:39:00,337 - INFO - Статус флага: DONE, чекаємо...
2025-09-07 13:39:30,349 - INFO - Поточний статус флага: DONE
2025-09-07 13:39:30,349 - INFO - Статус флага: DONE, чекаємо...
2025-09-07 13:40:00,364 - INFO - Поточний статус флага: DONE
2025-09-07 13:40:00,365 - INFO - Статус флага: DONE, чекаємо...
2025-09-07 13:40:30,365 - INFO - Поточний статус флага: DONE
2025-09-07 13:40:30,365 - INFO - Статус флага: DONE, чекаємо...
2025-09-07 13:41:00,380 - INFO - Поточний статус флага: DONE
2025-09-07 13:41:00,380 - INFO - Статус флага: DONE, чекаємо...
2025-09-07 13:41:30,385 - INFO - Поточний статус флага: DONE
2025-09-07 13:41:30,385 - INFO - Статус флага: DONE, чекаємо...
2025-09-07 13:42:00,403 - INFO - Поточний статус флага: DONE
2025-09-07 13:42:00,403 - INFO - Статус флага: DONE, чекаємо...
2025-09-07 13:42:30,416 - INFO - Поточний статус флага: DONE
2025-09-07 13:42:30,417 - INFO - Статус флага: DONE, чекаємо...
2025-09-07 13:43:00,424 - INFO - Поточний статус флага: DONE
2025-09-07 13:43:00,424 - INFO - Статус флага: DONE, чекаємо...
2025-09-07 13:43:30,439 - INFO - Поточний статус флага: DONE
2025-09-07 13:43:30,440 - INFO - Статус флага: DONE, чекаємо...
2025-09-07 13:44:00,451 - INFO - Поточний статус флага: DONE
2025-09-07 13:44:00,452 - INFO - Статус флага: DONE, чекаємо...
2025-09-07 13:44:30,461 - INFO - Поточний статус флага: DONE
2025-09-07 13:44:30,461 - INFO - Статус флага: DONE, чекаємо...
2025-09-07 13:45:00,474 - INFO - Поточний статус флага: DONE
2025-09-07 13:45:00,474 - INFO - Статус флага: DONE, чекаємо...
2025-09-07 13:45:30,482 - INFO - Поточний статус флага: DONE
2025-09-07 13:45:30,482 - INFO - Статус флага: DONE, чекаємо...
2025-09-07 13:46:00,491 - INFO - Поточний статус флага: DONE
2025-09-07 13:46:00,491 - INFO - Статус флага: DONE, чекаємо...
2025-09-07 13:46:30,495 - INFO - Поточний статус флага: DONE
2025-09-07 13:46:30,495 - INFO - Статус флага: DONE, чекаємо...
2025-09-07 13:47:00,518 - INFO - Поточний статус флага: DONE
2025-09-07 13:47:00,518 - INFO - Статус флага: DONE, чекаємо...
2025-09-07 13:47:30,521 - INFO - Поточний статус флага: DONE
2025-09-07 13:47:30,521 - INFO - Статус флага: DONE, чекаємо...
2025-09-07 13:48:00,529 - INFO - Поточний статус флага: DONE
2025-09-07 13:48:00,529 - INFO - Статус флага: DONE, чекаємо...
2025-09-07 13:48:30,538 - INFO - Поточний статус флага: DONE
2025-09-07 13:48:30,538 - INFO - Статус флага: DONE, чекаємо...
2025-09-07 13:49:00,555 - INFO - Поточний статус флага: DONE
2025-09-07 13:49:00,555 - INFO - Статус флага: DONE, чекаємо...
2025-09-07 13:49:30,555 - INFO - Поточний статус флага: DONE
2025-09-07 13:49:30,555 - INFO - Статус флага: DONE, чекаємо...
2025-09-07 13:49:56,540 - INFO - Cannot get difference since the account is not logged in: AuthKeyDuplicatedError
2025-09-07 13:50:00,574 - INFO - Поточний статус флага: DONE
2025-09-07 13:50:00,574 - INFO - Статус флага: DONE, чекаємо...
2025-09-07 13:50:30,578 - INFO - Поточний статус флага: DONE
2025-09-07 13:50:30,579 - INFO - Статус флага: DONE, чекаємо...
2025-09-07 13:51:00,585 - INFO - Поточний статус флага: DONE
2025-09-07 13:51:00,585 - INFO - Статус флага: DONE, чекаємо...
2025-09-07 13:51:30,590 - INFO - Поточний статус флага: DONE
2025-09-07 13:51:30,591 - INFO - Статус флага: DONE, чекаємо...
2025-09-07 13:52:00,602 - INFO - Поточний статус флага: DONE
2025-09-07 13:52:00,602 - INFO - Статус флага: DONE, чекаємо...
2025-09-07 13:52:30,612 - INFO - Поточний статус флага: DONE
2025-09-07 13:52:30,612 - INFO - Статус флага: DONE, чекаємо...
2025-09-07 13:53:00,611 - INFO - Поточний статус флага: DONE
2025-09-07 13:53:00,611 - INFO - Статус флага: DONE, чекаємо...
2025-09-07 13:53:30,613 - INFO - Поточний статус флага: DONE
2025-09-07 13:53:30,613 - INFO - Статус флага: DONE, чекаємо...
2025-09-07 13:54:00,614 - INFO - Поточний статус флага: DONE
2025-09-07 13:54:00,614 - INFO - Статус флага: DONE, чекаємо...
2025-09-07 13:54:30,628 - INFO - Поточний статус флага: DONE
2025-09-07 13:54:30,628 - INFO - Статус флага: DONE, чекаємо...
2025-09-07 13:55:00,629 - INFO - Поточний статус флага: DONE
2025-09-07 13:55:00,630 - INFO - Статус флага: DONE, чекаємо...
2025-09-07 13:55:30,633 - INFO - Поточний статус флага: DONE
2025-09-07 13:55:30,634 - INFO - Статус флага: DONE, чекаємо...
2025-09-07 13:56:00,643 - INFO - Поточний статус флага: DONE
2025-09-07 13:56:00,644 - INFO - Статус флага: DONE, чекаємо...
2025-09-07 13:56:30,653 - INFO - Поточний статус флага: DONE
2025-09-07 13:56:30,653 - INFO - Статус флага: DONE, чекаємо...
2025-09-07 13:57:00,657 - INFO - Поточний статус флага: DONE
2025-09-07 13:57:00,657 - INFO - Статус флага: DONE, чекаємо...
2025-09-07 13:57:30,661 - INFO - Поточний статус флага: DONE
2025-09-07 13:57:30,661 - INFO - Статус флага: DONE, чекаємо...
2025-09-07 13:58:00,657 - INFO - Поточний статус флага: DONE
2025-09-07 13:58:00,657 - INFO - Статус флага: DONE, чекаємо...
2025-09-07 13:58:30,670 - INFO - Поточний статус флага: DONE
2025-09-07 13:58:30,670 - INFO - Статус флага: DONE, чекаємо...
2025-09-07 13:59:00,682 - INFO - Поточний статус флага: DONE
2025-09-07 13:59:00,682 - INFO - Статус флага: DONE, чекаємо...
2025-09-07 13:59:30,691 - INFO - Поточний статус флага: DONE
2025-09-07 13:59:30,691 - INFO - Статус флага: DONE, чекаємо...
2025-09-07 14:00:00,695 - INFO - Поточний статус флага: DONE
2025-09-07 14:00:00,696 - INFO - Статус флага: DONE, чекаємо...
2025-09-07 14:00:30,708 - INFO - Поточний статус флага: DONE
2025-09-07 14:00:30,708 - INFO - Статус флага: DONE, чекаємо...
2025-09-07 14:01:00,723 - INFO - Поточний статус флага: DONE
2025-09-07 14:01:00,723 - INFO - Статус флага: DONE, чекаємо...
2025-09-07 14:01:30,725 - INFO - Поточний статус флага: DONE
2025-09-07 14:01:30,725 - INFO - Статус флага: DONE, чекаємо...
2025-09-07 14:02:00,728 - INFO - Поточний статус флага: DONE
2025-09-07 14:02:00,728 - INFO - Статус флага: DONE, чекаємо...
2025-09-07 14:02:30,734 - INFO - Поточний статус флага: DONE
2025-09-07 14:02:30,734 - INFO - Статус флага: DONE, чекаємо...
2025-09-07 14:03:00,741 - INFO - Поточний статус флага: DONE
2025-09-07 14:03:00,741 - INFO - Статус флага: DONE, чекаємо...
2025-09-07 14:03:30,751 - INFO - Поточний статус флага: DONE
2025-09-07 14:03:30,751 - INFO - Статус флага: DONE, чекаємо...
2025-09-07 14:04:00,763 - INFO - Поточний статус флага: DONE
2025-09-07 14:04:00,763 - INFO - Статус флага: DONE, чекаємо...
2025-09-07 14:04:19,511 - INFO - Cannot get difference since the account is not logged in: AuthKeyDuplicatedError
2025-09-07 14:04:30,773 - INFO - Поточний статус флага: DONE
2025-09-07 14:04:30,774 - INFO - Статус флага: DONE, чекаємо...
2025-09-07 14:04:56,734 - INFO - Cannot get difference since the account is not logged in: AuthKeyDuplicatedError
2025-09-07 14:05:00,776 - INFO - Поточний статус флага: DONE
2025-09-07 14:05:00,776 - INFO - Статус флага: DONE, чекаємо...
2025-09-07 14:05:30,790 - INFO - Поточний статус флага: DONE
2025-09-07 14:05:30,790 - INFO - Статус флага: DONE, чекаємо...
2025-09-07 14:06:00,801 - INFO - Поточний статус флага: DONE
2025-09-07 14:06:00,801 - INFO - Статус флага: DONE, чекаємо...
2025-09-07 14:06:30,816 - INFO - Поточний статус флага: DONE
2025-09-07 14:06:30,816 - INFO - Статус флага: DONE, чекаємо...
2025-09-07 14:07:00,813 - INFO - Поточний статус флага: DONE
2025-09-07 14:07:00,813 - INFO - Статус флага: DONE, чекаємо...
2025-09-07 14:07:30,815 - INFO - Поточний статус флага: DONE
2025-09-07 14:07:30,815 - INFO - Статус флага: DONE, чекаємо...
2025-09-07 14:08:00,827 - INFO - Поточний статус флага: DONE
2025-09-07 14:08:00,827 - INFO - Статус флага: DONE, чекаємо...
2025-09-07 14:08:30,830 - INFO - Поточний статус флага: DONE
2025-09-07 14:08:30,830 - INFO - Статус флага: DONE, чекаємо...
2025-09-07 14:09:00,843 - INFO - Поточний статус флага: DONE
2025-09-07 14:09:00,843 - INFO - Статус флага: DONE, чекаємо...
2025-09-07 14:09:30,846 - INFO - Поточний статус флага: DONE
2025-09-07 14:09:30,846 - INFO - Статус флага: DONE, чекаємо...
2025-09-07 14:10:00,844 - INFO - Поточний статус флага: DONE
2025-09-07 14:10:00,844 - INFO - Статус флага: DONE, чекаємо...
2025-09-07 14:10:30,856 - INFO - Поточний статус флага: DONE
2025-09-07 14:10:30,857 - INFO - Статус флага: DONE, чекаємо...
2025-09-07 14:11:00,878 - INFO - Поточний статус флага: DONE
2025-09-07 14:11:00,878 - INFO - Статус флага: DONE, чекаємо...
2025-09-07 14:11:30,890 - INFO - Поточний статус флага: DONE
2025-09-07 14:11:30,890 - INFO - Статус флага: DONE, чекаємо...
2025-09-07 14:12:00,906 - INFO - Поточний статус флага: DONE
2025-09-07 14:12:00,906 - INFO - Статус флага: DONE, чекаємо...
2025-09-07 14:12:30,915 - INFO - Поточний статус флага: DONE
2025-09-07 14:12:30,916 - INFO - Статус флага: DONE, чекаємо...
2025-09-07 14:13:00,940 - INFO - Поточний статус флага: DONE
2025-09-07 14:13:00,940 - INFO - Статус флага: DONE, чекаємо...
2025-09-07 14:13:30,952 - INFO - Поточний статус флага: DONE
2025-09-07 14:13:30,952 - INFO - Статус флага: DONE, чекаємо...
2025-09-07 14:14:00,970 - INFO - Поточний статус флага: DONE
2025-09-07 14:14:00,970 - INFO - Статус флага: DONE, чекаємо...
2025-09-07 14:14:30,983 - INFO - Поточний статус флага: DONE
2025-09-07 14:14:30,983 - INFO - Статус флага: DONE, чекаємо...
2025-09-07 14:15:00,993 - INFO - Поточний статус флага: DONE
2025-09-07 14:15:00,993 - INFO - Статус флага: DONE, чекаємо...
2025-09-07 14:15:31,008 - INFO - Поточний статус флага: DONE
2025-09-07 14:15:31,008 - INFO - Статус флага: DONE, чекаємо...
2025-09-07 14:16:00,994 - INFO - Поточний статус флага: DONE
2025-09-07 14:16:00,994 - INFO - Статус флага: DONE, чекаємо...
2025-09-07 14:16:31,010 - INFO - Поточний статус флага: DONE
2025-09-07 14:16:31,010 - INFO - Статус флага: DONE, чекаємо...
2025-09-07 14:17:01,023 - INFO - Поточний статус флага: DONE
2025-09-07 14:17:01,023 - INFO - Статус флага: DONE, чекаємо...
2025-09-07 14:17:31,037 - INFO - Поточний статус флага: DONE
2025-09-07 14:17:31,037 - INFO - Статус флага: DONE, чекаємо...
2025-09-07 14:18:01,044 - INFO - Поточний статус флага: DONE
2025-09-07 14:18:01,044 - INFO - Статус флага: DONE, чекаємо...
2025-09-07 14:18:31,053 - INFO - Поточний статус флага: DONE
2025-09-07 14:18:31,053 - INFO - Статус флага: DONE, чекаємо...
2025-09-07 14:19:01,054 - INFO - Поточний статус флага: DONE
2025-09-07 14:19:01,055 - INFO - Статус флага: DONE, чекаємо...
2025-09-07 14:19:19,592 - INFO - Cannot get difference since the account is not logged in: AuthKeyDuplicatedError
2025-09-07 14:19:31,054 - INFO - Поточний статус флага: DONE
2025-09-07 14:19:31,054 - INFO - Статус флага: DONE, чекаємо...
2025-09-07 14:19:56,799 - INFO - Cannot get difference since the account is not logged in: AuthKeyDuplicatedError
2025-09-07 14:20:01,049 - INFO - Поточний статус флага: DONE
2025-09-07 14:20:01,050 - INFO - Статус флага: DONE, чекаємо...
2025-09-07 14:20:31,063 - INFO - Поточний статус флага: DONE
2025-09-07 14:20:31,064 - INFO - Статус флага: DONE, чекаємо...
2025-09-07 14:21:01,063 - INFO - Поточний статус флага: DONE
2025-09-07 14:21:01,064 - INFO - Статус флага: DONE, чекаємо...
2025-09-07 14:21:31,072 - INFO - Поточний статус флага: DONE
2025-09-07 14:21:31,073 - INFO - Статус флага: DONE, чекаємо...
2025-09-07 14:22:01,103 - INFO - Поточний статус флага: DONE
2025-09-07 14:22:01,103 - INFO - Статус флага: DONE, чекаємо...
2025-09-07 14:22:31,105 - INFO - Поточний статус флага: DONE
2025-09-07 14:22:31,106 - INFO - Статус флага: DONE, чекаємо...
2025-09-07 14:23:01,120 - INFO - Поточний статус флага: DONE
2025-09-07 14:23:01,120 - INFO - Статус флага: DONE, чекаємо...
2025-09-07 14:23:31,128 - INFO - Поточний статус флага: DONE
2025-09-07 14:23:31,129 - INFO - Статус флага: DONE, чекаємо...
2025-09-07 14:24:01,133 - INFO - Поточний статус флага: DONE
2025-09-07 14:24:01,134 - INFO - Статус флага: DONE, чекаємо...
2025-09-07 14:24:31,142 - INFO - Поточний статус флага: DONE
2025-09-07 14:24:31,143 - INFO - Статус флага: DONE, чекаємо...
2025-09-07 14:25:01,147 - INFO - Поточний статус флага: DONE
2025-09-07 14:25:01,148 - INFO - Статус флага: DONE, чекаємо...
2025-09-07 14:25:31,163 - INFO - Поточний статус флага: DONE
2025-09-07 14:25:31,164 - INFO - Статус флага: DONE, чекаємо...
2025-09-07 14:26:01,159 - INFO - Поточний статус флага: DONE
2025-09-07 14:26:01,159 - INFO - Статус флага: DONE, чекаємо...
2025-09-07 14:26:31,163 - INFO - Поточний статус флага: DONE
2025-09-07 14:26:31,164 - INFO - Статус флага: DONE, чекаємо...
2025-09-07 14:27:01,160 - INFO - Поточний статус флага: DONE
2025-09-07 14:27:01,160 - INFO - Статус флага: DONE, чекаємо...
2025-09-07 14:27:31,169 - INFO - Поточний статус флага: DONE
2025-09-07 14:27:31,170 - INFO - Статус флага: DONE, чекаємо...
2025-09-07 14:28:01,183 - INFO - Поточний статус флага: DONE
2025-09-07 14:28:01,183 - INFO - Статус флага: DONE, чекаємо...
2025-09-07 14:28:31,198 - INFO - Поточний статус флага: DONE
2025-09-07 14:28:31,199 - INFO - Статус флага: DONE, чекаємо...
2025-09-07 14:29:01,204 - INFO - Поточний статус флага: DONE
2025-09-07 14:29:01,205 - INFO - Статус флага: DONE, чекаємо...
2025-09-07 14:29:31,215 - INFO - Поточний статус флага: DONE
2025-09-07 14:29:31,216 - INFO - Статус флага: DONE, чекаємо...
2025-09-07 14:30:01,220 - INFO - Поточний статус флага: DONE
2025-09-07 14:30:01,221 - INFO - Статус флага: DONE, чекаємо...
2025-09-07 14:30:31,237 - INFO - Поточний статус флага: DONE
2025-09-07 14:30:31,237 - INFO - Статус флага: DONE, чекаємо...
2025-09-07 14:31:01,235 - INFO - Поточний статус флага: DONE
2025-09-07 14:31:01,236 - INFO - Статус флага: DONE, чекаємо...
2025-09-07 14:31:31,241 - INFO - Поточний статус флага: DONE
2025-09-07 14:31:31,241 - INFO - Статус флага: DONE, чекаємо...
2025-09-07 14:32:01,236 - INFO - Поточний статус флага: DONE
2025-09-07 14:32:01,237 - INFO - Статус флага: DONE, чекаємо...
2025-09-07 14:32:31,251 - INFO - Поточний статус флага: DONE
2025-09-07 14:32:31,251 - INFO - Статус флага: DONE, чекаємо...
2025-09-07 14:33:01,270 - INFO - Поточний статус флага: DONE
2025-09-07 14:33:01,271 - INFO - Статус флага: DONE, чекаємо...
2025-09-07 14:33:31,278 - INFO - Поточний статус флага: DONE
2025-09-07 14:33:31,279 - INFO - Статус флага: DONE, чекаємо...
2025-09-07 14:34:01,294 - INFO - Поточний статус флага: DONE
2025-09-07 14:34:01,295 - INFO - Статус флага: DONE, чекаємо...
2025-09-07 14:34:19,641 - INFO - Cannot get difference since the account is not logged in: AuthKeyDuplicatedError
2025-09-07 14:34:31,299 - INFO - Поточний статус флага: DONE
2025-09-07 14:34:31,300 - INFO - Статус флага: DONE, чекаємо...
2025-09-07 14:34:56,936 - INFO - Cannot get difference since the account is not logged in: AuthKeyDuplicatedError
2025-09-07 14:35:01,302 - INFO - Поточний статус флага: DONE
2025-09-07 14:35:01,302 - INFO - Статус флага: DONE, чекаємо...
2025-09-07 14:35:31,308 - INFO - Поточний статус флага: DONE
2025-09-07 14:35:31,308 - INFO - Статус флага: DONE, чекаємо...
2025-09-07 14:36:01,331 - INFO - Поточний статус флага: DONE
2025-09-07 14:36:01,332 - INFO - Статус флага: DONE, чекаємо...
2025-09-07 14:36:31,333 - INFO - Поточний статус флага: DONE
2025-09-07 14:36:31,333 - INFO - Статус флага: DONE, чекаємо...
2025-09-07 14:37:01,325 - INFO - Поточний статус флага: DONE
2025-09-07 14:37:01,326 - INFO - Статус флага: DONE, чекаємо...
2025-09-07 14:37:31,327 - INFO - Поточний статус флага: DONE
2025-09-07 14:37:31,327 - INFO - Статус флага: DONE, чекаємо...
2025-09-07 14:38:01,344 - INFO - Поточний статус флага: DONE
2025-09-07 14:38:01,345 - INFO - Статус флага: DONE, чекаємо...
2025-09-07 14:38:31,354 - INFO - Поточний статус флага: DONE
2025-09-07 14:38:31,355 - INFO - Статус флага: DONE, чекаємо...
2025-09-07 14:39:01,366 - INFO - Поточний статус флага: DONE
2025-09-07 14:39:01,367 - INFO - Статус флага: DONE, чекаємо...
2025-09-07 14:39:31,376 - INFO - Поточний статус флага: DONE
2025-09-07 14:39:31,377 - INFO - Статус флага: DONE, чекаємо...
2025-09-07 14:40:01,383 - INFO - Поточний статус флага: DONE
2025-09-07 14:40:01,384 - INFO - Статус флага: DONE, чекаємо...
2025-09-07 14:40:31,391 - INFO - Поточний статус флага: DONE
2025-09-07 14:40:31,392 - INFO - Статус флага: DONE, чекаємо...
2025-09-07 14:41:01,395 - INFO - Поточний статус флага: DONE
2025-09-07 14:41:01,396 - INFO - Статус флага: DONE, чекаємо...
2025-09-07 14:41:31,400 - INFO - Поточний статус флага: DONE
2025-09-07 14:41:31,401 - INFO - Статус флага: DONE, чекаємо...
2025-09-07 14:42:01,417 - INFO - Поточний статус флага: DONE
2025-09-07 14:42:01,418 - INFO - Статус флага: DONE, чекаємо...
2025-09-07 14:42:31,427 - INFO - Поточний статус флага: DONE
2025-09-07 14:42:31,428 - INFO - Статус флага: DONE, чекаємо...
2025-09-07 14:43:01,429 - INFO - Поточний статус флага: DONE
2025-09-07 14:43:01,430 - INFO - Статус флага: DONE, чекаємо...
2025-09-07 14:43:31,441 - INFO - Поточний статус флага: DONE
2025-09-07 14:43:31,442 - INFO - Статус флага: DONE, чекаємо...
2025-09-07 14:44:01,452 - INFO - Поточний статус флага: DONE
2025-09-07 14:44:01,452 - INFO - Статус флага: DONE, чекаємо...
2025-09-07 14:44:31,465 - INFO - Поточний статус флага: DONE
2025-09-07 14:44:31,466 - INFO - Статус флага: DONE, чекаємо...
2025-09-07 14:45:01,482 - INFO - Поточний статус флага: DONE
2025-09-07 14:45:01,483 - INFO - Статус флага: DONE, чекаємо...
2025-09-07 14:45:31,498 - INFO - Поточний статус флага: DONE
2025-09-07 14:45:31,499 - INFO - Статус флага: DONE, чекаємо...
2025-09-07 14:46:01,505 - INFO - Поточний статус флага: DONE
2025-09-07 14:46:01,505 - INFO - Статус флага: DONE, чекаємо...
2025-09-07 14:46:31,509 - INFO - Поточний статус флага: DONE
2025-09-07 14:46:31,510 - INFO - Статус флага: DONE, чекаємо...
2025-09-07 14:47:01,527 - INFO - Поточний статус флага: DONE
2025-09-07 14:47:01,528 - INFO - Статус флага: DONE, чекаємо...
2025-09-07 14:47:31,538 - INFO - Поточний статус флага: DONE
2025-09-07 14:47:31,539 - INFO - Статус флага: DONE, чекаємо...
2025-09-07 14:48:01,563 - INFO - Поточний статус флага: DONE
2025-09-07 14:48:01,564 - INFO - Статус флага: DONE, чекаємо...
2025-09-07 14:55:35,156 - INFO - Рабочая директория: D:\Code\marinabot1\mybot_1
2025-09-07 14:55:35,156 - INFO - Файл с Usernames: D:\Code\marinabot1\mybot_1\all_usernames.txt
2025-09-07 14:55:35,156 - INFO - Файл данных сообщения: D:\Code\marinabot1\mybot_1\message_data.json
2025-09-07 14:55:35,156 - INFO - Файл общей статистики: D:\Code\marinabot1\mybot_1\stats.txt
2025-09-07 14:55:35,157 - INFO - Файл дневной статистики: D:\Code\marinabot1\mybot_1\daily_stats.json
2025-09-07 14:55:35,157 - INFO - Файл-флаг: D:\Code\marinabot1\mybot_1\flag.txt
2025-09-07 14:55:35,157 - INFO - Файл чатов: D:\Code\marinabot1\mybot_1\chats.txt
2025-09-07 14:55:35,158 - INFO - Connecting to 149.154.167.51:443/TcpFull...
2025-09-07 14:55:36,327 - INFO - Connection to 149.154.167.51:443/TcpFull complete!
2025-09-07 16:13:36,253 - ERROR - Критична помилка в основному циклі: 
2025-09-08 18:24:52,754 - INFO - Рабочая директория: D:\Code\marinabot1\mybot_1
2025-09-08 18:24:52,755 - INFO - Файл с Usernames: D:\Code\marinabot1\mybot_1\all_usernames.txt
2025-09-08 18:24:52,755 - INFO - Файл данных сообщения: D:\Code\marinabot1\mybot_1\message_data.json
2025-09-08 18:24:52,755 - INFO - Файл общей статистики: D:\Code\marinabot1\mybot_1\stats.txt
2025-09-08 18:24:52,755 - INFO - Файл дневной статистики: D:\Code\marinabot1\mybot_1\daily_stats.json
2025-09-08 18:24:52,755 - INFO - Файл-флаг: D:\Code\marinabot1\mybot_1\flag.txt
2025-09-08 18:24:52,755 - INFO - Файл чатов: D:\Code\marinabot1\mybot_1\chats.txt
2025-09-08 18:24:52,756 - INFO - Connecting to 149.154.167.51:443/TcpFull...
2025-09-08 18:24:52,801 - INFO - Connection to 149.154.167.51:443/TcpFull complete!
2025-09-08 18:27:25,261 - INFO - Клієнт успішно підключено, запускаємо основні задачі...
2025-09-08 18:27:25,262 - INFO - Задача мониторинга файла-флага і рассилки запущена.
2025-09-08 18:27:25,262 - INFO - Поточний статус флага: DONE
2025-09-08 18:27:25,262 - INFO - Статус флага: DONE, чекаємо...
2025-09-08 18:27:55,272 - INFO - Поточний статус флага: DONE
2025-09-08 18:27:55,272 - INFO - Статус флага: DONE, чекаємо...
2025-09-08 18:28:25,289 - INFO - Поточний статус флага: DONE
2025-09-08 18:28:25,289 - INFO - Статус флага: DONE, чекаємо...
2025-09-08 18:28:55,293 - INFO - Поточний статус флага: DONE
2025-09-08 18:28:55,293 - INFO - Статус флага: DONE, чекаємо...
2025-09-08 18:29:25,291 - INFO - Поточний статус флага: DONE
2025-09-08 18:29:25,291 - INFO - Статус флага: DONE, чекаємо...
2025-09-08 18:29:55,301 - INFO - Поточний статус флага: DONE
2025-09-08 18:29:55,301 - INFO - Статус флага: DONE, чекаємо...
2025-09-08 18:30:25,311 - INFO - Поточний статус флага: DONE
2025-09-08 18:30:25,312 - INFO - Статус флага: DONE, чекаємо...
2025-09-08 18:30:55,327 - INFO - Поточний статус флага: DONE
2025-09-08 18:30:55,327 - INFO - Статус флага: DONE, чекаємо...
2025-09-08 18:31:25,323 - INFO - Поточний статус флага: DONE
2025-09-08 18:31:25,323 - INFO - Статус флага: DONE, чекаємо...
2025-09-08 18:31:55,333 - INFO - Поточний статус флага: DONE
2025-09-08 18:31:55,333 - INFO - Статус флага: DONE, чекаємо...
2025-09-08 18:32:25,336 - INFO - Поточний статус флага: DONE
2025-09-08 18:32:25,336 - INFO - Статус флага: DONE, чекаємо...
2025-09-08 18:32:55,346 - INFO - Поточний статус флага: DONE
2025-09-08 18:32:55,346 - INFO - Статус флага: DONE, чекаємо...
2025-09-08 18:33:25,361 - INFO - Поточний статус флага: DONE
2025-09-08 18:33:25,361 - INFO - Статус флага: DONE, чекаємо...
2025-09-08 18:33:55,362 - INFO - Поточний статус флага: DONE
2025-09-08 18:33:55,363 - INFO - Статус флага: DONE, чекаємо...
2025-09-08 18:34:25,372 - INFO - Поточний статус флага: DONE
2025-09-08 18:34:25,372 - INFO - Статус флага: DONE, чекаємо...
2025-09-08 18:34:55,381 - INFO - Поточний статус флага: DONE
2025-09-08 18:34:55,382 - INFO - Статус флага: DONE, чекаємо...
2025-09-08 18:35:25,394 - INFO - Поточний статус флага: DONE
2025-09-08 18:35:25,394 - INFO - Статус флага: DONE, чекаємо...
2025-09-08 18:35:55,403 - INFO - Поточний статус флага: DONE
2025-09-08 18:35:55,403 - INFO - Статус флага: DONE, чекаємо...
2025-09-08 18:36:25,404 - INFO - Поточний статус флага: DONE
2025-09-08 18:36:25,404 - INFO - Статус флага: DONE, чекаємо...
2025-09-08 18:36:55,411 - INFO - Поточний статус флага: DONE
2025-09-08 18:36:55,411 - INFO - Статус флага: DONE, чекаємо...
2025-09-08 18:37:25,423 - INFO - Поточний статус флага: DONE
2025-09-08 18:37:25,423 - INFO - Статус флага: DONE, чекаємо...
2025-09-08 18:37:55,438 - INFO - Поточний статус флага: DONE
2025-09-08 18:37:55,439 - INFO - Статус флага: DONE, чекаємо...
2025-09-08 18:38:25,463 - INFO - Поточний статус флага: DONE
2025-09-08 18:38:25,464 - INFO - Статус флага: DONE, чекаємо...
2025-09-08 18:38:55,474 - INFO - Поточний статус флага: DONE
2025-09-08 18:38:55,474 - INFO - Статус флага: DONE, чекаємо...
2025-09-08 18:39:25,482 - INFO - Поточний статус флага: DONE
2025-09-08 18:39:25,482 - INFO - Статус флага: DONE, чекаємо...
2025-09-08 18:39:55,485 - INFO - Поточний статус флага: DONE
2025-09-08 18:39:55,485 - INFO - Статус флага: DONE, чекаємо...
2025-09-08 18:40:25,502 - INFO - Поточний статус флага: DONE
2025-09-08 18:40:25,502 - INFO - Статус флага: DONE, чекаємо...
2025-09-08 18:40:55,505 - INFO - Поточний статус флага: DONE
2025-09-08 18:40:55,505 - INFO - Статус флага: DONE, чекаємо...
2025-09-08 18:41:25,508 - INFO - Поточний статус флага: DONE
2025-09-08 18:41:25,508 - INFO - Статус флага: DONE, чекаємо...
2025-09-08 18:41:55,511 - INFO - Поточний статус флага: DONE
2025-09-08 18:41:55,511 - INFO - Статус флага: DONE, чекаємо...
2025-09-08 18:42:25,480 - INFO - Got difference for account updates
2025-09-08 18:42:25,516 - INFO - Поточний статус флага: DONE
2025-09-08 18:42:25,516 - INFO - Статус флага: DONE, чекаємо...
2025-09-08 18:42:55,529 - INFO - Поточний статус флага: DONE
2025-09-08 18:42:55,529 - INFO - Статус флага: DONE, чекаємо...
2025-09-08 18:43:25,525 - INFO - Поточний статус флага: DONE
2025-09-08 18:43:25,525 - INFO - Статус флага: DONE, чекаємо...
2025-09-08 18:43:46,749 - INFO - Got difference for account updates
2025-09-08 18:43:55,546 - INFO - Поточний статус флага: DONE
2025-09-08 18:43:55,546 - INFO - Статус флага: DONE, чекаємо...
2025-09-08 18:44:25,540 - INFO - Поточний статус флага: DONE
2025-09-08 18:44:25,540 - INFO - Статус флага: DONE, чекаємо...
2025-09-08 18:44:25,718 - ERROR - Unhandled error while processing msgs
Traceback (most recent call last):
  File "C:\Users\Admin\AppData\Local\Programs\Python\Python312\Lib\site-packages\telethon\network\mtprotosender.py", line 556, in _recv_loop
    await self._process_message(message)
  File "C:\Users\Admin\AppData\Local\Programs\Python\Python312\Lib\site-packages\telethon\network\mtprotosender.py", line 571, in _process_message
    await handler(message)
  File "C:\Users\Admin\AppData\Local\Programs\Python\Python312\Lib\site-packages\telethon\network\mtprotosender.py", line 669, in _handle_gzip_packed
    message.obj = reader.tgread_object()
                  ^^^^^^^^^^^^^^^^^^^^^^
  File "C:\Users\Admin\AppData\Local\Programs\Python\Python312\Lib\site-packages\telethon\extensions\binaryreader.py", line 142, in tgread_object
    return clazz.from_reader(self)
           ^^^^^^^^^^^^^^^^^^^^^^^
  File "C:\Users\Admin\AppData\Local\Programs\Python\Python312\Lib\site-packages\telethon\tl\types\__init__.py", line 42995, in from_reader
    _x = reader.tgread_object()
         ^^^^^^^^^^^^^^^^^^^^^^
  File "C:\Users\Admin\AppData\Local\Programs\Python\Python312\Lib\site-packages\telethon\extensions\binaryreader.py", line 142, in tgread_object
    return clazz.from_reader(self)
           ^^^^^^^^^^^^^^^^^^^^^^^
  File "C:\Users\Admin\AppData\Local\Programs\Python\Python312\Lib\site-packages\telethon\tl\types\__init__.py", line 40615, in from_reader
    _message = reader.tgread_object()
               ^^^^^^^^^^^^^^^^^^^^^^
  File "C:\Users\Admin\AppData\Local\Programs\Python\Python312\Lib\site-packages\telethon\extensions\binaryreader.py", line 140, in tgread_object
    raise error
telethon.errors.common.TypeNotFoundError: Could not find a matching Constructor ID for the TLObject that was supposed to be read with ID 9815cec8. See the FAQ for more details. Remaining bytes: b'\xc8\xce\x15\x98\x82\x01\x00\x00\x00\x00\x00\x00\x07\x00\x00\x00"\x17QY\x8f\x8c\xc1\xd9\x01\x00\x00\x00"\x17QYs\xdb\xfa\xe4\x01\x00\x00\x00\xd7\xf9\xbeh\x06/start\x00\x15\xc4\xb5\x1c\x01\x00\x00\x00\xc7\x8a\xefl\x00\x00\x00\x00\x06\x00\x00\x00\x0c\x00\x00\x00\x01\x00\x00\x00\xbf!//"\x17QYs\xdb\xfa\xe4\x01\x00\x00\x00\x07\x00\x00\x00\r\x00\x00\x00\x01\x00\x00\x00\x15\xc4\xb5\x1c\x02\x00\x00\x00"\x14\x0b\x02W\x04\x00\x02\x10\x00\x00\x00\x8f\x8c\xc1\xd9\x01\x00\x00\x00\xdd\x81\t3\xdc]\xb3\x11\x04Life\x00\x00\x00\n0505186491\x00\x0c380505186491\x00\x00\x00I9\xb9\xed\xfb\xfa\xbeh"\x14\x0b\x02\x0b@\x00\x02\x10\x00\x00\x00s\xdb\xfa\xe4\x01\x00\x00\x00\xcb\x85V\x98mg"o\x08Send bot\x00\x00\x00\x0eLavSending_bot\x00\x01\x00\x00\x00\x15\xc4\xb5\x1c\x00\x00\x00\x00\xd6\xf9\xbeh\x00\x00\x00\x00'
2025-09-08 18:44:35,166 - ERROR - Unhandled error while processing msgs
Traceback (most recent call last):
  File "C:\Users\Admin\AppData\Local\Programs\Python\Python312\Lib\site-packages\telethon\network\mtprotosender.py", line 556, in _recv_loop
    await self._process_message(message)
  File "C:\Users\Admin\AppData\Local\Programs\Python\Python312\Lib\site-packages\telethon\network\mtprotosender.py", line 571, in _process_message
    await handler(message)
  File "C:\Users\Admin\AppData\Local\Programs\Python\Python312\Lib\site-packages\telethon\network\mtprotosender.py", line 669, in _handle_gzip_packed
    message.obj = reader.tgread_object()
                  ^^^^^^^^^^^^^^^^^^^^^^
  File "C:\Users\Admin\AppData\Local\Programs\Python\Python312\Lib\site-packages\telethon\extensions\binaryreader.py", line 142, in tgread_object
    return clazz.from_reader(self)
           ^^^^^^^^^^^^^^^^^^^^^^^
  File "C:\Users\Admin\AppData\Local\Programs\Python\Python312\Lib\site-packages\telethon\tl\types\__init__.py", line 42995, in from_reader
    _x = reader.tgread_object()
         ^^^^^^^^^^^^^^^^^^^^^^
  File "C:\Users\Admin\AppData\Local\Programs\Python\Python312\Lib\site-packages\telethon\extensions\binaryreader.py", line 142, in tgread_object
    return clazz.from_reader(self)
           ^^^^^^^^^^^^^^^^^^^^^^^
  File "C:\Users\Admin\AppData\Local\Programs\Python\Python312\Lib\site-packages\telethon\tl\types\__init__.py", line 40615, in from_reader
    _message = reader.tgread_object()
               ^^^^^^^^^^^^^^^^^^^^^^
  File "C:\Users\Admin\AppData\Local\Programs\Python\Python312\Lib\site-packages\telethon\extensions\binaryreader.py", line 140, in tgread_object
    raise error
telethon.errors.common.TypeNotFoundError: Could not find a matching Constructor ID for the TLObject that was supposed to be read with ID 9815cec8. See the FAQ for more details. Remaining bytes: b'\xc8\xce\x15\x98\xc0\x00\x00\x00\x00\x00\x00\x00\x08\x00\x00\x00"\x17QYs\xdb\xfa\xe4\x01\x00\x00\x00\xe0\xf9\xbeh!\xd0\x9f\xd0\xb0\xd0\xbd\xd0\xb5\xd0\xbb\xd1\x8c \xd1\x83\xd0\xbf\xd1\x80\xd0\xb0\xd0\xb2\xd0\xbb\xd1\x96\xd0\xbd\xd0\xbd\xd1\x8f\x00\x00T\x02\xa3H\x15\xc4\xb5\x1c\x05\x00\x00\x00\x83\x8b`w\x15\xc4\xb5\x1c\x01\x00\x00\x00k\xdb\xbb5\x00\x00\x00\x00\x1a\xf0\x9f\x93\x8b \xd0\x94\xd0\xbe\xd0\xb4\xd0\xb0\xd1\x82\xd0\xb8 \xd1\x87\xd0\xb0\xd1\x82\xd0\xb8\x00\tadd_chats\x00\x00\x83\x8b`w\x15\xc4\xb5\x1c\x01\x00\x00\x00k\xdb\xbb5\x00\x00\x00\x00$\xe2\x96\xb6\xef\xb8\x8f \xd0\x9f\xd0\xbe\xd1\x87\xd0\xb0\xd1\x82\xd0\xb8 \xd1\x80\xd0\xbe\xd0\xb7\xd1\x81\xd0\xb8\xd0\xbb\xd0\xba\xd1\x83\x00\x00\x00\nstart_send\x00\x83\x8b`w\x15\xc4\xb5\x1c\x01\x00\x00\x00k\xdb\xbb5\x00\x00\x00\x00(\xe2\x8f\xb9\xef\xb8\x8f \xd0\x97\xd1\x83\xd0\xbf\xd0\xb8\xd0\xbd\xd0\xb8\xd1\x82\xd0\xb8 \xd1\x80\xd0\xbe\xd0\xb7\xd1\x81\xd0\xb8\xd0\xbb\xd0\xba\xd1\x83\x00\x00\x00\tstop_send\x00\x00\x83\x8b`w\x15\xc4\xb5\x1c\x01\x00\x00\x00k\xdb\xbb5\x00\x00\x00\x004\xf0\x9f\x93\x9d \xd0\x9d\xd0\xb0\xd0\xbb\xd0\xb0\xd1\x88\xd1\x82\xd1\x83\xd0\xb2\xd0\xb0\xd1\x82\xd0\xb8 \xd0\xbf\xd0\xbe\xd0\xb2\xd1\x96\xd0\xb4\xd0\xbe\xd0\xbc\xd0\xbb\xd0\xb5\xd0\xbd\xd0\xbd\xd1\x8f\x00\x00\x00\x0bset_message\x83\x8b`w\x15\xc4\xb5\x1c\x01\x00\x00\x00k\xdb\xbb5\x00\x00\x00\x00\x19\xf0\x9f\x93\x8a \xd0\xa1\xd1\x82\xd0\xb0\xd1\x82\xd0\xb8\xd1\x81\xd1\x82\xd0\xb8\xd0\xba\xd0\xb0\x00\x00\x04stat\x00\x00\x00\x15\xc4\xb5\x1c\x01\x00\x00\x00\xc9\x0ba\xbd\x00\x00\x00\x00\x11\x00\x00\x00\x0e\x00\x00\x00\x01\x00\x00\x00\x15\xc4\xb5\x1c\x02\x00\x00\x00"\x14\x0b\x02\x0b@\x00\x02\x10\x00\x00\x00s\xdb\xfa\xe4\x01\x00\x00\x00\xcb\x85V\x98mg"o\x08Send bot\x00\x00\x00\x0eLavSending_bot\x00\x01\x00\x00\x00"\x14\x0b\x02W\x04\x00\x02\x10\x00\x00\x00\x8f\x8c\xc1\xd9\x01\x00\x00\x00\xdd\x81\t3\xdc]\xb3\x11\x04Life\x00\x00\x00\n0505186491\x00\x0c380505186491\x00\x00\x00I9\xb9\xed\xfb\xfa\xbeh\x15\xc4\xb5\x1c\x00\x00\x00\x00\xdf\xf9\xbeh\x00\x00\x00\x00'
2025-09-08 18:44:38,226 - WARNING - Cannot get difference since the account is likely misusing the session: Could not find a matching Constructor ID for the TLObject that was supposed to be read with ID 9815cec8. See the FAQ for more details. Remaining bytes: b'\xc8\xce\x15\x98\x82\x01\x00\x00\x00\x00\x00\x00\x07\x00\x00\x00"\x17QY\x8f\x8c\xc1\xd9\x01\x00\x00\x00"\x17QYs\xdb\xfa\xe4\x01\x00\x00\x00\xd7\xf9\xbeh\x06/start\x00\x15\xc4\xb5\x1c\x01\x00\x00\x00\xc7\x8a\xefl\x00\x00\x00\x00\x06\x00\x00\x00\xc8\xce\x15\x98\xc0\x00\x00\x00\x00\x00\x00\x00\x08\x00\x00\x00"\x17QYs\xdb\xfa\xe4\x01\x00\x00\x00\xe0\xf9\xbeh!\xd0\x9f\xd0\xb0\xd0\xbd\xd0\xb5\xd0\xbb\xd1\x8c \xd1\x83\xd0\xbf\xd1\x80\xd0\xb0\xd0\xb2\xd0\xbb\xd1\x96\xd0\xbd\xd0\xbd\xd1\x8f\x00\x00T\x02\xa3H\x15\xc4\xb5\x1c\x05\x00\x00\x00\x83\x8b`w\x15\xc4\xb5\x1c\x01\x00\x00\x00k\xdb\xbb5\x00\x00\x00\x00\x1a\xf0\x9f\x93\x8b \xd0\x94\xd0\xbe\xd0\xb4\xd0\xb0\xd1\x82\xd0\xb8 \xd1\x87\xd0\xb0\xd1\x82\xd0\xb8\x00\tadd_chats\x00\x00\x83\x8b`w\x15\xc4\xb5\x1c\x01\x00\x00\x00k\xdb\xbb5\x00\x00\x00\x00$\xe2\x96\xb6\xef\xb8\x8f \xd0\x9f\xd0\xbe\xd1\x87\xd0\xb0\xd1\x82\xd0\xb8 \xd1\x80\xd0\xbe\xd0\xb7\xd1\x81\xd0\xb8\xd0\xbb\xd0\xba\xd1\x83\x00\x00\x00\nstart_send\x00\x83\x8b`w\x15\xc4\xb5\x1c\x01\x00\x00\x00k\xdb\xbb5\x00\x00\x00\x00(\xe2\x8f\xb9\xef\xb8\x8f \xd0\x97\xd1\x83\xd0\xbf\xd0\xb8\xd0\xbd\xd0\xb8\xd1\x82\xd0\xb8 \xd1\x80\xd0\xbe\xd0\xb7\xd1\x81\xd0\xb8\xd0\xbb\xd0\xba\xd1\x83\x00\x00\x00\tstop_send\x00\x00\x83\x8b`w\x15\xc4\xb5\x1c\x01\x00\x00\x00k\xdb\xbb5\x00\x00\x00\x004\xf0\x9f\x93\x9d \xd0\x9d\xd0\xb0\xd0\xbb\xd0\xb0\xd1\x88\xd1\x82\xd1\x83\xd0\xb2\xd0\xb0\xd1\x82\xd0\xb8 \xd0\xbf\xd0\xbe\xd0\xb2\xd1\x96\xd0\xb4\xd0\xbe\xd0\xbc\xd0\xbb\xd0\xb5\xd0\xbd\xd0\xbd\xd1\x8f\x00\x00\x00\x0bset_message\x83\x8b`w\x15\xc4\xb5\x1c\x01\x00\x00\x00k\xdb\xbb5\x00\x00\x00\x00\x19\xf0\x9f\x93\x8a \xd0\xa1\xd1\x82\xd0\xb0\xd1\x82\xd0\xb8\xd1\x81\xd1\x82\xd0\xb8\xd0\xba\xd0\xb0\x00\x00\x04stat\x00\x00\x00\x15\xc4\xb5\x1c\x01\x00\x00\x00\xc9\x0ba\xbd\x00\x00\x00\x00\x11\x00\x00\x00\x15\xc4\xb5\x1c\x00\x00\x00\x00\x15\xc4\xb5\x1c\x04\x00\x00\x00\x19h\xe4\xeb\x02\x00\x00\x00\xb0\xf9\xbeh"auth6568595862063359264_1757346224\x00\xfe\xd0\x01\x00New login. Dear Life, we detected a login into your account from a new device on 08/09/2025 at 15:43:44 UTC.\n\nDevice: Telegram iOS, 12.0 (31336) , iPhone 13 Pro Max, iOS, 17.5.1\nLocation: Dnipro, Ukraine\n\nIf this wasn\'t you, you can terminate that session in Settings > Devices (or Privacy & Security > Active Sessions).\n\nIf you think that somebody logged in to your account against your will, you can enable Two-Step Verification in Privacy and Security settings. c\xed=\x15\xc4\xb5\x1c\x04\x00\x00\x00\xc9\x0ba\xbd\x00\x00\x00\x00\n\x00\x00\x00\xc9\x0ba\xbd\x03\x01\x00\x00\x12\x00\x00\x00\xc9\x0ba\xbd\x1a\x01\x00\x00$\x00\x00\x00\xc9\x0ba\xbd\x99\x01\x00\x00\x15\x00\x00\x00\xd6\xbf\x90N\x07\x00\x00\x00a-\xf2\x90\xb2w\xa6\xc1\xdfO\x97\x9c\x00\x00\x00\x00"\x17QYs\xdb\xfa\xe4\x01\x00\x00\x00\x08\x00\x00\x00\x00\x00\x00\x00\x0f\x00\x00\x00\x00\x00\x00\x00\xbf!//"\x17QYs\xdb\xfa\xe4\x01\x00\x00\x00\x07\x00\x00\x00\x0f\x00\x00\x00\x00\x00\x00\x00\x15\xc4\xb5\x1c\x00\x00\x00\x00\x15\xc4\xb5\x1c\x02\x00\x00\x00"\x14\x0b\x02W\x04\x00\x02\x10\x00\x00\x00\x8f\x8c\xc1\xd9\x01\x00\x00\x00\xdd\x81\t3\xdc]\xb3\x11\x04Life\x00\x00\x00\n0505186491\x00\x0c380505186491\x00\x00\x00I9\xb9\xed\xfb\xfa\xbeh"\x14\x0b\x02\x0b@\x00\x02\x10\x00\x00\x00s\xdb\xfa\xe4\x01\x00\x00\x00\xcb\x85V\x98mg"o\x08Send bot\x00\x00\x00\x0eLavSending_bot\x00\x01\x00\x00\x00>*l\xa5\x0f\x00\x00\x00\x00\x00\x00\x00\xe4\xf9\xbeh\x04\x00\x00\x00\x00\x00\x00\x00'
2025-09-08 18:44:38,227 - INFO - Disconnecting from 149.154.167.51:443/TcpFull...
2025-09-08 18:44:38,227 - INFO - Disconnection from 149.154.167.51:443/TcpFull complete!
2025-09-08 18:44:55,550 - INFO - Поточний статус флага: DONE
2025-09-08 18:44:55,550 - INFO - Статус флага: DONE, чекаємо...
2025-09-08 18:45:25,553 - INFO - Поточний статус флага: DONE
2025-09-08 18:45:25,553 - INFO - Статус флага: DONE, чекаємо...
2025-09-08 18:45:55,555 - INFO - Поточний статус флага: DONE
2025-09-08 18:45:55,555 - INFO - Статус флага: DONE, чекаємо...
2025-09-08 18:46:25,568 - INFO - Поточний статус флага: DONE
2025-09-08 18:46:25,568 - INFO - Статус флага: DONE, чекаємо...
2025-09-08 18:46:55,582 - INFO - Поточний статус флага: DONE
2025-09-08 18:46:55,582 - INFO - Статус флага: DONE, чекаємо...
2025-09-08 18:47:25,597 - INFO - Поточний статус флага: DONE
2025-09-08 18:47:25,597 - INFO - Статус флага: DONE, чекаємо...
2025-09-08 18:47:55,608 - INFO - Поточний статус флага: DONE
2025-09-08 18:47:55,608 - INFO - Статус флага: DONE, чекаємо...
2025-09-08 18:48:25,612 - INFO - Поточний статус флага: DONE
2025-09-08 18:48:25,612 - INFO - Статус флага: DONE, чекаємо...
2025-09-08 18:48:55,624 - INFO - Поточний статус флага: DONE
2025-09-08 18:48:55,624 - INFO - Статус флага: DONE, чекаємо...
2025-09-08 18:49:25,638 - INFO - Поточний статус флага: DONE
2025-09-08 18:49:25,639 - INFO - Статус флага: DONE, чекаємо...
2025-09-08 18:49:55,648 - INFO - Поточний статус флага: DONE
2025-09-08 18:49:55,648 - INFO - Статус флага: DONE, чекаємо...
2025-09-08 18:50:25,651 - INFO - Поточний статус флага: DONE
2025-09-08 18:50:25,651 - INFO - Статус флага: DONE, чекаємо...
2025-09-08 18:50:55,662 - INFO - Поточний статус флага: DONE
2025-09-08 18:50:55,663 - INFO - Статус флага: DONE, чекаємо...
2025-09-08 18:51:25,675 - INFO - Поточний статус флага: DONE
2025-09-08 18:51:25,675 - INFO - Статус флага: DONE, чекаємо...
2025-09-08 18:51:55,675 - INFO - Поточний статус флага: DONE
2025-09-08 18:51:55,675 - INFO - Статус флага: DONE, чекаємо...
2025-09-08 18:52:25,686 - INFO - Поточний статус флага: DONE
2025-09-08 18:52:25,686 - INFO - Статус флага: DONE, чекаємо...
2025-09-08 18:52:55,691 - INFO - Поточний статус флага: DONE
2025-09-08 18:52:55,691 - INFO - Статус флага: DONE, чекаємо...
2025-09-08 18:53:25,695 - INFO - Поточний статус флага: DONE
2025-09-08 18:53:25,695 - INFO - Статус флага: DONE, чекаємо...
2025-09-08 18:53:55,706 - INFO - Поточний статус флага: DONE
2025-09-08 18:53:55,706 - INFO - Статус флага: DONE, чекаємо...
2025-09-08 19:42:51,935 - INFO - Рабочая директория: D:\Code\marinabot1\mybot_1
2025-09-08 19:42:51,936 - INFO - Файл с Usernames: D:\Code\marinabot1\mybot_1\all_usernames.txt
2025-09-08 19:42:51,936 - INFO - Файл данных сообщения: D:\Code\marinabot1\mybot_1\message_data.json
2025-09-08 19:42:51,936 - INFO - Файл общей статистики: D:\Code\marinabot1\mybot_1\stats.txt
2025-09-08 19:42:51,936 - INFO - Файл дневной статистики: D:\Code\marinabot1\mybot_1\daily_stats.json
2025-09-08 19:42:51,936 - INFO - Файл-флаг: D:\Code\marinabot1\mybot_1\flag.txt
2025-09-08 19:42:51,936 - INFO - Файл чатов: D:\Code\marinabot1\mybot_1\chats.txt
2025-09-08 19:42:51,937 - INFO - Connecting to 149.154.167.51:443/TcpFull...
2025-09-08 19:42:51,973 - INFO - Connection to 149.154.167.51:443/TcpFull complete!
2025-09-08 19:42:52,661 - INFO - Клієнт успішно підключено, запускаємо основні задачі...
2025-09-08 19:42:52,662 - INFO - Основні задачі запущено, чекаємо повідомлень...
2025-09-08 19:42:52,662 - INFO - Задача мониторинга файла-флага і рассилки запущена.
2025-09-08 19:43:12,695 - INFO - Розпочинаємо нову сесію розсилки
2025-09-08 19:43:12,696 - INFO - Статус рассылки изменен на RUNNING
2025-09-08 19:43:12,696 - INFO - Статус розсилки оновлено на RUNNING
2025-09-08 19:43:12,696 - ERROR - Невідомий тип цільової розсилки: None
2025-09-08 19:43:12,791 - ERROR - Помилка під час розсилки: Could not find the input entity for PeerUser(user_id=8136612723) (PeerUser). Please read https://docs.telethon.dev/en/stable/concepts/entities.html to find out more details.
2025-09-08 19:43:12,893 - INFO - Статус рассылки изменен на DONE
2025-09-08 19:43:12,894 - INFO - Сесія розсилки завершена
2025-09-08 19:43:12,894 - ERROR - Помилка в задачі моніторингу: Could not find the input entity for PeerUser(user_id=8136612723) (PeerUser). Please read https://docs.telethon.dev/en/stable/concepts/entities.html to find out more details.
2025-09-08 19:45:43,005 - INFO - Розпочинаємо нову сесію розсилки
2025-09-08 19:45:43,005 - INFO - Статус рассылки изменен на RUNNING
2025-09-08 19:45:43,006 - INFO - Статус розсилки оновлено на RUNNING
2025-09-08 19:45:43,006 - ERROR - Невідомий тип цільової розсилки: None
2025-09-08 19:45:43,133 - ERROR - Помилка під час розсилки: Could not find the input entity for PeerUser(user_id=8136612723) (PeerUser). Please read https://docs.telethon.dev/en/stable/concepts/entities.html to find out more details.
2025-09-08 19:45:43,247 - INFO - Статус рассылки изменен на DONE
2025-09-08 19:45:43,247 - INFO - Сесія розсилки завершена
2025-09-08 19:45:43,247 - ERROR - Помилка в задачі моніторингу: Could not find the input entity for PeerUser(user_id=8136612723) (PeerUser). Please read https://docs.telethon.dev/en/stable/concepts/entities.html to find out more details.
2025-09-08 19:46:58,345 - INFO - Рабочая директория: D:\Code\marinabot1\mybot_1
2025-09-08 19:46:58,345 - INFO - Файл с Usernames: D:\Code\marinabot1\mybot_1\all_usernames.txt
2025-09-08 19:46:58,345 - INFO - Файл данных сообщения: D:\Code\marinabot1\mybot_1\message_data.json
2025-09-08 19:46:58,345 - INFO - Файл общей статистики: D:\Code\marinabot1\mybot_1\stats.txt
2025-09-08 19:46:58,345 - INFO - Файл дневной статистики: D:\Code\marinabot1\mybot_1\daily_stats.json
2025-09-08 19:46:58,345 - INFO - Файл-флаг: D:\Code\marinabot1\mybot_1\flag.txt
2025-09-08 19:46:58,345 - INFO - Файл чатов: D:\Code\marinabot1\mybot_1\chats.txt
2025-09-08 19:46:58,346 - INFO - Connecting to 149.154.167.51:443/TcpFull...
2025-09-08 19:46:58,383 - INFO - Connection to 149.154.167.51:443/TcpFull complete!
2025-09-08 19:46:58,659 - INFO - Клієнт успішно підключено, запускаємо основні задачі...
2025-09-08 19:46:58,660 - INFO - Основні задачі запущено, чекаємо повідомлень...
2025-09-08 19:46:58,660 - INFO - Задача мониторинга файла-флага і рассилки запущена.
2025-09-08 19:47:13,920 - INFO - Disconnecting from 149.154.167.51:443/TcpFull...
2025-09-08 19:47:13,921 - INFO - Disconnection from 149.154.167.51:443/TcpFull complete!
2025-09-08 19:47:13,923 - INFO - Not disconnecting (already have no connection)
2025-09-08 19:47:15,450 - INFO - Рабочая директория: D:\Code\marinabot1\mybot_1
2025-09-08 19:47:15,450 - INFO - Файл с Usernames: D:\Code\marinabot1\mybot_1\all_usernames.txt
2025-09-08 19:47:15,451 - INFO - Файл данных сообщения: D:\Code\marinabot1\mybot_1\message_data.json
2025-09-08 19:47:15,451 - INFO - Файл общей статистики: D:\Code\marinabot1\mybot_1\stats.txt
2025-09-08 19:47:15,451 - INFO - Файл дневной статистики: D:\Code\marinabot1\mybot_1\daily_stats.json
2025-09-08 19:47:15,451 - INFO - Файл-флаг: D:\Code\marinabot1\mybot_1\flag.txt
2025-09-08 19:47:15,451 - INFO - Файл чатов: D:\Code\marinabot1\mybot_1\chats.txt
2025-09-08 19:47:15,452 - INFO - Connecting to 149.154.167.51:443/TcpFull...
2025-09-08 19:47:15,491 - INFO - Connection to 149.154.167.51:443/TcpFull complete!
2025-09-08 19:47:15,907 - INFO - Клієнт успішно підключено, запускаємо основні задачі...
2025-09-08 19:47:15,907 - INFO - Основні задачі запущено, чекаємо повідомлень...
2025-09-08 19:47:15,908 - INFO - Задача мониторинга файла-флага і рассилки запущена.
2025-09-08 19:49:26,021 - INFO - Розпочинаємо нову сесію розсилки
2025-09-08 19:49:26,022 - INFO - Статус рассылки изменен на RUNNING
2025-09-08 19:49:26,022 - INFO - Статус розсилки оновлено на RUNNING
2025-09-08 19:49:26,022 - WARNING - target_type не встановлено, пропускаємо розсилку
2025-09-08 19:49:26,023 - INFO - Статус рассылки изменен на IDLE
2025-09-08 19:49:36,023 - INFO - Статус рассылки изменен на DONE
2025-09-08 19:49:36,023 - INFO - Сесія розсилки завершена
2025-09-08 19:51:09,629 - INFO - Рабочая директория: D:\Code\marinabot1\mybot_1
2025-09-08 19:51:09,629 - INFO - Файл с Usernames: D:\Code\marinabot1\mybot_1\all_usernames.txt
2025-09-08 19:51:09,630 - INFO - Файл данных сообщения: D:\Code\marinabot1\mybot_1\message_data.json
2025-09-08 19:51:09,630 - INFO - Файл общей статистики: D:\Code\marinabot1\mybot_1\stats.txt
2025-09-08 19:51:09,630 - INFO - Файл дневной статистики: D:\Code\marinabot1\mybot_1\daily_stats.json
2025-09-08 19:51:09,630 - INFO - Файл-флаг: D:\Code\marinabot1\mybot_1\flag.txt
2025-09-08 19:51:09,630 - INFO - Файл чатов: D:\Code\marinabot1\mybot_1\chats.txt
2025-09-08 19:51:09,631 - INFO - Connecting to 149.154.167.51:443/TcpFull...
2025-09-08 19:51:09,666 - INFO - Connection to 149.154.167.51:443/TcpFull complete!
2025-09-08 19:51:09,934 - INFO - Клієнт успішно підключено, запускаємо основні задачі...
2025-09-08 19:51:09,935 - INFO - Основні задачі запущено, чекаємо повідомлень...
2025-09-08 19:51:09,935 - INFO - Задача мониторинга файла-флага і рассилки запущена.
2025-09-08 19:51:29,941 - INFO - Розпочинаємо нову сесію розсилки
2025-09-08 19:51:29,942 - INFO - Статус рассылки изменен на RUNNING
2025-09-08 19:51:29,942 - INFO - Статус розсилки оновлено на RUNNING
2025-09-08 19:51:29,942 - WARNING - target_type не встановлено, чекаємо... (спроба 1)
2025-09-08 19:51:39,946 - WARNING - target_type не встановлено, чекаємо... (спроба 2)
2025-09-08 19:51:49,948 - WARNING - target_type не встановлено, чекаємо... (спроба 3)
2025-09-08 19:51:59,963 - WARNING - target_type не встановлено, чекаємо... (спроба 4)
2025-09-08 19:52:09,966 - WARNING - target_type не встановлено, чекаємо... (спроба 5)
2025-09-08 19:52:19,968 - ERROR - target_type все ще не встановлено після очікування, пропускаємо розсилку
2025-09-08 19:52:19,968 - INFO - Статус рассылки изменен на IDLE
2025-09-08 19:52:29,975 - INFO - Статус рассылки изменен на DONE
2025-09-08 19:52:29,975 - INFO - Сесія розсилки завершена
2025-09-08 19:54:02,944 - INFO - Disconnecting from 149.154.167.51:443/TcpFull...
2025-09-08 19:54:02,944 - INFO - Disconnection from 149.154.167.51:443/TcpFull complete!
2025-09-08 19:54:02,947 - INFO - Not disconnecting (already have no connection)
2025-09-08 19:54:04,364 - INFO - Рабочая директория: D:\Code\marinabot1\mybot_1
2025-09-08 19:54:04,364 - INFO - Файл с Usernames: D:\Code\marinabot1\mybot_1\all_usernames.txt
2025-09-08 19:54:04,364 - INFO - Файл данных сообщения: D:\Code\marinabot1\mybot_1\message_data.json
2025-09-08 19:54:04,364 - INFO - Файл общей статистики: D:\Code\marinabot1\mybot_1\stats.txt
2025-09-08 19:54:04,365 - INFO - Файл дневной статистики: D:\Code\marinabot1\mybot_1\daily_stats.json
2025-09-08 19:54:04,365 - INFO - Файл-флаг: D:\Code\marinabot1\mybot_1\flag.txt
2025-09-08 19:54:04,365 - INFO - Файл чатов: D:\Code\marinabot1\mybot_1\chats.txt
2025-09-08 19:54:04,365 - INFO - Connecting to 149.154.167.51:443/TcpFull...
2025-09-08 19:54:04,403 - INFO - Connection to 149.154.167.51:443/TcpFull complete!
2025-09-08 19:54:04,705 - INFO - Клієнт успішно підключено, запускаємо основні задачі...
2025-09-08 19:54:04,705 - INFO - Основні задачі запущено, чекаємо повідомлень...
2025-09-08 19:54:04,705 - INFO - Задача мониторинга файла-флага і рассилки запущена.
2025-09-08 19:54:34,754 - INFO - Розпочинаємо нову сесію розсилки
2025-09-08 19:54:34,755 - INFO - Статус рассылки изменен на RUNNING
2025-09-08 19:54:34,755 - INFO - Статус розсилки оновлено на RUNNING
2025-09-08 19:54:34,755 - ERROR - Файл D:\Code\marinabot1\mybot_1\all_usernames.txt пустой
2025-09-08 19:54:34,811 - ERROR - Не удалось отправить сообщение боту: Could not find the input entity for PeerUser(user_id=8136612723) (PeerUser). Please read https://docs.telethon.dev/en/stable/concepts/entities.html to find out more details.
2025-09-08 19:54:34,812 - INFO - Общая статистика обновлена: 0 новых сообщений (всего: 0).
2025-09-08 19:54:34,813 - INFO - Дата в D:\Code\marinabot1\mybot_1\daily_stats.json (2025-06-29) не совпадает с сегодняшней (2025-09-08) или не является словарем. Сбрасываю дневной счетчик.
2025-09-08 19:54:34,813 - INFO - Дневная статистика обновлена: 0 новых, всего сегодня: 0
2025-09-08 19:54:34,813 - INFO - Розсилка завершена, оновлюємо статистику
2025-09-08 19:54:34,922 - ERROR - Не удалось отправить сообщение боту: Could not find the input entity for PeerUser(user_id=8136612723) (PeerUser). Please read https://docs.telethon.dev/en/stable/concepts/entities.html to find out more details.
2025-09-08 19:54:34,922 - INFO - Статус рассылки изменен на DONE
2025-09-08 19:54:34,923 - INFO - Сесія розсилки завершена
2025-09-08 19:56:35,043 - INFO - Розпочинаємо нову сесію розсилки
2025-09-08 19:56:35,044 - INFO - Статус рассылки изменен на RUNNING
2025-09-08 19:56:35,044 - INFO - Статус розсилки оновлено на RUNNING
2025-09-08 19:56:35,044 - ERROR - Файл D:\Code\marinabot1\mybot_1\all_usernames.txt пустой
2025-09-08 19:56:35,088 - ERROR - Не удалось отправить сообщение боту: Could not find the input entity for PeerUser(user_id=8136612723) (PeerUser). Please read https://docs.telethon.dev/en/stable/concepts/entities.html to find out more details.
2025-09-08 19:56:35,089 - INFO - Общая статистика обновлена: 0 новых сообщений (всего: 0).
2025-09-08 19:56:35,096 - INFO - Дневная статистика обновлена: 0 новых, всего сегодня: 0
2025-09-08 19:56:35,096 - INFO - Розсилка завершена, оновлюємо статистику
2025-09-08 19:56:35,141 - ERROR - Не удалось отправить сообщение боту: Could not find the input entity for PeerUser(user_id=8136612723) (PeerUser). Please read https://docs.telethon.dev/en/stable/concepts/entities.html to find out more details.
2025-09-08 19:56:35,142 - INFO - Статус рассылки изменен на DONE
2025-09-08 19:56:35,142 - INFO - Сесія розсилки завершена
2025-09-08 19:58:45,226 - INFO - Розпочинаємо нову сесію розсилки
2025-09-08 19:58:45,227 - INFO - Статус рассылки изменен на RUNNING
2025-09-08 19:58:45,227 - INFO - Статус розсилки оновлено на RUNNING
2025-09-08 19:58:45,227 - ERROR - Файл D:\Code\marinabot1\mybot_1\all_usernames.txt пустой
2025-09-08 19:58:45,273 - ERROR - Не удалось отправить сообщение боту: Could not find the input entity for PeerUser(user_id=8136612723) (PeerUser). Please read https://docs.telethon.dev/en/stable/concepts/entities.html to find out more details.
2025-09-08 19:58:45,274 - INFO - Общая статистика обновлена: 0 новых сообщений (всего: 0).
2025-09-08 19:58:45,275 - INFO - Дневная статистика обновлена: 0 новых, всего сегодня: 0
2025-09-08 19:58:45,275 - INFO - Розсилка завершена, оновлюємо статистику
2025-09-08 19:58:45,326 - ERROR - Не удалось отправить сообщение боту: Could not find the input entity for PeerUser(user_id=8136612723) (PeerUser). Please read https://docs.telethon.dev/en/stable/concepts/entities.html to find out more details.
2025-09-08 19:58:45,327 - INFO - Статус рассылки изменен на DONE
2025-09-08 19:58:45,327 - INFO - Сесія розсилки завершена
2025-09-08 20:00:42,905 - INFO - Рабочая директория: D:\Code\marinabot1\mybot_1
2025-09-08 20:00:42,905 - INFO - Файл с Usernames: D:\Code\marinabot1\mybot_1\all_usernames.txt
2025-09-08 20:00:42,906 - INFO - Файл данных сообщения: D:\Code\marinabot1\mybot_1\message_data.json
2025-09-08 20:00:42,906 - INFO - Файл общей статистики: D:\Code\marinabot1\mybot_1\stats.txt
2025-09-08 20:00:42,906 - INFO - Файл дневной статистики: D:\Code\marinabot1\mybot_1\daily_stats.json
2025-09-08 20:00:42,906 - INFO - Файл-флаг: D:\Code\marinabot1\mybot_1\flag.txt
2025-09-08 20:00:42,906 - INFO - Файл чатов: D:\Code\marinabot1\mybot_1\chats.txt
2025-09-08 20:00:42,907 - INFO - Connecting to 149.154.167.51:443/TcpFull...
2025-09-08 20:00:42,946 - INFO - Connection to 149.154.167.51:443/TcpFull complete!
2025-09-08 20:00:43,238 - INFO - Клієнт успішно підключено, запускаємо основні задачі...
2025-09-08 20:00:43,239 - INFO - Основні задачі запущено, чекаємо повідомлень...
2025-09-08 20:00:43,239 - INFO - Задача мониторинга файла-флага і рассилки запущена.
2025-09-08 20:00:53,246 - INFO - Розпочинаємо нову сесію розсилки
2025-09-08 20:00:53,246 - INFO - Статус рассылки изменен на RUNNING
2025-09-08 20:00:53,247 - INFO - Статус розсилки оновлено на RUNNING
2025-09-08 20:00:53,247 - ERROR - Файл D:\Code\marinabot1\mybot_1\all_usernames.txt пустой
2025-09-08 20:00:53,292 - ERROR - Не удалось отправить сообщение боту: Could not find the input entity for PeerUser(user_id=8136612723) (PeerUser). Please read https://docs.telethon.dev/en/stable/concepts/entities.html to find out more details.
2025-09-08 20:00:53,293 - INFO - Общая статистика обновлена: 0 новых сообщений (всего: 0).
2025-09-08 20:00:53,294 - INFO - Дневная статистика обновлена: 0 новых, всего сегодня: 0
2025-09-08 20:00:53,294 - INFO - Розсилка завершена, оновлюємо статистику
2025-09-08 20:00:53,339 - ERROR - Не удалось отправить сообщение боту: Could not find the input entity for PeerUser(user_id=8136612723) (PeerUser). Please read https://docs.telethon.dev/en/stable/concepts/entities.html to find out more details.
2025-09-08 20:00:53,341 - INFO - Статус рассылки изменен на DONE
2025-09-08 20:00:53,341 - INFO - Сесія розсилки завершена
2025-09-08 20:04:30,458 - INFO - Розпочинаємо нову сесію розсилки
2025-09-08 20:04:30,458 - INFO - Статус рассылки изменен на RUNNING
2025-09-08 20:04:30,459 - INFO - Статус розсилки оновлено на RUNNING
2025-09-08 20:04:30,459 - ERROR - Файл D:\Code\marinabot1\mybot_1\all_usernames.txt пустой
2025-09-08 20:04:30,510 - ERROR - Не удалось отправить сообщение боту: Could not find the input entity for PeerUser(user_id=8136612723) (PeerUser). Please read https://docs.telethon.dev/en/stable/concepts/entities.html to find out more details.
2025-09-08 20:04:30,510 - INFO - Общая статистика обновлена: 0 новых сообщений (всего: 0).
2025-09-08 20:04:30,512 - INFO - Дневная статистика обновлена: 0 новых, всего сегодня: 0
2025-09-08 20:04:30,512 - INFO - Розсилка завершена, оновлюємо статистику
2025-09-08 20:04:30,559 - ERROR - Не удалось отправить сообщение боту: Could not find the input entity for PeerUser(user_id=8136612723) (PeerUser). Please read https://docs.telethon.dev/en/stable/concepts/entities.html to find out more details.
2025-09-08 20:04:30,560 - INFO - Статус рассылки изменен на DONE
2025-09-08 20:04:30,560 - INFO - Сесія розсилки завершена
2025-09-08 20:14:59,419 - WARNING - Server closed the connection: 0 bytes read on a total of 8 expected bytes
2025-09-08 20:14:59,419 - INFO - Connection closed while receiving data: 0 bytes read on a total of 8 expected bytes
2025-09-08 20:14:59,419 - INFO - Closing current connection to begin reconnect...
2025-09-08 20:14:59,420 - INFO - Connecting to 149.154.167.51:443/TcpFull...
2025-09-08 20:14:59,458 - INFO - Connection to 149.154.167.51:443/TcpFull complete!
2025-09-08 20:16:11,077 - INFO - Розпочинаємо нову сесію розсилки
2025-09-08 20:16:11,077 - INFO - Статус рассылки изменен на RUNNING
2025-09-08 20:16:11,077 - INFO - Статус розсилки оновлено на RUNNING
2025-09-08 20:16:11,078 - ERROR - Файл D:\Code\marinabot1\mybot_1\all_usernames.txt пустой
2025-09-08 20:16:11,131 - ERROR - Не удалось отправить сообщение боту: Could not find the input entity for PeerUser(user_id=8136612723) (PeerUser). Please read https://docs.telethon.dev/en/stable/concepts/entities.html to find out more details.
2025-09-08 20:16:11,132 - INFO - Общая статистика обновлена: 0 новых сообщений (всего: 0).
2025-09-08 20:16:11,133 - INFO - Дневная статистика обновлена: 0 новых, всего сегодня: 0
2025-09-08 20:16:11,133 - INFO - Розсилка завершена, оновлюємо статистику
2025-09-08 20:16:11,180 - ERROR - Не удалось отправить сообщение боту: Could not find the input entity for PeerUser(user_id=8136612723) (PeerUser). Please read https://docs.telethon.dev/en/stable/concepts/entities.html to find out more details.
2025-09-08 20:16:11,181 - INFO - Статус рассылки изменен на DONE
2025-09-08 20:16:11,181 - INFO - Сесія розсилки завершена
2025-09-08 20:17:21,252 - INFO - Розпочинаємо нову сесію розсилки
2025-09-08 20:17:21,253 - INFO - Статус рассылки изменен на RUNNING
2025-09-08 20:17:21,253 - INFO - Статус розсилки оновлено на RUNNING
2025-09-08 20:17:21,253 - ERROR - Файл D:\Code\marinabot1\mybot_1\all_usernames.txt пустой
2025-09-08 20:17:21,377 - ERROR - Не удалось отправить сообщение боту: Could not find the input entity for PeerUser(user_id=8136612723) (PeerUser). Please read https://docs.telethon.dev/en/stable/concepts/entities.html to find out more details.
2025-09-08 20:17:21,378 - INFO - Общая статистика обновлена: 0 новых сообщений (всего: 0).
2025-09-08 20:17:21,379 - INFO - Дневная статистика обновлена: 0 новых, всего сегодня: 0
2025-09-08 20:17:21,379 - INFO - Розсилка завершена, оновлюємо статистику
2025-09-08 20:17:21,503 - ERROR - Не удалось отправить сообщение боту: Could not find the input entity for PeerUser(user_id=8136612723) (PeerUser). Please read https://docs.telethon.dev/en/stable/concepts/entities.html to find out more details.
2025-09-08 20:17:21,504 - INFO - Статус рассылки изменен на DONE
2025-09-08 20:17:21,504 - INFO - Сесія розсилки завершена
2025-09-08 20:30:43,449 - WARNING - Server closed the connection: 0 bytes read on a total of 8 expected bytes
2025-09-08 20:30:43,449 - INFO - Connection closed while receiving data: 0 bytes read on a total of 8 expected bytes
2025-09-08 20:30:43,449 - INFO - Closing current connection to begin reconnect...
2025-09-08 20:30:43,450 - INFO - Connecting to 149.154.167.51:443/TcpFull...
2025-09-08 20:30:43,487 - INFO - Connection to 149.154.167.51:443/TcpFull complete!
2025-09-08 20:37:46,349 - WARNING - Server closed the connection: 0 bytes read on a total of 8 expected bytes
2025-09-08 20:37:46,349 - INFO - Connection closed while receiving data: 0 bytes read on a total of 8 expected bytes
2025-09-08 20:37:46,349 - INFO - Closing current connection to begin reconnect...
2025-09-08 20:37:46,350 - INFO - Connecting to 149.154.167.51:443/TcpFull...
2025-09-08 20:37:46,391 - INFO - Connection to 149.154.167.51:443/TcpFull complete!
2025-09-08 20:43:02,710 - INFO - Розпочинаємо нову сесію розсилки
2025-09-08 20:43:02,710 - INFO - Статус рассылки изменен на RUNNING
2025-09-08 20:43:02,711 - INFO - Статус розсилки оновлено на RUNNING
2025-09-08 20:43:02,711 - ERROR - Файл D:\Code\marinabot1\mybot_1\all_usernames.txt пустой
2025-09-08 20:43:02,850 - ERROR - Не удалось отправить сообщение боту: Could not find the input entity for PeerUser(user_id=8136612723) (PeerUser). Please read https://docs.telethon.dev/en/stable/concepts/entities.html to find out more details.
2025-09-08 20:43:02,851 - INFO - Общая статистика обновлена: 0 новых сообщений (всего: 0).
2025-09-08 20:43:02,852 - INFO - Дневная статистика обновлена: 0 новых, всего сегодня: 0
2025-09-08 20:43:02,852 - INFO - Розсилка завершена, оновлюємо статистику
2025-09-08 20:43:02,982 - ERROR - Не удалось отправить сообщение боту: Could not find the input entity for PeerUser(user_id=8136612723) (PeerUser). Please read https://docs.telethon.dev/en/stable/concepts/entities.html to find out more details.
2025-09-08 20:43:02,982 - INFO - Статус рассылки изменен на DONE
2025-09-08 20:43:02,982 - INFO - Сесія розсилки завершена
2025-09-08 20:44:43,049 - INFO - Розпочинаємо нову сесію розсилки
2025-09-08 20:44:43,049 - INFO - Статус рассылки изменен на RUNNING
2025-09-08 20:44:43,049 - INFO - Статус розсилки оновлено на RUNNING
2025-09-08 20:44:43,050 - ERROR - Файл D:\Code\marinabot1\mybot_1\all_usernames.txt пустой
2025-09-08 20:44:43,232 - ERROR - Не удалось отправить сообщение боту: Could not find the input entity for PeerUser(user_id=8136612723) (PeerUser). Please read https://docs.telethon.dev/en/stable/concepts/entities.html to find out more details.
2025-09-08 20:44:43,233 - INFO - Общая статистика обновлена: 0 новых сообщений (всего: 0).
2025-09-08 20:44:43,234 - INFO - Дневная статистика обновлена: 0 новых, всего сегодня: 0
2025-09-08 20:44:43,235 - INFO - Розсилка завершена, оновлюємо статистику
2025-09-08 20:44:43,395 - ERROR - Не удалось отправить сообщение боту: Could not find the input entity for PeerUser(user_id=8136612723) (PeerUser). Please read https://docs.telethon.dev/en/stable/concepts/entities.html to find out more details.
2025-09-08 20:44:43,396 - INFO - Статус рассылки изменен на DONE
2025-09-08 20:44:43,396 - INFO - Сесія розсилки завершена
2025-09-08 20:47:23,539 - INFO - Розпочинаємо нову сесію розсилки
2025-09-08 20:47:23,539 - INFO - Статус рассылки изменен на RUNNING
2025-09-08 20:47:23,539 - INFO - Статус розсилки оновлено на RUNNING
2025-09-08 20:47:23,540 - ERROR - Файл D:\Code\marinabot1\mybot_1\all_usernames.txt пустой
2025-09-08 20:47:23,665 - ERROR - Не удалось отправить сообщение боту: Could not find the input entity for PeerUser(user_id=8136612723) (PeerUser). Please read https://docs.telethon.dev/en/stable/concepts/entities.html to find out more details.
2025-09-08 20:47:23,666 - INFO - Общая статистика обновлена: 0 новых сообщений (всего: 0).
2025-09-08 20:47:23,667 - INFO - Дневная статистика обновлена: 0 новых, всего сегодня: 0
2025-09-08 20:47:23,668 - INFO - Розсилка завершена, оновлюємо статистику
2025-09-08 20:47:23,756 - ERROR - Не удалось отправить сообщение боту: Could not find the input entity for PeerUser(user_id=8136612723) (PeerUser). Please read https://docs.telethon.dev/en/stable/concepts/entities.html to find out more details.
2025-09-08 20:47:23,757 - INFO - Статус рассылки изменен на DONE
2025-09-08 20:47:23,757 - INFO - Сесія розсилки завершена
2025-09-08 20:49:33,874 - INFO - Розпочинаємо нову сесію розсилки
2025-09-08 20:49:33,875 - INFO - Статус рассылки изменен на RUNNING
2025-09-08 20:49:33,875 - INFO - Статус розсилки оновлено на RUNNING
2025-09-08 20:49:33,875 - ERROR - Файл D:\Code\marinabot1\mybot_1\all_usernames.txt пустой
2025-09-08 20:49:33,932 - ERROR - Не удалось отправить сообщение боту: Could not find the input entity for PeerUser(user_id=8136612723) (PeerUser). Please read https://docs.telethon.dev/en/stable/concepts/entities.html to find out more details.
2025-09-08 20:49:33,933 - INFO - Общая статистика обновлена: 0 новых сообщений (всего: 0).
2025-09-08 20:49:33,934 - INFO - Дневная статистика обновлена: 0 новых, всего сегодня: 0
2025-09-08 20:49:33,934 - INFO - Розсилка завершена, оновлюємо статистику
2025-09-08 20:49:33,999 - ERROR - Не удалось отправить сообщение боту: Could not find the input entity for PeerUser(user_id=8136612723) (PeerUser). Please read https://docs.telethon.dev/en/stable/concepts/entities.html to find out more details.
2025-09-08 20:49:34,000 - INFO - Статус рассылки изменен на DONE
2025-09-08 20:49:34,000 - INFO - Сесія розсилки завершена
2025-09-08 21:03:19,946 - INFO - Рабочая директория: D:\Code\marinabot1\mybot_1
2025-09-08 21:03:19,947 - INFO - Файл с Usernames: D:\Code\marinabot1\mybot_1\all_usernames.txt
2025-09-08 21:03:19,947 - INFO - Файл данных сообщения: D:\Code\marinabot1\mybot_1\message_data.json
2025-09-08 21:03:19,947 - INFO - Файл общей статистики: D:\Code\marinabot1\mybot_1\stats.txt
2025-09-08 21:03:19,947 - INFO - Файл дневной статистики: D:\Code\marinabot1\mybot_1\daily_stats.json
2025-09-08 21:03:19,947 - INFO - Файл-флаг: D:\Code\marinabot1\mybot_1\flag.txt
2025-09-08 21:03:19,948 - INFO - Файл чатов: D:\Code\marinabot1\mybot_1\chats.txt
2025-09-08 21:03:19,948 - INFO - Connecting to 149.154.167.51:443/TcpFull...
2025-09-08 21:03:19,991 - INFO - Connection to 149.154.167.51:443/TcpFull complete!
2025-09-08 21:03:20,338 - INFO - Клієнт успішно підключено, запускаємо основні задачі...
2025-09-08 21:03:20,395 - WARNING - Failed direct initialization with bot: Could not find the input entity for PeerUser(user_id=8136612723) (PeerUser). Please read https://docs.telethon.dev/en/stable/concepts/entities.html to find out more details.
2025-09-08 21:03:20,537 - INFO - Successfully initialized connection with bot via dialog
2025-09-08 21:03:20,537 - INFO - Основні задачі запущено, чекаємо повідомлень...
2025-09-08 21:03:20,537 - INFO - Задача мониторинга файла-флага і рассилки запущена.
2025-09-08 21:04:25,960 - INFO - Рабочая директория: D:\Code\marinabot1\mybot_1
2025-09-08 21:04:25,961 - INFO - Файл с Usernames: D:\Code\marinabot1\mybot_1\all_usernames.txt
2025-09-08 21:04:25,961 - INFO - Файл данных сообщения: D:\Code\marinabot1\mybot_1\message_data.json
2025-09-08 21:04:25,961 - INFO - Файл общей статистики: D:\Code\marinabot1\mybot_1\stats.txt
2025-09-08 21:04:25,961 - INFO - Файл дневной статистики: D:\Code\marinabot1\mybot_1\daily_stats.json
2025-09-08 21:04:25,961 - INFO - Файл-флаг: D:\Code\marinabot1\mybot_1\flag.txt
2025-09-08 21:04:25,961 - INFO - Файл чатов: D:\Code\marinabot1\mybot_1\chats.txt
2025-09-08 21:04:25,962 - INFO - Connecting to 149.154.167.51:443/TcpFull...
2025-09-08 21:04:26,003 - INFO - Connection to 149.154.167.51:443/TcpFull complete!
2025-09-08 21:04:26,318 - INFO - Клієнт успішно підключено, запускаємо основні задачі...
2025-09-08 21:04:26,367 - WARNING - Failed direct initialization with bot: Could not find the input entity for PeerUser(user_id=8136612723) (PeerUser). Please read https://docs.telethon.dev/en/stable/concepts/entities.html to find out more details.
2025-09-08 21:04:26,643 - INFO - Successfully initialized connection with bot via dialog
2025-09-08 21:04:26,643 - INFO - Основні задачі запущено, чекаємо повідомлень...
2025-09-08 21:04:26,644 - INFO - Задача мониторинга файла-флага і рассилки запущена.
2025-09-08 21:04:56,670 - INFO - Розпочинаємо нову сесію розсилки
2025-09-08 21:04:56,671 - INFO - Статус рассылки изменен на RUNNING
2025-09-08 21:04:56,671 - INFO - Статус розсилки оновлено на RUNNING
2025-09-08 21:04:56,671 - INFO - Target type був None. Автоматично встановлюю тип на: phones, файл: D:\Code\marinabot1\mybot_1\all_phones.txt
2025-09-08 21:04:56,671 - INFO - Запускаємо розсилку по номерах з файлу: D:\Code\marinabot1\mybot_1\all_phones.txt
2025-09-08 21:04:56,671 - INFO - Перевірка файлу D:\Code\marinabot1\mybot_1\all_phones.txt перед початком розсилки
2025-09-08 21:04:56,672 - INFO - Loaded 801 targets from existing file
2025-09-08 21:04:56,672 - INFO - Починаю розсилку по 801 номерах телефонів
2025-09-08 21:04:56,825 - INFO - Bot entity found by ID: 8136612723
2025-09-08 21:04:57,004 - INFO - Спроба відправки повідомлення на номер: 380977145784 (спроба 1)
2025-09-08 21:04:57,166 - INFO - Користувач 380977145784 знайдений безпосередньо
2025-09-08 21:05:05,962 - INFO - Image uploaded to imgbb: https://i.ibb.co/ZpwFKD1p/photo.jpg
2025-09-08 21:05:06,123 - INFO - Photo успішно відправлено на номер 380977145784
2025-09-08 21:06:16,581 - INFO - Спроба відправки повідомлення на номер: 380675638125 (спроба 1)
2025-09-08 21:06:16,649 - INFO - Користувач 380675638125 знайдений безпосередньо
2025-09-08 21:06:27,434 - INFO - Image uploaded to imgbb: https://i.ibb.co/ZpwFKD1p/photo.jpg
2025-09-08 21:06:27,577 - INFO - Photo успішно відправлено на номер 380675638125
2025-09-08 21:07:27,788 - INFO - Спроба відправки повідомлення на номер: 380960444253 (спроба 1)
2025-09-08 21:07:27,868 - INFO - Користувач 380960444253 знайдений безпосередньо
2025-09-08 21:07:41,942 - INFO - Image uploaded to imgbb: https://i.ibb.co/ZpwFKD1p/photo.jpg
2025-09-08 21:07:42,117 - ERROR - RPC помилка при відправці 380960444253: RPCError 403: PRIVACY_PREMIUM_REQUIRED (caused by SendMediaRequest)
2025-09-08 21:07:42,117 - ERROR - Ошибка при отправке к 380960444253: RPC помилка: RPCError 403: PRIVACY_PREMIUM_REQUIRED (caused by SendMediaRequest)
2025-09-08 21:09:04,166 - INFO - Спроба відправки повідомлення на номер: 380930602060 (спроба 1)
2025-09-08 21:09:04,236 - INFO - Спроба додавання 380930602060 в контакти
2025-09-08 21:09:04,296 - WARNING - Не вдалося додати контакт 380930602060
2025-09-08 21:09:04,296 - ERROR - Користувач з номером 380930602060 не знайдений і не вдалося додати в контакти
2025-09-08 21:09:04,296 - ERROR - Ошибка при отправке к 380930602060: Номер 380930602060 не знайдений у Telegram або не може бути додан в контакти
2025-09-08 21:10:03,526 - INFO - Спроба відправки повідомлення на номер: 380501704391 (спроба 1)
2025-09-08 21:10:03,596 - INFO - Спроба додавання 380501704391 в контакти
2025-09-08 21:10:03,657 - WARNING - Не вдалося додати контакт 380501704391
2025-09-08 21:10:03,657 - ERROR - Користувач з номером 380501704391 не знайдений і не вдалося додати в контакти
2025-09-08 21:10:03,657 - ERROR - Ошибка при отправке к 380501704391: Номер 380501704391 не знайдений у Telegram або не може бути додан в контакти
2025-09-08 21:11:27,211 - INFO - Спроба відправки повідомлення на номер: 380958718288 (спроба 1)
2025-09-08 21:11:27,318 - INFO - Спроба додавання 380958718288 в контакти
2025-09-08 21:11:27,432 - WARNING - Не вдалося додати контакт 380958718288
2025-09-08 21:11:27,432 - ERROR - Користувач з номером 380958718288 не знайдений і не вдалося додати в контакти
2025-09-08 21:11:27,433 - ERROR - Ошибка при отправке к 380958718288: Номер 380958718288 не знайдений у Telegram або не може бути додан в контакти
2025-09-08 21:12:18,155 - INFO - Спроба відправки повідомлення на номер: 380501989649 (спроба 1)
2025-09-08 21:12:18,274 - INFO - Спроба додавання 380501989649 в контакти
2025-09-08 21:12:18,405 - INFO - Контакт 380501989649 успішно додано
2025-09-08 21:12:21,511 - INFO - Користувач 380501989649 знайдений після додавання в контакти
2025-09-08 21:12:30,880 - INFO - Image uploaded to imgbb: https://i.ibb.co/ZpwFKD1p/photo.jpg
2025-09-08 21:12:30,979 - WARNING - Rate limit для 380501989649: почекаємо 174.37 секунд
2025-09-08 21:15:25,356 - INFO - Спроба відправки повідомлення на номер: 380501989649 (спроба 2)
2025-09-08 21:15:25,492 - INFO - Користувач 380501989649 знайдений безпосередньо
2025-09-08 21:15:33,730 - INFO - Image uploaded to imgbb: https://i.ibb.co/ZpwFKD1p/photo.jpg
2025-09-08 21:15:33,791 - WARNING - Rate limit для 380501989649: почекаємо 161.25 секунд
2025-09-08 21:18:15,039 - INFO - Спроба відправки повідомлення на номер: 380501989649 (спроба 3)
2025-09-08 21:18:15,114 - INFO - Користувач 380501989649 знайдений безпосередньо
2025-09-08 21:18:28,668 - INFO - Image uploaded to imgbb: https://i.ibb.co/ZpwFKD1p/photo.jpg
2025-09-08 21:18:28,723 - WARNING - Rate limit для 380501989649: почекаємо 173.90 секунд
2025-09-08 21:19:26,361 - INFO - Got difference for account updates
2025-09-09 20:41:39,966 - INFO - Рабочая директория: D:\Code\marinabot1\mybot_1
2025-09-09 20:41:39,966 - INFO - Файл с Usernames: D:\Code\marinabot1\mybot_1\all_usernames.txt
2025-09-09 20:41:39,966 - INFO - Файл данных сообщения: D:\Code\marinabot1\mybot_1\message_data.json
2025-09-09 20:41:39,967 - INFO - Файл общей статистики: D:\Code\marinabot1\mybot_1\stats.txt
2025-09-09 20:41:39,967 - INFO - Файл дневной статистики: D:\Code\marinabot1\mybot_1\daily_stats.json
2025-09-09 20:41:39,967 - INFO - Файл-флаг: D:\Code\marinabot1\mybot_1\flag.txt
2025-09-09 20:41:39,967 - INFO - Файл чатов: D:\Code\marinabot1\mybot_1\chats.txt
2025-09-09 20:41:39,968 - INFO - Connecting to 149.154.167.51:443/TcpFull...
2025-09-09 20:41:40,008 - INFO - Connection to 149.154.167.51:443/TcpFull complete!
2025-09-09 20:41:40,312 - INFO - Клієнт успішно підключено, запускаємо основні задачі...
2025-09-09 20:41:40,392 - INFO - Successfully initialized connection with bot
2025-09-09 20:41:40,392 - INFO - Основні задачі запущено, чекаємо повідомлень...
2025-09-09 20:41:40,393 - INFO - Задача мониторинга файла-флага і рассилки запущена.
2025-09-09 20:45:40,621 - INFO - Розпочинаємо нову сесію розсилки
2025-09-09 20:45:40,621 - INFO - Статус рассылки изменен на RUNNING
2025-09-09 20:45:40,622 - INFO - Статус розсилки оновлено на RUNNING
2025-09-09 20:45:40,622 - INFO - Target type був None. Автоматично встановлюю тип на: phones, файл: D:\Code\marinabot1\mybot_1\all_phones.txt
2025-09-09 20:45:40,622 - INFO - Запускаємо розсилку по номерах з файлу: D:\Code\marinabot1\mybot_1\all_phones.txt
2025-09-09 20:45:40,622 - INFO - Перевірка файлу D:\Code\marinabot1\mybot_1\all_phones.txt перед початком розсилки
2025-09-09 20:45:40,622 - INFO - Loaded 801 targets from existing file
2025-09-09 20:45:40,623 - INFO - Починаю розсилку по 801 номерах телефонів
2025-09-09 20:45:40,925 - ERROR - Не вдалося відправити повідомлення адміну: Could not find the input entity for PeerUser(user_id=5197139803) (PeerUser). Please read https://docs.telethon.dev/en/stable/concepts/entities.html to find out more details.
2025-09-09 20:45:40,927 - INFO - Спроба відправки повідомлення на номер: 380977145784 (спроба 1)
2025-09-09 20:45:41,090 - INFO - Користувач 380977145784 знайдений безпосередньо
