2025-08-30 20:01:31,679 - INFO - Рабочая директория: D:\Code\marinabot\userbot0931028394
2025-08-30 20:01:31,680 - INFO - Файл с Usernames: D:\Code\marinabot\userbot0931028394\all_usernames.txt
2025-08-30 20:01:31,680 - INFO - Файл данных сообщения: D:\Code\marinabot\userbot0931028394\message_data.json
2025-08-30 20:01:31,680 - INFO - Файл общей статистики: D:\Code\marinabot\userbot0931028394\stats.txt
2025-08-30 20:01:31,680 - INFO - Файл дневной статистики: D:\Code\marinabot\userbot0931028394\daily_stats.json
2025-08-30 20:01:31,680 - INFO - Файл-флаг: D:\Code\marinabot\userbot0931028394\flag.txt
2025-08-30 20:01:31,680 - INFO - Файл чатов: D:\Code\marinabot\userbot0931028394\chats.txt
2025-08-30 20:01:31,681 - INFO - Connecting to 149.154.167.51:443/TcpFull...
2025-08-30 20:01:33,265 - INFO - Connection to 149.154.167.51:443/TcpFull complete!
2025-08-30 20:01:49,977 - INFO - Клієнт успішно підключено, запускаємо основні задачі...
2025-08-30 20:01:49,978 - INFO - Задача мониторинга файла-флага і рассилки запущена.
2025-08-30 20:01:49,978 - INFO - Поточний статус флага: IDLE
2025-08-30 20:01:49,978 - INFO - Невідомий статус флага: IDLE, чекаємо...
2025-08-30 20:01:59,992 - INFO - Поточний статус флага: IDLE
2025-08-30 20:01:59,992 - INFO - Невідомий статус флага: IDLE, чекаємо...
2025-08-30 20:02:09,997 - INFO - Поточний статус флага: IDLE
2025-08-30 20:02:09,997 - INFO - Невідомий статус флага: IDLE, чекаємо...
2025-08-30 20:02:20,008 - INFO - Поточний статус флага: IDLE
2025-08-30 20:02:20,008 - INFO - Невідомий статус флага: IDLE, чекаємо...
2025-08-30 20:02:30,018 - INFO - Поточний статус флага: IDLE
2025-08-30 20:02:30,018 - INFO - Невідомий статус флага: IDLE, чекаємо...
2025-08-30 20:02:40,022 - INFO - Поточний статус флага: IDLE
2025-08-30 20:02:40,022 - INFO - Невідомий статус флага: IDLE, чекаємо...
2025-08-30 20:02:50,028 - INFO - Поточний статус флага: IDLE
2025-08-30 20:02:50,028 - INFO - Невідомий статус флага: IDLE, чекаємо...
2025-08-30 20:03:00,041 - INFO - Поточний статус флага: IDLE
2025-08-30 20:03:00,041 - INFO - Невідомий статус флага: IDLE, чекаємо...
2025-08-30 20:03:10,053 - INFO - Поточний статус флага: IDLE
2025-08-30 20:03:10,053 - INFO - Невідомий статус флага: IDLE, чекаємо...
2025-08-30 20:03:20,063 - INFO - Поточний статус флага: IDLE
2025-08-30 20:03:20,063 - INFO - Невідомий статус флага: IDLE, чекаємо...
2025-08-30 20:03:30,074 - INFO - Поточний статус флага: IDLE
2025-08-30 20:03:30,074 - INFO - Невідомий статус флага: IDLE, чекаємо...
2025-08-30 20:03:40,086 - INFO - Поточний статус флага: IDLE
2025-08-30 20:03:40,086 - INFO - Невідомий статус флага: IDLE, чекаємо...
2025-08-30 20:03:50,093 - INFO - Поточний статус флага: IDLE
2025-08-30 20:03:50,093 - INFO - Невідомий статус флага: IDLE, чекаємо...
2025-08-30 20:04:00,104 - INFO - Поточний статус флага: IDLE
2025-08-30 20:04:00,104 - INFO - Невідомий статус флага: IDLE, чекаємо...
2025-08-30 20:04:10,116 - INFO - Поточний статус флага: IDLE
2025-08-30 20:04:10,116 - INFO - Невідомий статус флага: IDLE, чекаємо...
2025-08-30 20:04:20,131 - INFO - Поточний статус флага: IDLE
2025-08-30 20:04:20,132 - INFO - Невідомий статус флага: IDLE, чекаємо...
2025-08-30 20:04:30,148 - INFO - Поточний статус флага: IDLE
2025-08-30 20:04:30,148 - INFO - Невідомий статус флага: IDLE, чекаємо...
2025-08-30 20:04:40,166 - INFO - Поточний статус флага: IDLE
2025-08-30 20:04:40,167 - INFO - Невідомий статус флага: IDLE, чекаємо...
2025-08-30 20:04:50,186 - INFO - Поточний статус флага: IDLE
2025-08-30 20:04:50,186 - INFO - Невідомий статус флага: IDLE, чекаємо...
2025-08-30 20:05:00,200 - INFO - Поточний статус флага: IDLE
2025-08-30 20:05:00,200 - INFO - Невідомий статус флага: IDLE, чекаємо...
2025-08-30 20:05:10,224 - INFO - Поточний статус флага: IDLE
2025-08-30 20:05:10,224 - INFO - Невідомий статус флага: IDLE, чекаємо...
2025-08-30 20:05:20,228 - INFO - Поточний статус флага: IDLE
2025-08-30 20:05:20,228 - INFO - Невідомий статус флага: IDLE, чекаємо...
2025-08-30 20:05:30,233 - INFO - Поточний статус флага: IDLE
2025-08-30 20:05:30,233 - INFO - Невідомий статус флага: IDLE, чекаємо...
2025-08-30 20:05:40,245 - INFO - Поточний статус флага: IDLE
2025-08-30 20:05:40,245 - INFO - Невідомий статус флага: IDLE, чекаємо...
2025-08-30 20:05:50,252 - INFO - Поточний статус флага: IDLE
2025-08-30 20:05:50,252 - INFO - Невідомий статус флага: IDLE, чекаємо...
2025-08-30 20:06:00,258 - INFO - Поточний статус флага: IDLE
2025-08-30 20:06:00,258 - INFO - Невідомий статус флага: IDLE, чекаємо...
2025-08-30 20:06:10,259 - INFO - Поточний статус флага: IDLE
2025-08-30 20:06:10,260 - INFO - Невідомий статус флага: IDLE, чекаємо...
2025-08-30 20:06:20,276 - INFO - Поточний статус флага: IDLE
2025-08-30 20:06:20,276 - INFO - Невідомий статус флага: IDLE, чекаємо...
2025-08-30 20:06:30,276 - INFO - Поточний статус флага: IDLE
2025-08-30 20:06:30,276 - INFO - Невідомий статус флага: IDLE, чекаємо...
2025-08-30 20:06:40,281 - INFO - Поточний статус флага: IDLE
2025-08-30 20:06:40,281 - INFO - Невідомий статус флага: IDLE, чекаємо...
2025-08-30 20:06:50,287 - INFO - Поточний статус флага: IDLE
2025-08-30 20:06:50,287 - INFO - Невідомий статус флага: IDLE, чекаємо...
2025-08-30 20:07:00,299 - INFO - Поточний статус флага: IDLE
2025-08-30 20:07:00,299 - INFO - Невідомий статус флага: IDLE, чекаємо...
2025-08-30 20:07:10,315 - INFO - Поточний статус флага: IDLE
2025-08-30 20:07:10,316 - INFO - Невідомий статус флага: IDLE, чекаємо...
2025-08-30 20:07:20,320 - INFO - Поточний статус флага: IDLE
2025-08-30 20:07:20,320 - INFO - Невідомий статус флага: IDLE, чекаємо...
2025-08-30 20:07:20,402 - WARNING - Server closed the connection: [WinError 1236] The network connection was aborted by the local system
2025-08-30 20:07:20,436 - INFO - Connection closed while receiving data: [WinError 1236] The network connection was aborted by the local system
2025-08-30 20:07:20,453 - INFO - Closing current connection to begin reconnect...
2025-08-30 20:07:20,478 - INFO - <class 'ConnectionAbortedError'> during disconnect: [WinError 1236] The network connection was aborted by the local system
2025-08-30 20:07:20,509 - INFO - Connecting to 149.154.167.51:443/TcpFull...
2025-08-30 20:07:20,548 - WARNING - Attempt 1 at connecting failed: OSError: [WinError 1231] The network location cannot be reached. For information about network troubleshooting, see Windows Help
2025-08-30 21:09:13,833 - INFO - Поточний статус флага: IDLE
2025-08-30 21:09:13,833 - INFO - Невідомий статус флага: IDLE, чекаємо...
2025-08-30 21:09:13,834 - WARNING - Attempt 2 at connecting failed: OSError: [WinError 1231] The network location cannot be reached. For information about network troubleshooting, see Windows Help
2025-08-30 21:09:14,841 - WARNING - Attempt 3 at connecting failed: OSError: [WinError 1231] The network location cannot be reached. For information about network troubleshooting, see Windows Help
2025-08-30 21:09:15,852 - WARNING - Attempt 4 at connecting failed: OSError: [WinError 1231] The network location cannot be reached. For information about network troubleshooting, see Windows Help
2025-08-30 21:09:16,864 - WARNING - Attempt 5 at connecting failed: OSError: [WinError 1231] The network location cannot be reached. For information about network troubleshooting, see Windows Help
2025-08-30 21:09:17,871 - WARNING - Attempt 6 at connecting failed: OSError: [WinError 1231] The network location cannot be reached. For information about network troubleshooting, see Windows Help
2025-08-30 21:09:18,972 - INFO - Failed reconnection attempt 1 with ConnectionError
2025-08-30 21:09:20,066 - INFO - Connecting to 149.154.167.51:443/TcpFull...
2025-08-30 21:09:20,067 - WARNING - Attempt 1 at connecting failed: OSError: [WinError 1231] The network location cannot be reached. For information about network troubleshooting, see Windows Help
2025-08-30 21:09:21,076 - WARNING - Attempt 2 at connecting failed: OSError: [WinError 1231] The network location cannot be reached. For information about network troubleshooting, see Windows Help
2025-08-30 21:09:22,131 - INFO - Connection to 149.154.167.51:443/TcpFull complete!
2025-08-30 21:09:22,236 - WARNING - Server resent the older message 7544442313045915649, ignoring
2025-08-30 21:09:22,299 - INFO - Got difference for account updates
2025-08-30 21:09:23,828 - INFO - Поточний статус флага: IDLE
2025-08-30 21:09:23,828 - INFO - Невідомий статус флага: IDLE, чекаємо...
2025-08-30 21:09:33,841 - INFO - Поточний статус флага: IDLE
2025-08-30 21:09:33,841 - INFO - Невідомий статус флага: IDLE, чекаємо...
2025-08-30 21:09:43,857 - INFO - Поточний статус флага: IDLE
2025-08-30 21:09:43,857 - INFO - Невідомий статус флага: IDLE, чекаємо...
2025-08-30 21:09:53,865 - INFO - Поточний статус флага: IDLE
2025-08-30 21:09:53,866 - INFO - Невідомий статус флага: IDLE, чекаємо...
2025-08-30 21:10:03,871 - INFO - Поточний статус флага: IDLE
2025-08-30 21:10:03,871 - INFO - Невідомий статус флага: IDLE, чекаємо...
2025-08-30 21:10:13,878 - INFO - Поточний статус флага: IDLE
2025-08-30 21:10:13,878 - INFO - Невідомий статус флага: IDLE, чекаємо...
2025-08-30 21:10:23,883 - INFO - Поточний статус флага: IDLE
2025-08-30 21:10:23,883 - INFO - Невідомий статус флага: IDLE, чекаємо...
2025-08-30 21:10:33,892 - INFO - Поточний статус флага: IDLE
2025-08-30 21:10:33,893 - INFO - Невідомий статус флага: IDLE, чекаємо...
