2025-08-30 19:57:22,364 - INFO - Рабочая директория: D:\Code\marinabot\userbot0932131894
2025-08-30 19:57:22,364 - INFO - Файл с Usernames: D:\Code\marinabot\userbot0932131894\all_usernames.txt
2025-08-30 19:57:22,364 - INFO - Файл данных сообщения: D:\Code\marinabot\userbot0932131894\message_data.json
2025-08-30 19:57:22,364 - INFO - Файл общей статистики: D:\Code\marinabot\userbot0932131894\stats.txt
2025-08-30 19:57:22,364 - INFO - Файл дневной статистики: D:\Code\marinabot\userbot0932131894\daily_stats.json
2025-08-30 19:57:22,364 - INFO - Файл-флаг: D:\Code\marinabot\userbot0932131894\flag.txt
2025-08-30 19:57:22,365 - INFO - Файл чатов: D:\Code\marinabot\userbot0932131894\chats.txt
2025-08-30 19:57:22,365 - INFO - Connecting to 149.154.167.51:443/TcpFull...
2025-08-30 19:57:23,560 - INFO - Connection to 149.154.167.51:443/TcpFull complete!
2025-08-30 19:57:36,332 - INFO - Клієнт успішно підключено, запускаємо основні задачі...
2025-08-30 19:57:36,332 - INFO - Задача мониторинга файла-флага і рассилки запущена.
2025-08-30 19:57:36,333 - INFO - Поточний статус флага: IDLE
2025-08-30 19:57:36,333 - INFO - Невідомий статус флага: IDLE, чекаємо...
2025-08-30 19:57:46,342 - INFO - Поточний статус флага: IDLE
2025-08-30 19:57:46,342 - INFO - Невідомий статус флага: IDLE, чекаємо...
2025-08-30 19:57:56,359 - INFO - Поточний статус флага: IDLE
2025-08-30 19:57:56,359 - INFO - Невідомий статус флага: IDLE, чекаємо...
2025-08-30 19:58:06,374 - INFO - Поточний статус флага: IDLE
2025-08-30 19:58:06,374 - INFO - Невідомий статус флага: IDLE, чекаємо...
2025-08-30 19:58:12,979 - INFO - Disconnecting from 149.154.167.51:443/TcpFull...
2025-08-30 19:58:12,979 - INFO - Disconnection from 149.154.167.51:443/TcpFull complete!
