2025-08-30 18:42:09,315 - INFO - Рабочая директория: D:\Code\marinabot\userbot0930388248
2025-08-30 18:42:09,315 - INFO - Файл с Usernames: D:\Code\marinabot\userbot0930388248\all_usernames.txt
2025-08-30 18:42:09,315 - INFO - Файл данных сообщения: D:\Code\marinabot\userbot0930388248\message_data.json
2025-08-30 18:42:09,315 - INFO - Файл общей статистики: D:\Code\marinabot\userbot0930388248\stats.txt
2025-08-30 18:42:09,315 - INFO - Файл дневной статистики: D:\Code\marinabot\userbot0930388248\daily_stats.json
2025-08-30 18:42:09,316 - INFO - Файл-флаг: D:\Code\marinabot\userbot0930388248\flag.txt
2025-08-30 18:42:09,316 - INFO - Файл чатов: D:\Code\marinabot\userbot0930388248\chats.txt
2025-08-30 18:42:09,316 - INFO - Запуск Userbot...
2025-08-30 18:42:09,316 - INFO - Виконання початкової перевірки ліцензії...
2025-08-30 18:42:09,473 - ERROR - Неправильний ліцензійний код на сайті
2025-08-30 18:42:09,474 - CRITICAL - ПОЧАТКОВА ПЕРЕВІРКА ЛІЦЕНЗІЇ НЕВДАЛА! Завершення роботи...
2025-08-30 18:42:09,474 - INFO - Получен сигнал завершения (KeyboardInterrupt/SystemExit). Завершення...
2025-08-30 18:42:09,474 - INFO - Userbot зупинено або процес завершення.
2025-08-30 18:42:09,476 - WARNING - Не вдалося скинути флаги AppState: app_state не знайдений на клієнті під час завершення.
2025-08-30 18:42:09,477 - INFO - Програма завершує роботу.
2025-08-30 19:00:28,116 - INFO - Рабочая директория: D:\Code\marinabot\userbot0930388248
2025-08-30 19:00:28,117 - INFO - Файл с Usernames: D:\Code\marinabot\userbot0930388248\all_usernames.txt
2025-08-30 19:00:28,117 - INFO - Файл данных сообщения: D:\Code\marinabot\userbot0930388248\message_data.json
2025-08-30 19:00:28,117 - INFO - Файл общей статистики: D:\Code\marinabot\userbot0930388248\stats.txt
2025-08-30 19:00:28,117 - INFO - Файл дневной статистики: D:\Code\marinabot\userbot0930388248\daily_stats.json
2025-08-30 19:00:28,117 - INFO - Файл-флаг: D:\Code\marinabot\userbot0930388248\flag.txt
2025-08-30 19:00:28,117 - INFO - Файл чатов: D:\Code\marinabot\userbot0930388248\chats.txt
2025-08-30 19:00:33,674 - INFO - Рабочая директория: D:\Code\marinabot\userbot0930388248
2025-08-30 19:00:33,674 - INFO - Файл с Usernames: D:\Code\marinabot\userbot0930388248\all_usernames.txt
2025-08-30 19:00:33,674 - INFO - Файл данных сообщения: D:\Code\marinabot\userbot0930388248\message_data.json
2025-08-30 19:00:33,674 - INFO - Файл общей статистики: D:\Code\marinabot\userbot0930388248\stats.txt
2025-08-30 19:00:33,674 - INFO - Файл дневной статистики: D:\Code\marinabot\userbot0930388248\daily_stats.json
2025-08-30 19:00:33,674 - INFO - Файл-флаг: D:\Code\marinabot\userbot0930388248\flag.txt
2025-08-30 19:00:33,675 - INFO - Файл чатов: D:\Code\marinabot\userbot0930388248\chats.txt
2025-08-30 19:07:32,576 - INFO - Рабочая директория: D:\Code\marinabot\userbot0930388248
2025-08-30 19:07:32,576 - INFO - Файл с Usernames: D:\Code\marinabot\userbot0930388248\all_usernames.txt
2025-08-30 19:07:32,576 - INFO - Файл данных сообщения: D:\Code\marinabot\userbot0930388248\message_data.json
2025-08-30 19:07:32,576 - INFO - Файл общей статистики: D:\Code\marinabot\userbot0930388248\stats.txt
2025-08-30 19:07:32,576 - INFO - Файл дневной статистики: D:\Code\marinabot\userbot0930388248\daily_stats.json
2025-08-30 19:07:32,576 - INFO - Файл-флаг: D:\Code\marinabot\userbot0930388248\flag.txt
2025-08-30 19:07:32,576 - INFO - Файл чатов: D:\Code\marinabot\userbot0930388248\chats.txt
2025-08-30 19:07:32,577 - INFO - Connecting to 149.154.167.51:443/TcpFull...
2025-08-30 19:07:34,091 - INFO - Connection to 149.154.167.51:443/TcpFull complete!
2025-08-30 19:37:09,746 - INFO - Рабочая директория: D:\Code\marinabot\userbot0930388248
2025-08-30 19:37:09,746 - INFO - Файл с Usernames: D:\Code\marinabot\userbot0930388248\all_usernames.txt
2025-08-30 19:37:09,747 - INFO - Файл данных сообщения: D:\Code\marinabot\userbot0930388248\message_data.json
2025-08-30 19:37:09,747 - INFO - Файл общей статистики: D:\Code\marinabot\userbot0930388248\stats.txt
2025-08-30 19:37:09,747 - INFO - Файл дневной статистики: D:\Code\marinabot\userbot0930388248\daily_stats.json
2025-08-30 19:37:09,747 - INFO - Файл-флаг: D:\Code\marinabot\userbot0930388248\flag.txt
2025-08-30 19:37:09,747 - INFO - Файл чатов: D:\Code\marinabot\userbot0930388248\chats.txt
2025-08-30 19:37:09,748 - INFO - Connecting to 149.154.167.51:443/TcpFull...
2025-08-30 19:37:10,924 - INFO - Connection to 149.154.167.51:443/TcpFull complete!
2025-08-30 20:05:10,611 - INFO - Рабочая директория: D:\Code\marinabot\userbot0930388248
2025-08-30 20:05:10,611 - INFO - Файл с Usernames: D:\Code\marinabot\userbot0930388248\all_usernames.txt
2025-08-30 20:05:10,611 - INFO - Файл данных сообщения: D:\Code\marinabot\userbot0930388248\message_data.json
2025-08-30 20:05:10,612 - INFO - Файл общей статистики: D:\Code\marinabot\userbot0930388248\stats.txt
2025-08-30 20:05:10,612 - INFO - Файл дневной статистики: D:\Code\marinabot\userbot0930388248\daily_stats.json
2025-08-30 20:05:10,612 - INFO - Файл-флаг: D:\Code\marinabot\userbot0930388248\flag.txt
2025-08-30 20:05:10,612 - INFO - Файл чатов: D:\Code\marinabot\userbot0930388248\chats.txt
2025-08-30 20:05:10,612 - INFO - Connecting to 149.154.167.51:443/TcpFull...
2025-08-30 20:05:11,997 - INFO - Connection to 149.154.167.51:443/TcpFull complete!
2025-08-30 20:05:27,305 - INFO - Клієнт успішно підключено, запускаємо основні задачі...
2025-08-30 20:05:27,305 - INFO - Задача мониторинга файла-флага і рассилки запущена.
2025-08-30 20:05:27,305 - INFO - Поточний статус флага: IDLE
2025-08-30 20:05:27,306 - INFO - Невідомий статус флага: IDLE, чекаємо...
2025-08-30 20:05:37,313 - INFO - Поточний статус флага: IDLE
2025-08-30 20:05:37,313 - INFO - Невідомий статус флага: IDLE, чекаємо...
2025-08-30 20:05:47,325 - INFO - Поточний статус флага: IDLE
2025-08-30 20:05:47,325 - INFO - Невідомий статус флага: IDLE, чекаємо...
2025-08-30 20:05:57,334 - INFO - Поточний статус флага: IDLE
2025-08-30 20:05:57,334 - INFO - Невідомий статус флага: IDLE, чекаємо...
2025-08-30 20:06:07,332 - INFO - Поточний статус флага: IDLE
2025-08-30 20:06:07,332 - INFO - Невідомий статус флага: IDLE, чекаємо...
2025-08-30 20:06:17,338 - INFO - Поточний статус флага: IDLE
2025-08-30 20:06:17,338 - INFO - Невідомий статус флага: IDLE, чекаємо...
2025-08-30 20:06:27,341 - INFO - Поточний статус флага: IDLE
2025-08-30 20:06:27,341 - INFO - Невідомий статус флага: IDLE, чекаємо...
2025-08-30 20:06:37,336 - INFO - Поточний статус флага: IDLE
2025-08-30 20:06:37,336 - INFO - Невідомий статус флага: IDLE, чекаємо...
2025-08-30 20:06:47,348 - INFO - Поточний статус флага: IDLE
2025-08-30 20:06:47,348 - INFO - Невідомий статус флага: IDLE, чекаємо...
2025-08-30 20:06:57,342 - INFO - Поточний статус флага: IDLE
2025-08-30 20:06:57,342 - INFO - Невідомий статус флага: IDLE, чекаємо...
2025-08-30 20:07:07,359 - INFO - Поточний статус флага: IDLE
2025-08-30 20:07:07,360 - INFO - Невідомий статус флага: IDLE, чекаємо...
2025-08-30 20:07:17,364 - INFO - Поточний статус флага: IDLE
2025-08-30 20:07:17,364 - INFO - Невідомий статус флага: IDLE, чекаємо...
2025-08-30 20:07:20,402 - WARNING - Server closed the connection: [WinError 1236] The network connection was aborted by the local system
2025-08-30 20:07:20,427 - INFO - Connection closed while receiving data: [WinError 1236] The network connection was aborted by the local system
2025-08-30 20:07:20,435 - INFO - Closing current connection to begin reconnect...
2025-08-30 20:07:20,435 - INFO - <class 'ConnectionAbortedError'> during disconnect: [WinError 1236] The network connection was aborted by the local system
2025-08-30 20:07:20,436 - INFO - Connecting to 149.154.167.51:443/TcpFull...
2025-08-30 20:07:20,440 - WARNING - Attempt 1 at connecting failed: OSError: [WinError 1231] The network location cannot be reached. For information about network troubleshooting, see Windows Help
2025-08-30 21:09:13,795 - INFO - Поточний статус флага: IDLE
2025-08-30 21:09:13,799 - INFO - Невідомий статус флага: IDLE, чекаємо...
2025-08-30 21:09:13,799 - WARNING - Attempt 2 at connecting failed: OSError: [WinError 1231] The network location cannot be reached. For information about network troubleshooting, see Windows Help
2025-08-30 21:09:14,810 - WARNING - Attempt 3 at connecting failed: OSError: [WinError 1231] The network location cannot be reached. For information about network troubleshooting, see Windows Help
2025-08-30 21:09:15,820 - WARNING - Attempt 4 at connecting failed: OSError: [WinError 1231] The network location cannot be reached. For information about network troubleshooting, see Windows Help
2025-08-30 21:09:16,832 - WARNING - Attempt 5 at connecting failed: OSError: [WinError 1231] The network location cannot be reached. For information about network troubleshooting, see Windows Help
2025-08-30 21:09:17,837 - WARNING - Attempt 6 at connecting failed: OSError: [WinError 1231] The network location cannot be reached. For information about network troubleshooting, see Windows Help
2025-08-30 21:09:18,958 - INFO - Failed reconnection attempt 1 with ConnectionError
2025-08-30 21:09:20,065 - INFO - Connecting to 149.154.167.51:443/TcpFull...
2025-08-30 21:09:20,067 - WARNING - Attempt 1 at connecting failed: OSError: [WinError 1231] The network location cannot be reached. For information about network troubleshooting, see Windows Help
2025-08-30 21:09:21,076 - WARNING - Attempt 2 at connecting failed: OSError: [WinError 1231] The network location cannot be reached. For information about network troubleshooting, see Windows Help
2025-08-30 21:09:22,131 - INFO - Connection to 149.154.167.51:443/TcpFull complete!
2025-08-30 21:09:22,235 - WARNING - Server resent the older message 7544442313050821633, ignoring
2025-08-30 21:09:22,322 - INFO - Got difference for account updates
2025-08-30 21:09:23,797 - INFO - Поточний статус флага: IDLE
2025-08-30 21:09:23,797 - INFO - Невідомий статус флага: IDLE, чекаємо...
2025-08-30 21:09:33,793 - INFO - Поточний статус флага: IDLE
2025-08-30 21:09:33,793 - INFO - Невідомий статус флага: IDLE, чекаємо...
2025-08-30 21:09:43,795 - INFO - Поточний статус флага: IDLE
2025-08-30 21:09:43,795 - INFO - Невідомий статус флага: IDLE, чекаємо...
2025-08-30 21:09:53,805 - INFO - Поточний статус флага: IDLE
2025-08-30 21:09:53,806 - INFO - Невідомий статус флага: IDLE, чекаємо...
2025-08-30 21:10:03,824 - INFO - Поточний статус флага: IDLE
2025-08-30 21:10:03,824 - INFO - Невідомий статус флага: IDLE, чекаємо...
2025-08-30 21:10:13,833 - INFO - Поточний статус флага: IDLE
2025-08-30 21:10:13,833 - INFO - Невідомий статус флага: IDLE, чекаємо...
2025-08-30 21:10:23,836 - INFO - Поточний статус флага: IDLE
2025-08-30 21:10:23,837 - INFO - Невідомий статус флага: IDLE, чекаємо...
2025-08-30 21:10:33,847 - INFO - Поточний статус флага: IDLE
2025-08-30 21:10:33,847 - INFO - Невідомий статус флага: IDLE, чекаємо...
