2025-08-30 19:15:40,974 - INFO - Рабочая директория: D:\Code\marinabot\userbot0969746487
2025-08-30 19:15:40,974 - INFO - Файл с Usernames: D:\Code\marinabot\userbot0969746487\all_usernames.txt
2025-08-30 19:15:40,974 - INFO - Файл данных сообщения: D:\Code\marinabot\userbot0969746487\message_data.json
2025-08-30 19:15:40,974 - INFO - Файл общей статистики: D:\Code\marinabot\userbot0969746487\stats.txt
2025-08-30 19:15:40,974 - INFO - Файл дневной статистики: D:\Code\marinabot\userbot0969746487\daily_stats.json
2025-08-30 19:15:40,974 - INFO - Файл-флаг: D:\Code\marinabot\userbot0969746487\flag.txt
2025-08-30 19:15:40,974 - INFO - Файл чатов: D:\Code\marinabot\userbot0969746487\chats.txt
2025-08-30 19:15:40,975 - INFO - Connecting to 149.154.167.51:443/TcpFull...
2025-08-30 19:15:42,513 - INFO - Connection to 149.154.167.51:443/TcpFull complete!
2025-08-30 19:21:13,005 - ERROR - Критична помилка в основному циклі: 
2025-08-30 19:21:14,371 - INFO - Рабочая директория: D:\Code\marinabot\userbot0969746487
2025-08-30 19:21:14,372 - INFO - Файл с Usernames: D:\Code\marinabot\userbot0969746487\all_usernames.txt
2025-08-30 19:21:14,372 - INFO - Файл данных сообщения: D:\Code\marinabot\userbot0969746487\message_data.json
2025-08-30 19:21:14,372 - INFO - Файл общей статистики: D:\Code\marinabot\userbot0969746487\stats.txt
2025-08-30 19:21:14,372 - INFO - Файл дневной статистики: D:\Code\marinabot\userbot0969746487\daily_stats.json
2025-08-30 19:21:14,372 - INFO - Файл-флаг: D:\Code\marinabot\userbot0969746487\flag.txt
2025-08-30 19:21:14,372 - INFO - Файл чатов: D:\Code\marinabot\userbot0969746487\chats.txt
2025-08-30 19:21:14,373 - INFO - Connecting to 149.154.167.51:443/TcpFull...
2025-08-30 19:21:14,410 - INFO - Connection to 149.154.167.51:443/TcpFull complete!
2025-08-30 19:23:11,070 - ERROR - Критична помилка в основному циклі: 
2025-08-30 19:23:12,342 - INFO - Рабочая директория: D:\Code\marinabot\userbot0969746487
2025-08-30 19:23:12,342 - INFO - Файл с Usernames: D:\Code\marinabot\userbot0969746487\all_usernames.txt
2025-08-30 19:23:12,342 - INFO - Файл данных сообщения: D:\Code\marinabot\userbot0969746487\message_data.json
2025-08-30 19:23:12,342 - INFO - Файл общей статистики: D:\Code\marinabot\userbot0969746487\stats.txt
2025-08-30 19:23:12,342 - INFO - Файл дневной статистики: D:\Code\marinabot\userbot0969746487\daily_stats.json
2025-08-30 19:23:12,342 - INFO - Файл-флаг: D:\Code\marinabot\userbot0969746487\flag.txt
2025-08-30 19:23:12,343 - INFO - Файл чатов: D:\Code\marinabot\userbot0969746487\chats.txt
2025-08-30 19:23:12,345 - INFO - Connecting to 149.154.167.51:443/TcpFull...
2025-08-30 19:23:12,382 - INFO - Connection to 149.154.167.51:443/TcpFull complete!
2025-08-30 19:24:04,840 - INFO - Клієнт успішно підключено, запускаємо основні задачі...
2025-08-30 19:24:04,840 - INFO - Задача мониторинга файла-флага і рассилки запущена.
2025-08-30 19:24:04,840 - INFO - Поточний статус флага: IDLE
2025-08-30 19:24:04,840 - INFO - Невідомий статус флага: IDLE, чекаємо...
2025-08-30 19:24:14,847 - INFO - Поточний статус флага: IDLE
2025-08-30 19:24:14,847 - INFO - Невідомий статус флага: IDLE, чекаємо...
2025-08-30 19:24:24,861 - INFO - Поточний статус флага: IDLE
2025-08-30 19:24:24,861 - INFO - Невідомий статус флага: IDLE, чекаємо...
2025-08-30 19:24:34,865 - INFO - Поточний статус флага: IDLE
2025-08-30 19:24:34,865 - INFO - Невідомий статус флага: IDLE, чекаємо...
2025-08-30 19:24:44,870 - INFO - Поточний статус флага: IDLE
2025-08-30 19:24:44,870 - INFO - Невідомий статус флага: IDLE, чекаємо...
2025-08-30 19:24:54,884 - INFO - Поточний статус флага: IDLE
2025-08-30 19:24:54,884 - INFO - Невідомий статус флага: IDLE, чекаємо...
2025-08-30 19:25:04,897 - INFO - Поточний статус флага: IDLE
2025-08-30 19:25:04,897 - INFO - Невідомий статус флага: IDLE, чекаємо...
2025-08-30 19:25:14,913 - INFO - Поточний статус флага: IDLE
2025-08-30 19:25:14,913 - INFO - Невідомий статус флага: IDLE, чекаємо...
2025-08-30 19:25:24,941 - INFO - Поточний статус флага: IDLE
2025-08-30 19:25:24,941 - INFO - Невідомий статус флага: IDLE, чекаємо...
2025-08-30 19:25:34,955 - INFO - Поточний статус флага: IDLE
2025-08-30 19:25:34,955 - INFO - Невідомий статус флага: IDLE, чекаємо...
2025-08-30 19:25:44,964 - INFO - Поточний статус флага: IDLE
2025-08-30 19:25:44,964 - INFO - Невідомий статус флага: IDLE, чекаємо...
2025-08-30 19:25:54,984 - INFO - Поточний статус флага: IDLE
2025-08-30 19:25:54,984 - INFO - Невідомий статус флага: IDLE, чекаємо...
2025-08-30 19:26:04,990 - INFO - Поточний статус флага: IDLE
2025-08-30 19:26:04,991 - INFO - Невідомий статус флага: IDLE, чекаємо...
2025-08-30 19:26:15,019 - INFO - Поточний статус флага: IDLE
2025-08-30 19:26:15,019 - INFO - Невідомий статус флага: IDLE, чекаємо...
2025-08-30 19:26:25,030 - INFO - Поточний статус флага: IDLE
2025-08-30 19:26:25,030 - INFO - Невідомий статус флага: IDLE, чекаємо...
2025-08-30 19:26:35,043 - INFO - Поточний статус флага: IDLE
2025-08-30 19:26:35,043 - INFO - Невідомий статус флага: IDLE, чекаємо...
2025-08-30 19:26:45,052 - INFO - Поточний статус флага: IDLE
2025-08-30 19:26:45,052 - INFO - Невідомий статус флага: IDLE, чекаємо...
2025-08-30 19:26:55,057 - INFO - Поточний статус флага: IDLE
2025-08-30 19:26:55,057 - INFO - Невідомий статус флага: IDLE, чекаємо...
2025-08-30 19:27:05,055 - INFO - Поточний статус флага: IDLE
2025-08-30 19:27:05,055 - INFO - Невідомий статус флага: IDLE, чекаємо...
2025-08-30 20:06:11,314 - INFO - Рабочая директория: D:\Code\marinabot\userbot0969746487
2025-08-30 20:06:11,314 - INFO - Файл с Usernames: D:\Code\marinabot\userbot0969746487\all_usernames.txt
2025-08-30 20:06:11,314 - INFO - Файл данных сообщения: D:\Code\marinabot\userbot0969746487\message_data.json
2025-08-30 20:06:11,314 - INFO - Файл общей статистики: D:\Code\marinabot\userbot0969746487\stats.txt
2025-08-30 20:06:11,314 - INFO - Файл дневной статистики: D:\Code\marinabot\userbot0969746487\daily_stats.json
2025-08-30 20:06:11,315 - INFO - Файл-флаг: D:\Code\marinabot\userbot0969746487\flag.txt
2025-08-30 20:06:11,315 - INFO - Файл чатов: D:\Code\marinabot\userbot0969746487\chats.txt
2025-08-30 20:06:11,315 - INFO - Connecting to 149.154.167.51:443/TcpFull...
2025-08-30 20:06:12,646 - INFO - Connection to 149.154.167.51:443/TcpFull complete!
2025-08-30 20:06:56,320 - INFO - Клієнт успішно підключено, запускаємо основні задачі...
2025-08-30 20:06:56,321 - INFO - Задача мониторинга файла-флага і рассилки запущена.
2025-08-30 20:06:56,321 - INFO - Поточний статус флага: IDLE
2025-08-30 20:06:56,321 - INFO - Невідомий статус флага: IDLE, чекаємо...
2025-08-30 20:06:59,195 - INFO - Disconnecting from 149.154.167.51:443/TcpFull...
2025-08-30 20:06:59,196 - INFO - Disconnection from 149.154.167.51:443/TcpFull complete!
