2025-08-30 19:27:37,815 - INFO - Рабочая директория: D:\Code\marinabot\userbot0954789063
2025-08-30 19:27:37,815 - INFO - Файл с Usernames: D:\Code\marinabot\userbot0954789063\all_usernames.txt
2025-08-30 19:27:37,816 - INFO - Файл данных сообщения: D:\Code\marinabot\userbot0954789063\message_data.json
2025-08-30 19:27:37,816 - INFO - Файл общей статистики: D:\Code\marinabot\userbot0954789063\stats.txt
2025-08-30 19:27:37,816 - INFO - Файл дневной статистики: D:\Code\marinabot\userbot0954789063\daily_stats.json
2025-08-30 19:27:37,816 - INFO - Файл-флаг: D:\Code\marinabot\userbot0954789063\flag.txt
2025-08-30 19:27:37,816 - INFO - Файл чатов: D:\Code\marinabot\userbot0954789063\chats.txt
2025-08-30 19:27:37,817 - INFO - Запуск Userbot...
2025-08-30 19:27:37,817 - INFO - Виконання початкової перевірки ліцензії...
2025-08-30 19:27:38,225 - ERROR - Неправильний ліцензійний код на сайті
2025-08-30 19:27:38,226 - CRITICAL - ПОЧАТКОВА ПЕРЕВІРКА ЛІЦЕНЗІЇ НЕВДАЛА! Завершення роботи...
2025-08-30 19:27:38,226 - INFO - Получен сигнал завершения (KeyboardInterrupt/SystemExit). Завершення...
2025-08-30 19:27:38,226 - INFO - Userbot зупинено або процес завершення.
2025-08-30 19:27:38,226 - WARNING - Не вдалося скинути флаги AppState: app_state не знайдений на клієнті під час завершення.
2025-08-30 19:27:38,226 - INFO - Програма завершує роботу.
2025-08-30 19:28:14,800 - INFO - Рабочая директория: D:\Code\marinabot\userbot0954789063
2025-08-30 19:28:14,800 - INFO - Файл с Usernames: D:\Code\marinabot\userbot0954789063\all_usernames.txt
2025-08-30 19:28:14,800 - INFO - Файл данных сообщения: D:\Code\marinabot\userbot0954789063\message_data.json
2025-08-30 19:28:14,800 - INFO - Файл общей статистики: D:\Code\marinabot\userbot0954789063\stats.txt
2025-08-30 19:28:14,800 - INFO - Файл дневной статистики: D:\Code\marinabot\userbot0954789063\daily_stats.json
2025-08-30 19:28:14,800 - INFO - Файл-флаг: D:\Code\marinabot\userbot0954789063\flag.txt
2025-08-30 19:28:14,800 - INFO - Файл чатов: D:\Code\marinabot\userbot0954789063\chats.txt
2025-08-30 19:28:14,802 - INFO - Connecting to 149.154.167.51:443/TcpFull...
2025-08-30 19:28:16,013 - INFO - Connection to 149.154.167.51:443/TcpFull complete!
2025-08-30 19:35:35,672 - INFO - Клієнт успішно підключено, запускаємо основні задачі...
2025-08-30 19:35:35,672 - INFO - Задача мониторинга файла-флага і рассилки запущена.
2025-08-30 19:35:35,674 - INFO - Поточний статус флага: IDLE
2025-08-30 19:35:35,674 - INFO - Невідомий статус флага: IDLE, чекаємо...
2025-08-30 19:35:45,671 - INFO - Поточний статус флага: IDLE
2025-08-30 19:35:45,671 - INFO - Невідомий статус флага: IDLE, чекаємо...
2025-08-30 19:35:55,676 - INFO - Поточний статус флага: IDLE
2025-08-30 19:35:55,676 - INFO - Невідомий статус флага: IDLE, чекаємо...
