2025-08-30 20:01:31,679 - INFO - Рабочая директория: D:\Code\marinabot\userbot0931028394
2025-08-30 20:01:31,680 - INFO - Файл с Usernames: D:\Code\marinabot\userbot0931028394\all_usernames.txt
2025-08-30 20:01:31,680 - INFO - Файл данных сообщения: D:\Code\marinabot\userbot0931028394\message_data.json
2025-08-30 20:01:31,680 - INFO - Файл общей статистики: D:\Code\marinabot\userbot0931028394\stats.txt
2025-08-30 20:01:31,680 - INFO - Файл дневной статистики: D:\Code\marinabot\userbot0931028394\daily_stats.json
2025-08-30 20:01:31,680 - INFO - Файл-флаг: D:\Code\marinabot\userbot0931028394\flag.txt
2025-08-30 20:01:31,680 - INFO - Файл чатов: D:\Code\marinabot\userbot0931028394\chats.txt
2025-08-30 20:01:31,681 - INFO - Connecting to 149.154.167.51:443/TcpFull...
2025-08-30 20:01:33,265 - INFO - Connection to 149.154.167.51:443/TcpFull complete!
2025-08-30 20:01:49,977 - INFO - Клієнт успішно підключено, запускаємо основні задачі...
2025-08-30 20:01:49,978 - INFO - Задача мониторинга файла-флага і рассилки запущена.
2025-08-30 20:01:49,978 - INFO - Поточний статус флага: IDLE
2025-08-30 20:01:49,978 - INFO - Невідомий статус флага: IDLE, чекаємо...
2025-08-30 20:01:59,992 - INFO - Поточний статус флага: IDLE
2025-08-30 20:01:59,992 - INFO - Невідомий статус флага: IDLE, чекаємо...
2025-08-30 20:02:09,997 - INFO - Поточний статус флага: IDLE
2025-08-30 20:02:09,997 - INFO - Невідомий статус флага: IDLE, чекаємо...
2025-08-30 20:02:20,008 - INFO - Поточний статус флага: IDLE
2025-08-30 20:02:20,008 - INFO - Невідомий статус флага: IDLE, чекаємо...
2025-08-30 20:02:30,018 - INFO - Поточний статус флага: IDLE
2025-08-30 20:02:30,018 - INFO - Невідомий статус флага: IDLE, чекаємо...
2025-08-30 20:02:40,022 - INFO - Поточний статус флага: IDLE
2025-08-30 20:02:40,022 - INFO - Невідомий статус флага: IDLE, чекаємо...
2025-08-30 20:02:50,028 - INFO - Поточний статус флага: IDLE
2025-08-30 20:02:50,028 - INFO - Невідомий статус флага: IDLE, чекаємо...
2025-08-30 20:03:00,041 - INFO - Поточний статус флага: IDLE
2025-08-30 20:03:00,041 - INFO - Невідомий статус флага: IDLE, чекаємо...
2025-08-30 20:03:10,053 - INFO - Поточний статус флага: IDLE
2025-08-30 20:03:10,053 - INFO - Невідомий статус флага: IDLE, чекаємо...
2025-08-30 20:03:20,063 - INFO - Поточний статус флага: IDLE
2025-08-30 20:03:20,063 - INFO - Невідомий статус флага: IDLE, чекаємо...
2025-08-30 20:03:30,074 - INFO - Поточний статус флага: IDLE
2025-08-30 20:03:30,074 - INFO - Невідомий статус флага: IDLE, чекаємо...
2025-08-30 20:03:40,086 - INFO - Поточний статус флага: IDLE
2025-08-30 20:03:40,086 - INFO - Невідомий статус флага: IDLE, чекаємо...
2025-08-30 20:03:50,093 - INFO - Поточний статус флага: IDLE
2025-08-30 20:03:50,093 - INFO - Невідомий статус флага: IDLE, чекаємо...
2025-08-30 20:04:00,104 - INFO - Поточний статус флага: IDLE
2025-08-30 20:04:00,104 - INFO - Невідомий статус флага: IDLE, чекаємо...
2025-08-30 20:04:10,116 - INFO - Поточний статус флага: IDLE
2025-08-30 20:04:10,116 - INFO - Невідомий статус флага: IDLE, чекаємо...
2025-08-30 20:04:20,131 - INFO - Поточний статус флага: IDLE
2025-08-30 20:04:20,132 - INFO - Невідомий статус флага: IDLE, чекаємо...
2025-08-30 20:04:30,148 - INFO - Поточний статус флага: IDLE
2025-08-30 20:04:30,148 - INFO - Невідомий статус флага: IDLE, чекаємо...
2025-08-30 20:04:40,166 - INFO - Поточний статус флага: IDLE
2025-08-30 20:04:40,167 - INFO - Невідомий статус флага: IDLE, чекаємо...
2025-08-30 20:04:50,186 - INFO - Поточний статус флага: IDLE
2025-08-30 20:04:50,186 - INFO - Невідомий статус флага: IDLE, чекаємо...
2025-08-30 20:05:00,200 - INFO - Поточний статус флага: IDLE
2025-08-30 20:05:00,200 - INFO - Невідомий статус флага: IDLE, чекаємо...
2025-08-30 20:05:10,224 - INFO - Поточний статус флага: IDLE
2025-08-30 20:05:10,224 - INFO - Невідомий статус флага: IDLE, чекаємо...
2025-08-30 20:05:20,228 - INFO - Поточний статус флага: IDLE
2025-08-30 20:05:20,228 - INFO - Невідомий статус флага: IDLE, чекаємо...
2025-08-30 20:05:30,233 - INFO - Поточний статус флага: IDLE
2025-08-30 20:05:30,233 - INFO - Невідомий статус флага: IDLE, чекаємо...
2025-08-30 20:05:40,245 - INFO - Поточний статус флага: IDLE
2025-08-30 20:05:40,245 - INFO - Невідомий статус флага: IDLE, чекаємо...
2025-08-30 20:05:50,252 - INFO - Поточний статус флага: IDLE
2025-08-30 20:05:50,252 - INFO - Невідомий статус флага: IDLE, чекаємо...
2025-08-30 20:06:00,258 - INFO - Поточний статус флага: IDLE
2025-08-30 20:06:00,258 - INFO - Невідомий статус флага: IDLE, чекаємо...
2025-08-30 20:06:10,259 - INFO - Поточний статус флага: IDLE
2025-08-30 20:06:10,260 - INFO - Невідомий статус флага: IDLE, чекаємо...
2025-08-30 20:06:20,276 - INFO - Поточний статус флага: IDLE
2025-08-30 20:06:20,276 - INFO - Невідомий статус флага: IDLE, чекаємо...
2025-08-30 20:06:30,276 - INFO - Поточний статус флага: IDLE
2025-08-30 20:06:30,276 - INFO - Невідомий статус флага: IDLE, чекаємо...
2025-08-30 20:06:40,281 - INFO - Поточний статус флага: IDLE
2025-08-30 20:06:40,281 - INFO - Невідомий статус флага: IDLE, чекаємо...
2025-08-30 20:06:50,287 - INFO - Поточний статус флага: IDLE
2025-08-30 20:06:50,287 - INFO - Невідомий статус флага: IDLE, чекаємо...
2025-08-30 20:07:00,299 - INFO - Поточний статус флага: IDLE
2025-08-30 20:07:00,299 - INFO - Невідомий статус флага: IDLE, чекаємо...
2025-08-30 20:07:10,315 - INFO - Поточний статус флага: IDLE
2025-08-30 20:07:10,316 - INFO - Невідомий статус флага: IDLE, чекаємо...
2025-08-30 20:07:20,320 - INFO - Поточний статус флага: IDLE
2025-08-30 20:07:20,320 - INFO - Невідомий статус флага: IDLE, чекаємо...
2025-08-30 20:07:20,402 - WARNING - Server closed the connection: [WinError 1236] The network connection was aborted by the local system
2025-08-30 20:07:20,436 - INFO - Connection closed while receiving data: [WinError 1236] The network connection was aborted by the local system
2025-08-30 20:07:20,453 - INFO - Closing current connection to begin reconnect...
2025-08-30 20:07:20,478 - INFO - <class 'ConnectionAbortedError'> during disconnect: [WinError 1236] The network connection was aborted by the local system
2025-08-30 20:07:20,509 - INFO - Connecting to 149.154.167.51:443/TcpFull...
2025-08-30 20:07:20,548 - WARNING - Attempt 1 at connecting failed: OSError: [WinError 1231] The network location cannot be reached. For information about network troubleshooting, see Windows Help
2025-08-30 21:09:13,833 - INFO - Поточний статус флага: IDLE
2025-08-30 21:09:13,833 - INFO - Невідомий статус флага: IDLE, чекаємо...
2025-08-30 21:09:13,834 - WARNING - Attempt 2 at connecting failed: OSError: [WinError 1231] The network location cannot be reached. For information about network troubleshooting, see Windows Help
2025-08-30 21:09:14,841 - WARNING - Attempt 3 at connecting failed: OSError: [WinError 1231] The network location cannot be reached. For information about network troubleshooting, see Windows Help
2025-08-30 21:09:15,852 - WARNING - Attempt 4 at connecting failed: OSError: [WinError 1231] The network location cannot be reached. For information about network troubleshooting, see Windows Help
2025-08-30 21:09:16,864 - WARNING - Attempt 5 at connecting failed: OSError: [WinError 1231] The network location cannot be reached. For information about network troubleshooting, see Windows Help
2025-08-30 21:09:17,871 - WARNING - Attempt 6 at connecting failed: OSError: [WinError 1231] The network location cannot be reached. For information about network troubleshooting, see Windows Help
2025-08-30 21:09:18,972 - INFO - Failed reconnection attempt 1 with ConnectionError
2025-08-30 21:09:20,066 - INFO - Connecting to 149.154.167.51:443/TcpFull...
2025-08-30 21:09:20,067 - WARNING - Attempt 1 at connecting failed: OSError: [WinError 1231] The network location cannot be reached. For information about network troubleshooting, see Windows Help
2025-08-30 21:09:21,076 - WARNING - Attempt 2 at connecting failed: OSError: [WinError 1231] The network location cannot be reached. For information about network troubleshooting, see Windows Help
2025-08-30 21:09:22,131 - INFO - Connection to 149.154.167.51:443/TcpFull complete!
2025-08-30 21:09:22,236 - WARNING - Server resent the older message 7544442313045915649, ignoring
2025-08-30 21:09:22,299 - INFO - Got difference for account updates
2025-08-30 21:09:23,828 - INFO - Поточний статус флага: IDLE
2025-08-30 21:09:23,828 - INFO - Невідомий статус флага: IDLE, чекаємо...
2025-08-30 21:09:33,841 - INFO - Поточний статус флага: IDLE
2025-08-30 21:09:33,841 - INFO - Невідомий статус флага: IDLE, чекаємо...
2025-08-30 21:09:43,857 - INFO - Поточний статус флага: IDLE
2025-08-30 21:09:43,857 - INFO - Невідомий статус флага: IDLE, чекаємо...
2025-08-30 21:09:53,865 - INFO - Поточний статус флага: IDLE
2025-08-30 21:09:53,866 - INFO - Невідомий статус флага: IDLE, чекаємо...
2025-08-30 21:10:03,871 - INFO - Поточний статус флага: IDLE
2025-08-30 21:10:03,871 - INFO - Невідомий статус флага: IDLE, чекаємо...
2025-08-30 21:10:13,878 - INFO - Поточний статус флага: IDLE
2025-08-30 21:10:13,878 - INFO - Невідомий статус флага: IDLE, чекаємо...
2025-08-30 21:10:23,883 - INFO - Поточний статус флага: IDLE
2025-08-30 21:10:23,883 - INFO - Невідомий статус флага: IDLE, чекаємо...
2025-08-30 21:10:33,892 - INFO - Поточний статус флага: IDLE
2025-08-30 21:10:33,893 - INFO - Невідомий статус флага: IDLE, чекаємо...
2025-09-07 12:25:58,902 - INFO - Рабочая директория: D:\Code\marinabot1\mybot_3
2025-09-07 12:25:58,903 - INFO - Файл с Usernames: D:\Code\marinabot1\mybot_3\all_usernames.txt
2025-09-07 12:25:58,903 - INFO - Файл данных сообщения: D:\Code\marinabot1\mybot_3\message_data.json
2025-09-07 12:25:58,903 - INFO - Файл общей статистики: D:\Code\marinabot1\mybot_3\stats.txt
2025-09-07 12:25:58,903 - INFO - Файл дневной статистики: D:\Code\marinabot1\mybot_3\daily_stats.json
2025-09-07 12:25:58,903 - INFO - Файл-флаг: D:\Code\marinabot1\mybot_3\flag.txt
2025-09-07 12:25:58,903 - INFO - Файл чатов: D:\Code\marinabot1\mybot_3\chats.txt
2025-09-07 12:25:58,904 - INFO - Connecting to 149.154.167.51:443/TcpFull...
2025-09-07 12:25:59,001 - INFO - Connection to 149.154.167.51:443/TcpFull complete!
2025-09-07 12:26:00,650 - ERROR - Критична помилка в основному циклі: The phone number is invalid (caused by SendCodeRequest)
2025-09-07 12:26:02,264 - INFO - Рабочая директория: D:\Code\marinabot1\mybot_3
2025-09-07 12:26:02,264 - INFO - Файл с Usernames: D:\Code\marinabot1\mybot_3\all_usernames.txt
2025-09-07 12:26:02,264 - INFO - Файл данных сообщения: D:\Code\marinabot1\mybot_3\message_data.json
2025-09-07 12:26:02,265 - INFO - Файл общей статистики: D:\Code\marinabot1\mybot_3\stats.txt
2025-09-07 12:26:02,265 - INFO - Файл дневной статистики: D:\Code\marinabot1\mybot_3\daily_stats.json
2025-09-07 12:26:02,265 - INFO - Файл-флаг: D:\Code\marinabot1\mybot_3\flag.txt
2025-09-07 12:26:02,265 - INFO - Файл чатов: D:\Code\marinabot1\mybot_3\chats.txt
2025-09-07 12:26:02,266 - INFO - Connecting to 149.154.167.51:443/TcpFull...
2025-09-07 12:26:02,302 - INFO - Connection to 149.154.167.51:443/TcpFull complete!
2025-09-07 12:34:39,828 - ERROR - Критична помилка в основному циклі: 
2025-09-07 12:34:40,970 - INFO - Рабочая директория: D:\Code\marinabot1\mybot_3
2025-09-07 12:34:40,970 - INFO - Файл с Usernames: D:\Code\marinabot1\mybot_3\all_usernames.txt
2025-09-07 12:34:40,970 - INFO - Файл данных сообщения: D:\Code\marinabot1\mybot_3\message_data.json
2025-09-07 12:34:40,970 - INFO - Файл общей статистики: D:\Code\marinabot1\mybot_3\stats.txt
2025-09-07 12:34:40,970 - INFO - Файл дневной статистики: D:\Code\marinabot1\mybot_3\daily_stats.json
2025-09-07 12:34:40,970 - INFO - Файл-флаг: D:\Code\marinabot1\mybot_3\flag.txt
2025-09-07 12:34:40,970 - INFO - Файл чатов: D:\Code\marinabot1\mybot_3\chats.txt
2025-09-07 12:34:40,971 - INFO - Connecting to 149.154.167.51:443/TcpFull...
2025-09-07 12:34:41,008 - INFO - Connection to 149.154.167.51:443/TcpFull complete!
2025-09-07 12:35:05,431 - INFO - Клієнт успішно підключено, запускаємо основні задачі...
2025-09-07 12:35:05,431 - INFO - Задача мониторинга файла-флага і рассилки запущена.
2025-09-07 12:35:05,433 - INFO - Поточний статус флага: START
2025-09-07 12:35:05,433 - INFO - Розпочинаємо нову сесію розсилки
2025-09-07 12:35:05,433 - INFO - Статус рассылки изменен на RUNNING
2025-09-07 12:35:05,434 - INFO - Статус розсилки оновлено на RUNNING
2025-09-07 12:35:05,434 - ERROR - Невідомий тип цільової розсилки: None
2025-09-07 12:35:05,505 - ERROR - Помилка під час розсилки: Could not find the input entity for PeerUser(user_id=8136612723) (PeerUser). Please read https://docs.telethon.dev/en/stable/concepts/entities.html to find out more details.
2025-09-07 12:35:05,604 - INFO - Статус рассылки изменен на DONE
2025-09-07 12:35:05,604 - INFO - Сесія розсилки завершена
2025-09-07 12:35:05,604 - ERROR - Помилка в задачі моніторингу: Could not find the input entity for PeerUser(user_id=8136612723) (PeerUser). Please read https://docs.telethon.dev/en/stable/concepts/entities.html to find out more details.
2025-09-07 12:35:15,618 - INFO - Поточний статус флага: DONE
2025-09-07 12:35:15,618 - INFO - Невідомий статус флага: DONE, чекаємо...
2025-09-07 12:35:25,625 - INFO - Поточний статус флага: DONE
2025-09-07 12:35:25,625 - INFO - Невідомий статус флага: DONE, чекаємо...
2025-09-07 12:35:35,638 - INFO - Поточний статус флага: DONE
2025-09-07 12:35:35,638 - INFO - Невідомий статус флага: DONE, чекаємо...
2025-09-07 12:35:45,654 - INFO - Поточний статус флага: DONE
2025-09-07 12:35:45,654 - INFO - Невідомий статус флага: DONE, чекаємо...
2025-09-07 12:35:55,664 - INFO - Поточний статус флага: DONE
2025-09-07 12:35:55,664 - INFO - Невідомий статус флага: DONE, чекаємо...
2025-09-07 12:36:05,651 - INFO - Поточний статус флага: DONE
2025-09-07 12:36:05,651 - INFO - Невідомий статус флага: DONE, чекаємо...
2025-09-07 12:36:15,670 - INFO - Поточний статус флага: DONE
2025-09-07 12:36:15,670 - INFO - Невідомий статус флага: DONE, чекаємо...
2025-09-07 12:36:25,681 - INFO - Поточний статус флага: DONE
2025-09-07 12:36:25,682 - INFO - Невідомий статус флага: DONE, чекаємо...
2025-09-07 12:36:35,690 - INFO - Поточний статус флага: DONE
2025-09-07 12:36:35,691 - INFO - Невідомий статус флага: DONE, чекаємо...
2025-09-07 12:36:45,694 - INFO - Поточний статус флага: DONE
2025-09-07 12:36:45,694 - INFO - Невідомий статус флага: DONE, чекаємо...
2025-09-07 12:36:55,697 - INFO - Поточний статус флага: DONE
2025-09-07 12:36:55,697 - INFO - Невідомий статус флага: DONE, чекаємо...
2025-09-07 12:37:05,711 - INFO - Поточний статус флага: DONE
2025-09-07 12:37:05,712 - INFO - Невідомий статус флага: DONE, чекаємо...
2025-09-07 12:37:15,716 - INFO - Поточний статус флага: DONE
2025-09-07 12:37:15,717 - INFO - Невідомий статус флага: DONE, чекаємо...
2025-09-07 12:37:25,721 - INFO - Поточний статус флага: DONE
2025-09-07 12:37:25,721 - INFO - Невідомий статус флага: DONE, чекаємо...
2025-09-07 12:37:35,735 - INFO - Поточний статус флага: DONE
2025-09-07 12:37:35,735 - INFO - Невідомий статус флага: DONE, чекаємо...
2025-09-07 12:37:45,748 - INFO - Поточний статус флага: DONE
2025-09-07 12:37:45,748 - INFO - Невідомий статус флага: DONE, чекаємо...
2025-09-07 12:37:55,754 - INFO - Поточний статус флага: DONE
2025-09-07 12:37:55,754 - INFO - Невідомий статус флага: DONE, чекаємо...
2025-09-07 12:38:05,767 - INFO - Поточний статус флага: DONE
2025-09-07 12:38:05,767 - INFO - Невідомий статус флага: DONE, чекаємо...
2025-09-07 12:38:15,780 - INFO - Поточний статус флага: DONE
2025-09-07 12:38:15,780 - INFO - Невідомий статус флага: DONE, чекаємо...
2025-09-07 12:38:25,793 - INFO - Поточний статус флага: DONE
2025-09-07 12:38:25,793 - INFO - Невідомий статус флага: DONE, чекаємо...
2025-09-07 12:38:35,808 - INFO - Поточний статус флага: DONE
2025-09-07 12:38:35,808 - INFO - Невідомий статус флага: DONE, чекаємо...
2025-09-07 12:38:45,812 - INFO - Поточний статус флага: DONE
2025-09-07 12:38:45,812 - INFO - Невідомий статус флага: DONE, чекаємо...
2025-09-07 12:38:55,814 - INFO - Поточний статус флага: DONE
2025-09-07 12:38:55,814 - INFO - Невідомий статус флага: DONE, чекаємо...
2025-09-07 12:39:05,818 - INFO - Поточний статус флага: DONE
2025-09-07 12:39:05,818 - INFO - Невідомий статус флага: DONE, чекаємо...
2025-09-07 12:39:15,819 - INFO - Поточний статус флага: DONE
2025-09-07 12:39:15,820 - INFO - Невідомий статус флага: DONE, чекаємо...
2025-09-07 12:39:25,808 - INFO - Поточний статус флага: DONE
2025-09-07 12:39:25,808 - INFO - Невідомий статус флага: DONE, чекаємо...
2025-09-07 12:39:35,815 - INFO - Поточний статус флага: DONE
2025-09-07 12:39:35,815 - INFO - Невідомий статус флага: DONE, чекаємо...
2025-09-07 12:39:45,819 - INFO - Поточний статус флага: DONE
2025-09-07 12:39:45,819 - INFO - Невідомий статус флага: DONE, чекаємо...
2025-09-07 12:39:55,829 - INFO - Поточний статус флага: DONE
2025-09-07 12:39:55,830 - INFO - Невідомий статус флага: DONE, чекаємо...
2025-09-07 12:40:05,841 - INFO - Поточний статус флага: DONE
2025-09-07 12:40:05,841 - INFO - Невідомий статус флага: DONE, чекаємо...
2025-09-07 12:40:15,846 - INFO - Поточний статус флага: DONE
2025-09-07 12:40:15,846 - INFO - Невідомий статус флага: DONE, чекаємо...
2025-09-07 12:40:25,850 - INFO - Поточний статус флага: DONE
2025-09-07 12:40:25,850 - INFO - Невідомий статус флага: DONE, чекаємо...
2025-09-07 12:40:35,863 - INFO - Поточний статус флага: DONE
2025-09-07 12:40:35,863 - INFO - Невідомий статус флага: DONE, чекаємо...
2025-09-07 12:40:45,864 - INFO - Поточний статус флага: DONE
2025-09-07 12:40:45,864 - INFO - Невідомий статус флага: DONE, чекаємо...
2025-09-07 12:40:55,870 - INFO - Поточний статус флага: DONE
2025-09-07 12:40:55,870 - INFO - Невідомий статус флага: DONE, чекаємо...
2025-09-07 12:41:05,878 - INFO - Поточний статус флага: DONE
2025-09-07 12:41:05,878 - INFO - Невідомий статус флага: DONE, чекаємо...
2025-09-07 12:41:15,891 - INFO - Поточний статус флага: DONE
2025-09-07 12:41:15,892 - INFO - Невідомий статус флага: DONE, чекаємо...
2025-09-07 12:41:25,903 - INFO - Поточний статус флага: DONE
2025-09-07 12:41:25,903 - INFO - Невідомий статус флага: DONE, чекаємо...
2025-09-07 12:41:35,912 - INFO - Поточний статус флага: DONE
2025-09-07 12:41:35,913 - INFO - Невідомий статус флага: DONE, чекаємо...
2025-09-07 12:41:45,909 - INFO - Поточний статус флага: DONE
2025-09-07 12:41:45,909 - INFO - Невідомий статус флага: DONE, чекаємо...
2025-09-07 12:41:55,919 - INFO - Поточний статус флага: DONE
2025-09-07 12:41:55,919 - INFO - Невідомий статус флага: DONE, чекаємо...
2025-09-07 12:42:05,937 - INFO - Поточний статус флага: DONE
2025-09-07 12:42:05,937 - INFO - Невідомий статус флага: DONE, чекаємо...
2025-09-07 12:42:15,954 - INFO - Поточний статус флага: DONE
2025-09-07 12:42:15,954 - INFO - Невідомий статус флага: DONE, чекаємо...
2025-09-07 12:42:25,959 - INFO - Поточний статус флага: DONE
2025-09-07 12:42:25,959 - INFO - Невідомий статус флага: DONE, чекаємо...
2025-09-07 12:42:35,954 - INFO - Поточний статус флага: DONE
2025-09-07 12:42:35,954 - INFO - Невідомий статус флага: DONE, чекаємо...
2025-09-07 12:42:45,955 - INFO - Поточний статус флага: DONE
2025-09-07 12:42:45,955 - INFO - Невідомий статус флага: DONE, чекаємо...
2025-09-07 12:42:55,962 - INFO - Поточний статус флага: DONE
2025-09-07 12:42:55,963 - INFO - Невідомий статус флага: DONE, чекаємо...
2025-09-07 12:43:05,967 - INFO - Поточний статус флага: DONE
2025-09-07 12:43:05,967 - INFO - Невідомий статус флага: DONE, чекаємо...
2025-09-07 12:43:15,976 - INFO - Поточний статус флага: DONE
2025-09-07 12:43:15,976 - INFO - Невідомий статус флага: DONE, чекаємо...
2025-09-07 12:43:25,981 - INFO - Поточний статус флага: DONE
2025-09-07 12:43:25,981 - INFO - Невідомий статус флага: DONE, чекаємо...
2025-09-07 12:43:35,990 - INFO - Поточний статус флага: DONE
2025-09-07 12:43:35,990 - INFO - Невідомий статус флага: DONE, чекаємо...
2025-09-07 12:43:46,001 - INFO - Поточний статус флага: DONE
2025-09-07 12:43:46,001 - INFO - Невідомий статус флага: DONE, чекаємо...
2025-09-07 12:43:56,004 - INFO - Поточний статус флага: DONE
2025-09-07 12:43:56,004 - INFO - Невідомий статус флага: DONE, чекаємо...
2025-09-07 12:44:06,018 - INFO - Поточний статус флага: DONE
2025-09-07 12:44:06,018 - INFO - Невідомий статус флага: DONE, чекаємо...
2025-09-07 12:44:16,031 - INFO - Поточний статус флага: DONE
2025-09-07 12:44:16,032 - INFO - Невідомий статус флага: DONE, чекаємо...
2025-09-07 12:44:26,035 - INFO - Поточний статус флага: DONE
2025-09-07 12:44:26,035 - INFO - Невідомий статус флага: DONE, чекаємо...
2025-09-07 12:44:36,049 - INFO - Поточний статус флага: DONE
2025-09-07 12:44:36,049 - INFO - Невідомий статус флага: DONE, чекаємо...
2025-09-07 12:44:46,052 - INFO - Поточний статус флага: DONE
2025-09-07 12:44:46,052 - INFO - Невідомий статус флага: DONE, чекаємо...
2025-09-07 12:44:56,060 - INFO - Поточний статус флага: DONE
2025-09-07 12:44:56,061 - INFO - Невідомий статус флага: DONE, чекаємо...
2025-09-07 12:45:06,070 - INFO - Поточний статус флага: DONE
2025-09-07 12:45:06,070 - INFO - Невідомий статус флага: DONE, чекаємо...
2025-09-07 12:45:16,074 - INFO - Поточний статус флага: DONE
2025-09-07 12:45:16,074 - INFO - Невідомий статус флага: DONE, чекаємо...
2025-09-07 12:45:26,084 - INFO - Поточний статус флага: DONE
2025-09-07 12:45:26,084 - INFO - Невідомий статус флага: DONE, чекаємо...
2025-09-07 12:45:36,099 - INFO - Поточний статус флага: DONE
2025-09-07 12:45:36,099 - INFO - Невідомий статус флага: DONE, чекаємо...
2025-09-07 12:45:46,097 - INFO - Поточний статус флага: DONE
2025-09-07 12:45:46,098 - INFO - Невідомий статус флага: DONE, чекаємо...
2025-09-07 12:45:56,105 - INFO - Поточний статус флага: DONE
2025-09-07 12:45:56,106 - INFO - Невідомий статус флага: DONE, чекаємо...
2025-09-07 12:46:06,122 - INFO - Поточний статус флага: DONE
2025-09-07 12:46:06,122 - INFO - Невідомий статус флага: DONE, чекаємо...
2025-09-07 12:46:16,129 - INFO - Поточний статус флага: DONE
2025-09-07 12:46:16,129 - INFO - Невідомий статус флага: DONE, чекаємо...
2025-09-07 12:46:26,132 - INFO - Поточний статус флага: DONE
2025-09-07 12:46:26,132 - INFO - Невідомий статус флага: DONE, чекаємо...
2025-09-07 12:46:36,148 - INFO - Поточний статус флага: DONE
2025-09-07 12:46:36,149 - INFO - Невідомий статус флага: DONE, чекаємо...
2025-09-07 12:46:46,147 - INFO - Поточний статус флага: DONE
2025-09-07 12:46:46,147 - INFO - Невідомий статус флага: DONE, чекаємо...
2025-09-07 12:46:56,160 - INFO - Поточний статус флага: DONE
2025-09-07 12:46:56,160 - INFO - Невідомий статус флага: DONE, чекаємо...
2025-09-07 12:47:06,168 - INFO - Поточний статус флага: DONE
2025-09-07 12:47:06,168 - INFO - Невідомий статус флага: DONE, чекаємо...
2025-09-07 12:47:16,172 - INFO - Поточний статус флага: DONE
2025-09-07 12:47:16,172 - INFO - Невідомий статус флага: DONE, чекаємо...
2025-09-07 12:47:26,176 - INFO - Поточний статус флага: DONE
2025-09-07 12:47:26,176 - INFO - Невідомий статус флага: DONE, чекаємо...
2025-09-07 12:47:36,192 - INFO - Поточний статус флага: DONE
2025-09-07 12:47:36,193 - INFO - Невідомий статус флага: DONE, чекаємо...
2025-09-07 12:47:46,196 - INFO - Поточний статус флага: DONE
2025-09-07 12:47:46,196 - INFO - Невідомий статус флага: DONE, чекаємо...
2025-09-07 12:47:56,202 - INFO - Поточний статус флага: DONE
2025-09-07 12:47:56,202 - INFO - Невідомий статус флага: DONE, чекаємо...
2025-09-07 12:48:06,208 - INFO - Поточний статус флага: DONE
2025-09-07 12:48:06,208 - INFO - Невідомий статус флага: DONE, чекаємо...
2025-09-07 12:48:16,221 - INFO - Поточний статус флага: DONE
2025-09-07 12:48:16,221 - INFO - Невідомий статус флага: DONE, чекаємо...
2025-09-07 12:48:26,235 - INFO - Поточний статус флага: DONE
2025-09-07 12:48:26,235 - INFO - Невідомий статус флага: DONE, чекаємо...
2025-09-07 12:48:36,245 - INFO - Поточний статус флага: DONE
2025-09-07 12:48:36,245 - INFO - Невідомий статус флага: DONE, чекаємо...
2025-09-07 12:48:46,261 - INFO - Поточний статус флага: DONE
2025-09-07 12:48:46,261 - INFO - Невідомий статус флага: DONE, чекаємо...
2025-09-07 12:48:56,277 - INFO - Поточний статус флага: DONE
2025-09-07 12:48:56,277 - INFO - Невідомий статус флага: DONE, чекаємо...
2025-09-07 12:49:06,282 - INFO - Поточний статус флага: DONE
2025-09-07 12:49:06,282 - INFO - Невідомий статус флага: DONE, чекаємо...
2025-09-07 12:49:16,293 - INFO - Поточний статус флага: DONE
2025-09-07 12:49:16,293 - INFO - Невідомий статус флага: DONE, чекаємо...
2025-09-07 12:49:26,294 - INFO - Поточний статус флага: DONE
2025-09-07 12:49:26,294 - INFO - Невідомий статус флага: DONE, чекаємо...
2025-09-07 12:49:36,305 - INFO - Поточний статус флага: DONE
2025-09-07 12:49:36,305 - INFO - Невідомий статус флага: DONE, чекаємо...
2025-09-07 12:49:46,315 - INFO - Поточний статус флага: DONE
2025-09-07 12:49:46,315 - INFO - Невідомий статус флага: DONE, чекаємо...
2025-09-07 12:49:56,329 - INFO - Поточний статус флага: DONE
2025-09-07 12:49:56,329 - INFO - Невідомий статус флага: DONE, чекаємо...
2025-09-07 12:50:05,489 - INFO - Got difference for account updates
2025-09-07 12:50:06,337 - INFO - Поточний статус флага: DONE
2025-09-07 12:50:06,337 - INFO - Невідомий статус флага: DONE, чекаємо...
2025-09-07 12:50:16,340 - INFO - Поточний статус флага: DONE
2025-09-07 12:50:16,340 - INFO - Невідомий статус флага: DONE, чекаємо...
2025-09-07 12:50:26,349 - INFO - Поточний статус флага: DONE
2025-09-07 12:50:26,349 - INFO - Невідомий статус флага: DONE, чекаємо...
2025-09-07 12:50:36,364 - INFO - Поточний статус флага: DONE
2025-09-07 12:50:36,364 - INFO - Невідомий статус флага: DONE, чекаємо...
2025-09-07 12:50:46,363 - INFO - Поточний статус флага: DONE
2025-09-07 12:50:46,364 - INFO - Невідомий статус флага: DONE, чекаємо...
2025-09-07 12:50:56,372 - INFO - Поточний статус флага: DONE
2025-09-07 12:50:56,372 - INFO - Невідомий статус флага: DONE, чекаємо...
2025-09-07 12:51:06,379 - INFO - Поточний статус флага: DONE
2025-09-07 12:51:06,379 - INFO - Невідомий статус флага: DONE, чекаємо...
2025-09-07 12:51:16,384 - INFO - Поточний статус флага: DONE
2025-09-07 12:51:16,384 - INFO - Невідомий статус флага: DONE, чекаємо...
2025-09-07 12:51:26,399 - INFO - Поточний статус флага: DONE
2025-09-07 12:51:26,400 - INFO - Невідомий статус флага: DONE, чекаємо...
2025-09-07 12:51:36,414 - INFO - Поточний статус флага: DONE
2025-09-07 12:51:36,414 - INFO - Невідомий статус флага: DONE, чекаємо...
2025-09-07 12:51:46,444 - INFO - Поточний статус флага: DONE
2025-09-07 12:51:46,444 - INFO - Невідомий статус флага: DONE, чекаємо...
2025-09-07 12:51:56,449 - INFO - Поточний статус флага: DONE
2025-09-07 12:51:56,449 - INFO - Невідомий статус флага: DONE, чекаємо...
2025-09-07 12:52:06,463 - INFO - Поточний статус флага: DONE
2025-09-07 12:52:06,463 - INFO - Невідомий статус флага: DONE, чекаємо...
2025-09-07 12:52:16,468 - INFO - Поточний статус флага: DONE
2025-09-07 12:52:16,468 - INFO - Невідомий статус флага: DONE, чекаємо...
2025-09-07 12:52:26,481 - INFO - Поточний статус флага: DONE
2025-09-07 12:52:26,481 - INFO - Невідомий статус флага: DONE, чекаємо...
2025-09-07 12:52:36,491 - INFO - Поточний статус флага: DONE
2025-09-07 12:52:36,491 - INFO - Невідомий статус флага: DONE, чекаємо...
2025-09-07 12:52:46,510 - INFO - Поточний статус флага: DONE
2025-09-07 12:52:46,511 - INFO - Невідомий статус флага: DONE, чекаємо...
2025-09-07 12:52:56,520 - INFO - Поточний статус флага: DONE
2025-09-07 12:52:56,520 - INFO - Невідомий статус флага: DONE, чекаємо...
2025-09-07 12:53:06,536 - INFO - Поточний статус флага: DONE
2025-09-07 12:53:06,536 - INFO - Невідомий статус флага: DONE, чекаємо...
2025-09-07 12:53:16,551 - INFO - Поточний статус флага: DONE
2025-09-07 12:53:16,551 - INFO - Невідомий статус флага: DONE, чекаємо...
2025-09-07 12:53:26,566 - INFO - Поточний статус флага: DONE
2025-09-07 12:53:26,567 - INFO - Невідомий статус флага: DONE, чекаємо...
2025-09-07 12:53:36,573 - INFO - Поточний статус флага: DONE
2025-09-07 12:53:36,573 - INFO - Невідомий статус флага: DONE, чекаємо...
2025-09-07 12:53:46,583 - INFO - Поточний статус флага: DONE
2025-09-07 12:53:46,583 - INFO - Невідомий статус флага: DONE, чекаємо...
2025-09-07 12:53:56,590 - INFO - Поточний статус флага: DONE
2025-09-07 12:53:56,590 - INFO - Невідомий статус флага: DONE, чекаємо...
2025-09-07 12:54:06,598 - INFO - Поточний статус флага: DONE
2025-09-07 12:54:06,598 - INFO - Невідомий статус флага: DONE, чекаємо...
2025-09-07 12:54:16,600 - INFO - Поточний статус флага: DONE
2025-09-07 12:54:16,600 - INFO - Невідомий статус флага: DONE, чекаємо...
2025-09-07 12:54:26,602 - INFO - Поточний статус флага: DONE
2025-09-07 12:54:26,602 - INFO - Невідомий статус флага: DONE, чекаємо...
2025-09-07 12:54:36,614 - INFO - Поточний статус флага: DONE
2025-09-07 12:54:36,614 - INFO - Невідомий статус флага: DONE, чекаємо...
2025-09-07 12:54:46,610 - INFO - Поточний статус флага: DONE
2025-09-07 12:54:46,611 - INFO - Невідомий статус флага: DONE, чекаємо...
2025-09-07 12:54:56,623 - INFO - Поточний статус флага: DONE
2025-09-07 12:54:56,623 - INFO - Невідомий статус флага: DONE, чекаємо...
2025-09-07 12:55:06,633 - INFO - Поточний статус флага: DONE
2025-09-07 12:55:06,633 - INFO - Невідомий статус флага: DONE, чекаємо...
2025-09-07 12:55:16,634 - INFO - Поточний статус флага: DONE
2025-09-07 12:55:16,634 - INFO - Невідомий статус флага: DONE, чекаємо...
2025-09-07 12:55:26,635 - INFO - Поточний статус флага: DONE
2025-09-07 12:55:26,635 - INFO - Невідомий статус флага: DONE, чекаємо...
2025-09-07 12:55:36,642 - INFO - Поточний статус флага: DONE
2025-09-07 12:55:36,642 - INFO - Невідомий статус флага: DONE, чекаємо...
2025-09-07 12:55:46,652 - INFO - Поточний статус флага: DONE
2025-09-07 12:55:46,652 - INFO - Невідомий статус флага: DONE, чекаємо...
2025-09-07 12:55:56,666 - INFO - Поточний статус флага: DONE
2025-09-07 12:55:56,666 - INFO - Невідомий статус флага: DONE, чекаємо...
2025-09-07 12:56:06,672 - INFO - Поточний статус флага: DONE
2025-09-07 12:56:06,672 - INFO - Невідомий статус флага: DONE, чекаємо...
2025-09-07 12:56:16,674 - INFO - Поточний статус флага: DONE
2025-09-07 12:56:16,674 - INFO - Невідомий статус флага: DONE, чекаємо...
2025-09-07 12:56:26,683 - INFO - Поточний статус флага: DONE
2025-09-07 12:56:26,683 - INFO - Невідомий статус флага: DONE, чекаємо...
2025-09-07 12:56:36,689 - INFO - Поточний статус флага: DONE
2025-09-07 12:56:36,689 - INFO - Невідомий статус флага: DONE, чекаємо...
2025-09-07 12:56:46,688 - INFO - Поточний статус флага: DONE
2025-09-07 12:56:46,688 - INFO - Невідомий статус флага: DONE, чекаємо...
2025-09-07 12:56:56,693 - INFO - Поточний статус флага: DONE
2025-09-07 12:56:56,693 - INFO - Невідомий статус флага: DONE, чекаємо...
2025-09-07 12:57:06,696 - INFO - Поточний статус флага: DONE
2025-09-07 12:57:06,696 - INFO - Невідомий статус флага: DONE, чекаємо...
2025-09-07 12:57:16,716 - INFO - Поточний статус флага: DONE
2025-09-07 12:57:16,716 - INFO - Невідомий статус флага: DONE, чекаємо...
2025-09-07 12:57:26,726 - INFO - Поточний статус флага: DONE
2025-09-07 12:57:26,726 - INFO - Невідомий статус флага: DONE, чекаємо...
2025-09-07 12:57:36,727 - INFO - Поточний статус флага: DONE
2025-09-07 12:57:36,727 - INFO - Невідомий статус флага: DONE, чекаємо...
2025-09-07 12:57:46,738 - INFO - Поточний статус флага: DONE
2025-09-07 12:57:46,738 - INFO - Невідомий статус флага: DONE, чекаємо...
2025-09-07 12:57:56,755 - INFO - Поточний статус флага: DONE
2025-09-07 12:57:56,755 - INFO - Невідомий статус флага: DONE, чекаємо...
2025-09-07 12:58:06,762 - INFO - Поточний статус флага: DONE
2025-09-07 12:58:06,762 - INFO - Невідомий статус флага: DONE, чекаємо...
2025-09-07 12:58:16,771 - INFO - Поточний статус флага: DONE
2025-09-07 12:58:16,771 - INFO - Невідомий статус флага: DONE, чекаємо...
2025-09-07 12:58:26,785 - INFO - Поточний статус флага: DONE
2025-09-07 12:58:26,785 - INFO - Невідомий статус флага: DONE, чекаємо...
2025-09-07 12:58:36,800 - INFO - Поточний статус флага: DONE
2025-09-07 12:58:36,800 - INFO - Невідомий статус флага: DONE, чекаємо...
2025-09-07 12:58:46,803 - INFO - Поточний статус флага: DONE
2025-09-07 12:58:46,803 - INFO - Невідомий статус флага: DONE, чекаємо...
2025-09-07 12:58:56,815 - INFO - Поточний статус флага: DONE
2025-09-07 12:58:56,815 - INFO - Невідомий статус флага: DONE, чекаємо...
2025-09-07 12:59:06,830 - INFO - Поточний статус флага: DONE
2025-09-07 12:59:06,830 - INFO - Невідомий статус флага: DONE, чекаємо...
2025-09-07 12:59:16,839 - INFO - Поточний статус флага: DONE
2025-09-07 12:59:16,839 - INFO - Невідомий статус флага: DONE, чекаємо...
2025-09-07 12:59:26,840 - INFO - Поточний статус флага: DONE
2025-09-07 12:59:26,840 - INFO - Невідомий статус флага: DONE, чекаємо...
2025-09-07 12:59:36,851 - INFO - Поточний статус флага: DONE
2025-09-07 12:59:36,851 - INFO - Невідомий статус флага: DONE, чекаємо...
2025-09-07 12:59:46,867 - INFO - Поточний статус флага: DONE
2025-09-07 12:59:46,867 - INFO - Невідомий статус флага: DONE, чекаємо...
2025-09-07 12:59:56,868 - INFO - Поточний статус флага: DONE
2025-09-07 12:59:56,868 - INFO - Невідомий статус флага: DONE, чекаємо...
2025-09-07 13:00:06,870 - INFO - Поточний статус флага: DONE
2025-09-07 13:00:06,870 - INFO - Невідомий статус флага: DONE, чекаємо...
2025-09-07 13:00:16,880 - INFO - Поточний статус флага: DONE
2025-09-07 13:00:16,881 - INFO - Невідомий статус флага: DONE, чекаємо...
2025-09-07 13:00:26,895 - INFO - Поточний статус флага: DONE
2025-09-07 13:00:26,895 - INFO - Невідомий статус флага: DONE, чекаємо...
2025-09-07 13:00:36,898 - INFO - Поточний статус флага: DONE
2025-09-07 13:00:36,898 - INFO - Невідомий статус флага: DONE, чекаємо...
2025-09-07 13:00:46,919 - INFO - Поточний статус флага: DONE
2025-09-07 13:00:46,919 - INFO - Невідомий статус флага: DONE, чекаємо...
2025-09-07 13:00:56,932 - INFO - Поточний статус флага: DONE
2025-09-07 13:00:56,932 - INFO - Невідомий статус флага: DONE, чекаємо...
2025-09-07 13:01:06,949 - INFO - Поточний статус флага: DONE
2025-09-07 13:01:06,949 - INFO - Невідомий статус флага: DONE, чекаємо...
2025-09-07 13:01:16,952 - INFO - Поточний статус флага: DONE
2025-09-07 13:01:16,952 - INFO - Невідомий статус флага: DONE, чекаємо...
2025-09-07 13:01:26,959 - INFO - Поточний статус флага: DONE
2025-09-07 13:01:26,959 - INFO - Невідомий статус флага: DONE, чекаємо...
2025-09-07 13:01:36,961 - INFO - Поточний статус флага: DONE
2025-09-07 13:01:36,961 - INFO - Невідомий статус флага: DONE, чекаємо...
2025-09-07 13:01:46,981 - INFO - Поточний статус флага: DONE
2025-09-07 13:01:46,981 - INFO - Невідомий статус флага: DONE, чекаємо...
2025-09-07 13:01:56,991 - INFO - Поточний статус флага: DONE
2025-09-07 13:01:56,991 - INFO - Невідомий статус флага: DONE, чекаємо...
2025-09-07 13:02:07,005 - INFO - Поточний статус флага: DONE
2025-09-07 13:02:07,005 - INFO - Невідомий статус флага: DONE, чекаємо...
2025-09-07 13:02:17,016 - INFO - Поточний статус флага: DONE
2025-09-07 13:02:17,016 - INFO - Невідомий статус флага: DONE, чекаємо...
2025-09-07 13:02:27,017 - INFO - Поточний статус флага: DONE
2025-09-07 13:02:27,017 - INFO - Невідомий статус флага: DONE, чекаємо...
2025-09-07 13:02:37,028 - INFO - Поточний статус флага: DONE
2025-09-07 13:02:37,028 - INFO - Невідомий статус флага: DONE, чекаємо...
2025-09-07 13:02:47,041 - INFO - Поточний статус флага: DONE
2025-09-07 13:02:47,042 - INFO - Невідомий статус флага: DONE, чекаємо...
2025-09-07 13:02:57,055 - INFO - Поточний статус флага: DONE
2025-09-07 13:02:57,055 - INFO - Невідомий статус флага: DONE, чекаємо...
2025-09-07 13:03:07,059 - INFO - Поточний статус флага: DONE
2025-09-07 13:03:07,059 - INFO - Невідомий статус флага: DONE, чекаємо...
2025-09-07 13:03:17,076 - INFO - Поточний статус флага: DONE
2025-09-07 13:03:17,076 - INFO - Невідомий статус флага: DONE, чекаємо...
2025-09-07 13:03:27,091 - INFO - Поточний статус флага: DONE
2025-09-07 13:03:27,091 - INFO - Невідомий статус флага: DONE, чекаємо...
2025-09-07 13:03:37,094 - INFO - Поточний статус флага: DONE
2025-09-07 13:03:37,094 - INFO - Невідомий статус флага: DONE, чекаємо...
2025-09-07 13:03:47,110 - INFO - Поточний статус флага: DONE
2025-09-07 13:03:47,110 - INFO - Невідомий статус флага: DONE, чекаємо...
2025-09-07 13:03:57,125 - INFO - Поточний статус флага: DONE
2025-09-07 13:03:57,125 - INFO - Невідомий статус флага: DONE, чекаємо...
2025-09-07 13:04:07,140 - INFO - Поточний статус флага: DONE
2025-09-07 13:04:07,140 - INFO - Невідомий статус флага: DONE, чекаємо...
2025-09-07 13:04:17,152 - INFO - Поточний статус флага: DONE
2025-09-07 13:04:17,153 - INFO - Невідомий статус флага: DONE, чекаємо...
2025-09-07 13:04:27,160 - INFO - Поточний статус флага: DONE
2025-09-07 13:04:27,160 - INFO - Невідомий статус флага: DONE, чекаємо...
2025-09-07 13:04:37,166 - INFO - Поточний статус флага: DONE
2025-09-07 13:04:37,166 - INFO - Невідомий статус флага: DONE, чекаємо...
2025-09-07 13:04:47,175 - INFO - Поточний статус флага: DONE
2025-09-07 13:04:47,175 - INFO - Невідомий статус флага: DONE, чекаємо...
2025-09-07 13:04:57,188 - INFO - Поточний статус флага: DONE
2025-09-07 13:04:57,188 - INFO - Невідомий статус флага: DONE, чекаємо...
2025-09-07 13:05:07,194 - INFO - Поточний статус флага: DONE
2025-09-07 13:05:07,195 - INFO - Невідомий статус флага: DONE, чекаємо...
2025-09-07 13:05:17,200 - INFO - Поточний статус флага: DONE
2025-09-07 13:05:17,200 - INFO - Невідомий статус флага: DONE, чекаємо...
2025-09-07 13:05:27,208 - INFO - Поточний статус флага: DONE
2025-09-07 13:05:27,208 - INFO - Невідомий статус флага: DONE, чекаємо...
2025-09-07 13:05:37,212 - INFO - Поточний статус флага: DONE
2025-09-07 13:05:37,212 - INFO - Невідомий статус флага: DONE, чекаємо...
2025-09-07 13:05:47,224 - INFO - Поточний статус флага: DONE
2025-09-07 13:05:47,224 - INFO - Невідомий статус флага: DONE, чекаємо...
2025-09-07 13:05:57,225 - INFO - Поточний статус флага: DONE
2025-09-07 13:05:57,225 - INFO - Невідомий статус флага: DONE, чекаємо...
2025-09-07 13:06:07,235 - INFO - Поточний статус флага: DONE
2025-09-07 13:06:07,235 - INFO - Невідомий статус флага: DONE, чекаємо...
2025-09-07 13:06:17,242 - INFO - Поточний статус флага: DONE
2025-09-07 13:06:17,242 - INFO - Невідомий статус флага: DONE, чекаємо...
2025-09-07 13:06:27,245 - INFO - Поточний статус флага: DONE
2025-09-07 13:06:27,245 - INFO - Невідомий статус флага: DONE, чекаємо...
2025-09-07 13:06:37,255 - INFO - Поточний статус флага: DONE
2025-09-07 13:06:37,255 - INFO - Невідомий статус флага: DONE, чекаємо...
2025-09-07 13:06:47,260 - INFO - Поточний статус флага: DONE
2025-09-07 13:06:47,261 - INFO - Невідомий статус флага: DONE, чекаємо...
