2025-08-30 20:02:50,766 - INFO - Рабочая директория: D:\Code\marinabot\userbot0931028410
2025-08-30 20:02:50,766 - INFO - Файл с Usernames: D:\Code\marinabot\userbot0931028410\all_usernames.txt
2025-08-30 20:02:50,766 - INFO - Файл данных сообщения: D:\Code\marinabot\userbot0931028410\message_data.json
2025-08-30 20:02:50,766 - INFO - Файл общей статистики: D:\Code\marinabot\userbot0931028410\stats.txt
2025-08-30 20:02:50,766 - INFO - Файл дневной статистики: D:\Code\marinabot\userbot0931028410\daily_stats.json
2025-08-30 20:02:50,766 - INFO - Файл-флаг: D:\Code\marinabot\userbot0931028410\flag.txt
2025-08-30 20:02:50,766 - INFO - Файл чатов: D:\Code\marinabot\userbot0931028410\chats.txt
2025-08-30 20:02:50,767 - INFO - Connecting to 149.154.167.51:443/TcpFull...
2025-08-30 20:02:52,205 - INFO - Connection to 149.154.167.51:443/TcpFull complete!
2025-08-30 20:03:04,926 - INFO - Клієнт успішно підключено, запускаємо основні задачі...
2025-08-30 20:03:04,926 - INFO - Задача мониторинга файла-флага і рассилки запущена.
2025-08-30 20:03:04,926 - INFO - Поточний статус флага: IDLE
2025-08-30 20:03:04,926 - INFO - Невідомий статус флага: IDLE, чекаємо...
2025-08-30 20:03:14,939 - INFO - Поточний статус флага: IDLE
2025-08-30 20:03:14,939 - INFO - Невідомий статус флага: IDLE, чекаємо...
2025-08-30 20:03:24,945 - INFO - Поточний статус флага: IDLE
2025-08-30 20:03:24,945 - INFO - Невідомий статус флага: IDLE, чекаємо...
2025-08-30 20:03:34,948 - INFO - Поточний статус флага: IDLE
2025-08-30 20:03:34,948 - INFO - Невідомий статус флага: IDLE, чекаємо...
2025-08-30 20:03:44,966 - INFO - Поточний статус флага: IDLE
2025-08-30 20:03:44,966 - INFO - Невідомий статус флага: IDLE, чекаємо...
2025-08-30 20:03:54,970 - INFO - Поточний статус флага: IDLE
2025-08-30 20:03:54,971 - INFO - Невідомий статус флага: IDLE, чекаємо...
2025-08-30 20:04:04,985 - INFO - Поточний статус флага: IDLE
2025-08-30 20:04:04,985 - INFO - Невідомий статус флага: IDLE, чекаємо...
2025-08-30 20:04:14,999 - INFO - Поточний статус флага: IDLE
2025-08-30 20:04:14,999 - INFO - Невідомий статус флага: IDLE, чекаємо...
2025-08-30 20:04:25,008 - INFO - Поточний статус флага: IDLE
2025-08-30 20:04:25,008 - INFO - Невідомий статус флага: IDLE, чекаємо...
2025-08-30 20:04:35,025 - INFO - Поточний статус флага: IDLE
2025-08-30 20:04:35,025 - INFO - Невідомий статус флага: IDLE, чекаємо...
2025-08-30 20:04:45,042 - INFO - Поточний статус флага: IDLE
2025-08-30 20:04:45,042 - INFO - Невідомий статус флага: IDLE, чекаємо...
2025-08-30 20:04:55,066 - INFO - Поточний статус флага: IDLE
2025-08-30 20:04:55,066 - INFO - Невідомий статус флага: IDLE, чекаємо...
2025-08-30 20:05:05,079 - INFO - Поточний статус флага: IDLE
2025-08-30 20:05:05,079 - INFO - Невідомий статус флага: IDLE, чекаємо...
2025-08-30 20:05:15,085 - INFO - Поточний статус флага: IDLE
2025-08-30 20:05:15,085 - INFO - Невідомий статус флага: IDLE, чекаємо...
2025-08-30 20:05:25,094 - INFO - Поточний статус флага: IDLE
2025-08-30 20:05:25,095 - INFO - Невідомий статус флага: IDLE, чекаємо...
2025-08-30 20:05:35,100 - INFO - Поточний статус флага: IDLE
2025-08-30 20:05:35,101 - INFO - Невідомий статус флага: IDLE, чекаємо...
2025-08-30 20:05:45,110 - INFO - Поточний статус флага: IDLE
2025-08-30 20:05:45,110 - INFO - Невідомий статус флага: IDLE, чекаємо...
2025-08-30 20:05:55,120 - INFO - Поточний статус флага: IDLE
2025-08-30 20:05:55,120 - INFO - Невідомий статус флага: IDLE, чекаємо...
2025-08-30 20:06:05,135 - INFO - Поточний статус флага: IDLE
2025-08-30 20:06:05,135 - INFO - Невідомий статус флага: IDLE, чекаємо...
2025-08-30 20:06:15,147 - INFO - Поточний статус флага: IDLE
2025-08-30 20:06:15,147 - INFO - Невідомий статус флага: IDLE, чекаємо...
2025-08-30 20:06:25,160 - INFO - Поточний статус флага: IDLE
2025-08-30 20:06:25,160 - INFO - Невідомий статус флага: IDLE, чекаємо...
2025-08-30 20:06:35,169 - INFO - Поточний статус флага: IDLE
2025-08-30 20:06:35,169 - INFO - Невідомий статус флага: IDLE, чекаємо...
2025-08-30 20:06:45,178 - INFO - Поточний статус флага: IDLE
2025-08-30 20:06:45,178 - INFO - Невідомий статус флага: IDLE, чекаємо...
2025-08-30 20:06:55,192 - INFO - Поточний статус флага: IDLE
2025-08-30 20:06:55,193 - INFO - Невідомий статус флага: IDLE, чекаємо...
2025-08-30 20:07:05,208 - INFO - Поточний статус флага: IDLE
2025-08-30 20:07:05,208 - INFO - Невідомий статус флага: IDLE, чекаємо...
2025-08-30 20:07:15,213 - INFO - Поточний статус флага: IDLE
2025-08-30 20:07:15,213 - INFO - Невідомий статус флага: IDLE, чекаємо...
2025-08-30 20:07:20,403 - WARNING - Server closed the connection: [WinError 1236] The network connection was aborted by the local system
2025-08-30 20:07:20,411 - INFO - Connection closed while receiving data: [WinError 1236] The network connection was aborted by the local system
2025-08-30 20:07:20,431 - INFO - Closing current connection to begin reconnect...
2025-08-30 20:07:20,437 - INFO - <class 'ConnectionAbortedError'> during disconnect: [WinError 1236] The network connection was aborted by the local system
2025-08-30 20:07:20,443 - INFO - Connecting to 149.154.167.51:443/TcpFull...
2025-08-30 20:07:20,457 - WARNING - Attempt 1 at connecting failed: OSError: [WinError 1231] The network location cannot be reached. For information about network troubleshooting, see Windows Help
2025-08-30 21:09:13,798 - INFO - Поточний статус флага: IDLE
2025-08-30 21:09:13,799 - INFO - Невідомий статус флага: IDLE, чекаємо...
2025-08-30 21:09:13,800 - WARNING - Attempt 2 at connecting failed: OSError: [WinError 1231] The network location cannot be reached. For information about network troubleshooting, see Windows Help
2025-08-30 21:09:14,811 - WARNING - Attempt 3 at connecting failed: OSError: [WinError 1231] The network location cannot be reached. For information about network troubleshooting, see Windows Help
2025-08-30 21:09:15,820 - WARNING - Attempt 4 at connecting failed: OSError: [WinError 1231] The network location cannot be reached. For information about network troubleshooting, see Windows Help
2025-08-30 21:09:16,832 - WARNING - Attempt 5 at connecting failed: OSError: [WinError 1231] The network location cannot be reached. For information about network troubleshooting, see Windows Help
2025-08-30 21:09:17,836 - WARNING - Attempt 6 at connecting failed: OSError: [WinError 1231] The network location cannot be reached. For information about network troubleshooting, see Windows Help
2025-08-30 21:09:18,962 - INFO - Failed reconnection attempt 1 with ConnectionError
2025-08-30 21:09:20,065 - INFO - Connecting to 149.154.167.51:443/TcpFull...
2025-08-30 21:09:20,067 - WARNING - Attempt 1 at connecting failed: OSError: [WinError 1231] The network location cannot be reached. For information about network troubleshooting, see Windows Help
2025-08-30 21:09:21,076 - WARNING - Attempt 2 at connecting failed: OSError: [WinError 1231] The network location cannot be reached. For information about network troubleshooting, see Windows Help
2025-08-30 21:09:22,131 - INFO - Connection to 149.154.167.51:443/TcpFull complete!
2025-08-30 21:09:22,234 - WARNING - Server resent the older message 7544442313048909825, ignoring
2025-08-30 21:09:22,339 - INFO - Got difference for account updates
2025-08-30 21:09:23,813 - INFO - Поточний статус флага: IDLE
2025-08-30 21:09:23,813 - INFO - Невідомий статус флага: IDLE, чекаємо...
2025-08-30 21:09:33,825 - INFO - Поточний статус флага: IDLE
2025-08-30 21:09:33,825 - INFO - Невідомий статус флага: IDLE, чекаємо...
2025-08-30 21:09:43,826 - INFO - Поточний статус флага: IDLE
2025-08-30 21:09:43,826 - INFO - Невідомий статус флага: IDLE, чекаємо...
2025-08-30 21:09:53,835 - INFO - Поточний статус флага: IDLE
2025-08-30 21:09:53,836 - INFO - Невідомий статус флага: IDLE, чекаємо...
2025-08-30 21:10:03,840 - INFO - Поточний статус флага: IDLE
2025-08-30 21:10:03,840 - INFO - Невідомий статус флага: IDLE, чекаємо...
2025-08-30 21:10:13,848 - INFO - Поточний статус флага: IDLE
2025-08-30 21:10:13,849 - INFO - Невідомий статус флага: IDLE, чекаємо...
2025-08-30 21:10:23,851 - INFO - Поточний статус флага: IDLE
2025-08-30 21:10:23,851 - INFO - Невідомий статус флага: IDLE, чекаємо...
2025-08-30 21:10:33,862 - INFO - Поточний статус флага: IDLE
2025-08-30 21:10:33,863 - INFO - Невідомий статус флага: IDLE, чекаємо...
