2025-08-30 19:33:47,452 - INFO - Рабочая директория: D:\Code\marinabot\userbot0505186491
2025-08-30 19:33:47,452 - INFO - Файл с Usernames: D:\Code\marinabot\userbot0505186491\all_usernames.txt
2025-08-30 19:33:47,452 - INFO - Файл данных сообщения: D:\Code\marinabot\userbot0505186491\message_data.json
2025-08-30 19:33:47,452 - INFO - Файл общей статистики: D:\Code\marinabot\userbot0505186491\stats.txt
2025-08-30 19:33:47,452 - INFO - Файл дневной статистики: D:\Code\marinabot\userbot0505186491\daily_stats.json
2025-08-30 19:33:47,452 - INFO - Файл-флаг: D:\Code\marinabot\userbot0505186491\flag.txt
2025-08-30 19:33:47,452 - INFO - Файл чатов: D:\Code\marinabot\userbot0505186491\chats.txt
2025-08-30 19:33:47,453 - INFO - Connecting to 149.154.167.51:443/TcpFull...
2025-08-30 19:33:48,890 - INFO - Connection to 149.154.167.51:443/TcpFull complete!
2025-08-30 19:34:18,749 - INFO - Клієнт успішно підключено, запускаємо основні задачі...
2025-08-30 19:34:18,750 - INFO - Задача мониторинга файла-флага і рассилки запущена.
2025-08-30 19:34:18,750 - INFO - Поточний статус флага: IDLE
2025-08-30 19:34:18,750 - INFO - Невідомий статус флага: IDLE, чекаємо...
2025-08-30 19:34:28,755 - INFO - Поточний статус флага: IDLE
2025-08-30 19:34:28,755 - INFO - Невідомий статус флага: IDLE, чекаємо...
2025-08-30 19:34:38,769 - INFO - Поточний статус флага: IDLE
2025-08-30 19:34:38,769 - INFO - Невідомий статус флага: IDLE, чекаємо...
2025-08-30 19:34:48,782 - INFO - Поточний статус флага: IDLE
2025-08-30 19:34:48,783 - INFO - Невідомий статус флага: IDLE, чекаємо...
2025-08-30 19:34:58,785 - INFO - Поточний статус флага: IDLE
2025-08-30 19:34:58,785 - INFO - Невідомий статус флага: IDLE, чекаємо...
2025-08-30 19:35:08,788 - INFO - Поточний статус флага: IDLE
2025-08-30 19:35:08,788 - INFO - Невідомий статус флага: IDLE, чекаємо...
2025-08-30 19:35:18,791 - INFO - Поточний статус флага: IDLE
2025-08-30 19:35:18,791 - INFO - Невідомий статус флага: IDLE, чекаємо...
2025-08-30 19:35:28,792 - INFO - Поточний статус флага: IDLE
2025-08-30 19:35:28,792 - INFO - Невідомий статус флага: IDLE, чекаємо...
2025-08-30 19:35:38,800 - INFO - Поточний статус флага: IDLE
2025-08-30 19:35:38,800 - INFO - Невідомий статус флага: IDLE, чекаємо...
2025-08-30 19:35:48,816 - INFO - Поточний статус флага: IDLE
2025-08-30 19:35:48,816 - INFO - Невідомий статус флага: IDLE, чекаємо...
