2025-08-30 19:58:43,249 - INFO - Рабочая директория: D:\Code\marinabot\userbot0932133127
2025-08-30 19:58:43,249 - INFO - Файл с Usernames: D:\Code\marinabot\userbot0932133127\all_usernames.txt
2025-08-30 19:58:43,250 - INFO - Файл данных сообщения: D:\Code\marinabot\userbot0932133127\message_data.json
2025-08-30 19:58:43,250 - INFO - Файл общей статистики: D:\Code\marinabot\userbot0932133127\stats.txt
2025-08-30 19:58:43,250 - INFO - Файл дневной статистики: D:\Code\marinabot\userbot0932133127\daily_stats.json
2025-08-30 19:58:43,250 - INFO - Файл-флаг: D:\Code\marinabot\userbot0932133127\flag.txt
2025-08-30 19:58:43,250 - INFO - Файл чатов: D:\Code\marinabot\userbot0932133127\chats.txt
2025-08-30 19:58:43,251 - INFO - Connecting to 149.154.167.51:443/TcpFull...
2025-08-30 19:58:46,411 - INFO - Connection to 149.154.167.51:443/TcpFull complete!
2025-08-30 19:59:00,186 - INFO - Клієнт успішно підключено, запускаємо основні задачі...
2025-08-30 19:59:00,186 - INFO - Задача мониторинга файла-флага і рассилки запущена.
2025-08-30 19:59:00,186 - INFO - Поточний статус флага: IDLE
2025-08-30 19:59:00,187 - INFO - Невідомий статус флага: IDLE, чекаємо...
2025-08-30 19:59:06,843 - INFO - Disconnecting from 149.154.167.51:443/TcpFull...
2025-08-30 19:59:06,844 - INFO - Disconnection from 149.154.167.51:443/TcpFull complete!
2025-09-03 21:18:02,315 - INFO - Рабочая директория: D:\Code\marinabot1\mybot_8
2025-09-03 21:18:02,315 - INFO - Файл с Usernames: D:\Code\marinabot1\mybot_8\all_usernames.txt
2025-09-03 21:18:02,316 - INFO - Файл данных сообщения: D:\Code\marinabot1\mybot_8\message_data.json
2025-09-03 21:18:02,316 - INFO - Файл общей статистики: D:\Code\marinabot1\mybot_8\stats.txt
2025-09-03 21:18:02,316 - INFO - Файл дневной статистики: D:\Code\marinabot1\mybot_8\daily_stats.json
2025-09-03 21:18:02,316 - INFO - Файл-флаг: D:\Code\marinabot1\mybot_8\flag.txt
2025-09-03 21:18:02,317 - INFO - Файл чатов: D:\Code\marinabot1\mybot_8\chats.txt
2025-09-03 21:18:02,317 - INFO - Connecting to 149.154.167.51:443/TcpFull...
2025-09-03 21:18:02,353 - INFO - Connection to 149.154.167.51:443/TcpFull complete!
2025-09-03 21:18:04,729 - ERROR - Критична помилка в основному циклі: 
2025-09-07 12:45:52,704 - INFO - Рабочая директория: D:\Code\marinabot1\mybot_8
2025-09-07 12:45:52,705 - INFO - Файл с Usernames: D:\Code\marinabot1\mybot_8\all_usernames.txt
2025-09-07 12:45:52,705 - INFO - Файл данных сообщения: D:\Code\marinabot1\mybot_8\message_data.json
2025-09-07 12:45:52,705 - INFO - Файл общей статистики: D:\Code\marinabot1\mybot_8\stats.txt
2025-09-07 12:45:52,705 - INFO - Файл дневной статистики: D:\Code\marinabot1\mybot_8\daily_stats.json
2025-09-07 12:45:52,705 - INFO - Файл-флаг: D:\Code\marinabot1\mybot_8\flag.txt
2025-09-07 12:45:52,705 - INFO - Файл чатов: D:\Code\marinabot1\mybot_8\chats.txt
2025-09-07 12:45:52,706 - INFO - Connecting to 149.154.167.51:443/TcpFull...
2025-09-07 12:45:52,742 - INFO - Connection to 149.154.167.51:443/TcpFull complete!
2025-09-07 12:46:23,916 - INFO - Клієнт успішно підключено, запускаємо основні задачі...
2025-09-07 12:46:23,916 - INFO - Задача мониторинга файла-флага і рассилки запущена.
2025-09-07 12:46:23,916 - INFO - Поточний статус флага: START
2025-09-07 12:46:23,916 - INFO - Розпочинаємо нову сесію розсилки
2025-09-07 12:46:23,917 - INFO - Статус рассылки изменен на RUNNING
2025-09-07 12:46:23,917 - INFO - Статус розсилки оновлено на RUNNING
2025-09-07 12:46:23,917 - ERROR - Невідомий тип цільової розсилки: None
2025-09-07 12:46:24,045 - ERROR - Помилка під час розсилки: Could not find the input entity for PeerUser(user_id=8136612723) (PeerUser). Please read https://docs.telethon.dev/en/stable/concepts/entities.html to find out more details.
2025-09-07 12:46:24,161 - INFO - Статус рассылки изменен на DONE
2025-09-07 12:46:24,162 - INFO - Сесія розсилки завершена
2025-09-07 12:46:24,162 - ERROR - Помилка в задачі моніторингу: Could not find the input entity for PeerUser(user_id=8136612723) (PeerUser). Please read https://docs.telethon.dev/en/stable/concepts/entities.html to find out more details.
2025-09-07 12:46:34,167 - INFO - Поточний статус флага: DONE
2025-09-07 12:46:34,167 - INFO - Статус флага: DONE, чекаємо...
2025-09-07 12:47:04,171 - INFO - Поточний статус флага: DONE
2025-09-07 12:47:04,171 - INFO - Статус флага: DONE, чекаємо...
2025-09-07 12:47:34,180 - INFO - Поточний статус флага: DONE
2025-09-07 12:47:34,180 - INFO - Статус флага: DONE, чекаємо...
2025-09-07 12:48:04,182 - INFO - Поточний статус флага: DONE
2025-09-07 12:48:04,182 - INFO - Статус флага: DONE, чекаємо...
2025-09-07 12:48:34,186 - INFO - Поточний статус флага: DONE
2025-09-07 12:48:34,186 - INFO - Статус флага: DONE, чекаємо...
2025-09-07 12:49:04,208 - INFO - Поточний статус флага: DONE
2025-09-07 12:49:04,208 - INFO - Статус флага: DONE, чекаємо...
2025-09-07 12:49:34,213 - INFO - Поточний статус флага: DONE
2025-09-07 12:49:34,213 - INFO - Статус флага: DONE, чекаємо...
2025-09-07 12:50:04,234 - INFO - Поточний статус флага: DONE
2025-09-07 12:50:04,234 - INFO - Статус флага: DONE, чекаємо...
2025-09-07 12:50:34,248 - INFO - Поточний статус флага: DONE
2025-09-07 12:50:34,248 - INFO - Статус флага: DONE, чекаємо...
2025-09-07 12:51:04,267 - INFO - Поточний статус флага: DONE
2025-09-07 12:51:04,267 - INFO - Статус флага: DONE, чекаємо...
2025-09-07 12:51:34,268 - INFO - Поточний статус флага: DONE
2025-09-07 12:51:34,268 - INFO - Статус флага: DONE, чекаємо...
2025-09-07 12:52:04,286 - INFO - Поточний статус флага: DONE
2025-09-07 12:52:04,286 - INFO - Статус флага: DONE, чекаємо...
2025-09-07 12:52:34,289 - INFO - Поточний статус флага: DONE
2025-09-07 12:52:34,289 - INFO - Статус флага: DONE, чекаємо...
2025-09-07 12:53:04,317 - INFO - Поточний статус флага: DONE
2025-09-07 12:53:04,318 - INFO - Статус флага: DONE, чекаємо...
2025-09-07 12:53:34,330 - INFO - Поточний статус флага: DONE
2025-09-07 12:53:34,330 - INFO - Статус флага: DONE, чекаємо...
2025-09-07 12:54:04,345 - INFO - Поточний статус флага: DONE
2025-09-07 12:54:04,345 - INFO - Статус флага: DONE, чекаємо...
2025-09-07 12:54:34,349 - INFO - Поточний статус флага: DONE
2025-09-07 12:54:34,349 - INFO - Статус флага: DONE, чекаємо...
2025-09-07 12:55:04,366 - INFO - Поточний статус флага: DONE
2025-09-07 12:55:04,367 - INFO - Статус флага: DONE, чекаємо...
2025-09-07 12:55:34,373 - INFO - Поточний статус флага: DONE
2025-09-07 12:55:34,373 - INFO - Статус флага: DONE, чекаємо...
2025-09-07 12:56:04,395 - INFO - Поточний статус флага: DONE
2025-09-07 12:56:04,395 - INFO - Статус флага: DONE, чекаємо...
2025-09-07 12:56:34,400 - INFO - Поточний статус флага: DONE
2025-09-07 12:56:34,400 - INFO - Статус флага: DONE, чекаємо...
2025-09-07 12:57:04,413 - INFO - Поточний статус флага: DONE
2025-09-07 12:57:04,413 - INFO - Статус флага: DONE, чекаємо...
2025-09-07 12:57:34,425 - INFO - Поточний статус флага: DONE
2025-09-07 12:57:34,425 - INFO - Статус флага: DONE, чекаємо...
2025-09-07 12:58:04,434 - INFO - Поточний статус флага: DONE
2025-09-07 12:58:04,434 - INFO - Статус флага: DONE, чекаємо...
2025-09-07 12:58:34,448 - INFO - Поточний статус флага: DONE
2025-09-07 12:58:34,448 - INFO - Статус флага: DONE, чекаємо...
2025-09-07 12:59:04,459 - INFO - Поточний статус флага: DONE
2025-09-07 12:59:04,460 - INFO - Статус флага: DONE, чекаємо...
2025-09-07 12:59:34,461 - INFO - Поточний статус флага: DONE
2025-09-07 12:59:34,462 - INFO - Статус флага: DONE, чекаємо...
2025-09-07 13:00:04,471 - INFO - Поточний статус флага: DONE
2025-09-07 13:00:04,471 - INFO - Статус флага: DONE, чекаємо...
2025-09-07 13:00:34,486 - INFO - Поточний статус флага: DONE
2025-09-07 13:00:34,486 - INFO - Статус флага: DONE, чекаємо...
2025-09-07 13:01:04,496 - INFO - Поточний статус флага: DONE
2025-09-07 13:01:04,496 - INFO - Статус флага: DONE, чекаємо...
2025-09-07 13:01:23,964 - INFO - Got difference for account updates
2025-09-07 13:01:34,505 - INFO - Поточний статус флага: DONE
2025-09-07 13:01:34,505 - INFO - Статус флага: DONE, чекаємо...
2025-09-07 13:02:04,515 - INFO - Поточний статус флага: DONE
2025-09-07 13:02:04,515 - INFO - Статус флага: DONE, чекаємо...
2025-09-07 13:02:34,525 - INFO - Поточний статус флага: DONE
2025-09-07 13:02:34,526 - INFO - Статус флага: DONE, чекаємо...
2025-09-07 13:03:04,541 - INFO - Поточний статус флага: DONE
2025-09-07 13:03:04,541 - INFO - Статус флага: DONE, чекаємо...
2025-09-07 13:03:34,552 - INFO - Поточний статус флага: DONE
2025-09-07 13:03:34,552 - INFO - Статус флага: DONE, чекаємо...
2025-09-07 13:04:04,570 - INFO - Поточний статус флага: DONE
2025-09-07 13:04:04,570 - INFO - Статус флага: DONE, чекаємо...
2025-09-07 13:04:34,574 - INFO - Поточний статус флага: DONE
2025-09-07 13:04:34,574 - INFO - Статус флага: DONE, чекаємо...
2025-09-07 13:05:04,594 - INFO - Поточний статус флага: DONE
2025-09-07 13:05:04,594 - INFO - Статус флага: DONE, чекаємо...
2025-09-07 13:05:34,604 - INFO - Поточний статус флага: DONE
2025-09-07 13:05:34,604 - INFO - Статус флага: DONE, чекаємо...
2025-09-07 13:06:04,618 - INFO - Поточний статус флага: DONE
2025-09-07 13:06:04,618 - INFO - Статус флага: DONE, чекаємо...
2025-09-07 13:06:34,625 - INFO - Поточний статус флага: DONE
2025-09-07 13:06:34,625 - INFO - Статус флага: DONE, чекаємо...
2025-09-07 13:07:04,634 - INFO - Поточний статус флага: DONE
2025-09-07 13:07:04,634 - INFO - Статус флага: DONE, чекаємо...
2025-09-07 13:07:34,650 - INFO - Поточний статус флага: DONE
2025-09-07 13:07:34,650 - INFO - Статус флага: DONE, чекаємо...
2025-09-07 13:08:04,679 - INFO - Поточний статус флага: DONE
2025-09-07 13:08:04,679 - INFO - Статус флага: DONE, чекаємо...
2025-09-07 13:08:34,691 - INFO - Поточний статус флага: DONE
2025-09-07 13:08:34,691 - INFO - Статус флага: DONE, чекаємо...
2025-09-07 13:09:04,694 - INFO - Поточний статус флага: DONE
2025-09-07 13:09:04,694 - INFO - Статус флага: DONE, чекаємо...
2025-09-07 13:09:34,709 - INFO - Поточний статус флага: DONE
2025-09-07 13:09:34,709 - INFO - Статус флага: DONE, чекаємо...
2025-09-07 13:10:04,706 - INFO - Поточний статус флага: DONE
2025-09-07 13:10:04,706 - INFO - Статус флага: DONE, чекаємо...
2025-09-07 13:10:34,715 - INFO - Поточний статус флага: DONE
2025-09-07 13:10:34,715 - INFO - Статус флага: DONE, чекаємо...
2025-09-07 13:11:04,726 - INFO - Поточний статус флага: DONE
2025-09-07 13:11:04,726 - INFO - Статус флага: DONE, чекаємо...
2025-09-07 13:11:34,741 - INFO - Поточний статус флага: DONE
2025-09-07 13:11:34,742 - INFO - Статус флага: DONE, чекаємо...
2025-09-07 13:12:04,741 - INFO - Поточний статус флага: DONE
2025-09-07 13:12:04,741 - INFO - Статус флага: DONE, чекаємо...
2025-09-07 13:12:34,753 - INFO - Поточний статус флага: DONE
2025-09-07 13:12:34,754 - INFO - Статус флага: DONE, чекаємо...
2025-09-07 13:13:04,764 - INFO - Поточний статус флага: DONE
2025-09-07 13:13:04,765 - INFO - Статус флага: DONE, чекаємо...
2025-09-07 13:13:34,778 - INFO - Поточний статус флага: DONE
2025-09-07 13:13:34,778 - INFO - Статус флага: DONE, чекаємо...
2025-09-07 13:14:04,790 - INFO - Поточний статус флага: DONE
2025-09-07 13:14:04,790 - INFO - Статус флага: DONE, чекаємо...
2025-09-07 13:14:34,810 - INFO - Поточний статус флага: DONE
2025-09-07 13:14:34,811 - INFO - Статус флага: DONE, чекаємо...
2025-09-07 13:15:04,815 - INFO - Поточний статус флага: DONE
2025-09-07 13:15:04,815 - INFO - Статус флага: DONE, чекаємо...
2025-09-07 13:15:34,817 - INFO - Поточний статус флага: DONE
2025-09-07 13:15:34,818 - INFO - Статус флага: DONE, чекаємо...
2025-09-07 13:16:04,813 - INFO - Поточний статус флага: DONE
2025-09-07 13:16:04,813 - INFO - Статус флага: DONE, чекаємо...
2025-09-07 13:16:34,831 - INFO - Поточний статус флага: DONE
2025-09-07 13:16:34,832 - INFO - Статус флага: DONE, чекаємо...
2025-09-07 13:17:04,829 - INFO - Поточний статус флага: DONE
2025-09-07 13:17:04,830 - INFO - Статус флага: DONE, чекаємо...
2025-09-07 13:17:34,843 - INFO - Поточний статус флага: DONE
2025-09-07 13:17:34,843 - INFO - Статус флага: DONE, чекаємо...
2025-09-07 13:18:04,848 - INFO - Поточний статус флага: DONE
2025-09-07 13:18:04,848 - INFO - Статус флага: DONE, чекаємо...
2025-09-07 13:18:34,855 - INFO - Поточний статус флага: DONE
2025-09-07 13:18:34,855 - INFO - Статус флага: DONE, чекаємо...
2025-09-07 13:19:04,876 - INFO - Поточний статус флага: DONE
2025-09-07 13:19:04,876 - INFO - Статус флага: DONE, чекаємо...
2025-09-07 13:19:34,879 - INFO - Поточний статус флага: DONE
2025-09-07 13:19:34,879 - INFO - Статус флага: DONE, чекаємо...
2025-09-07 13:20:04,890 - INFO - Поточний статус флага: DONE
2025-09-07 13:20:04,890 - INFO - Статус флага: DONE, чекаємо...
2025-09-07 13:20:34,893 - INFO - Поточний статус флага: DONE
2025-09-07 13:20:34,893 - INFO - Статус флага: DONE, чекаємо...
2025-09-07 13:21:04,898 - INFO - Поточний статус флага: DONE
2025-09-07 13:21:04,898 - INFO - Статус флага: DONE, чекаємо...
2025-09-07 13:21:34,908 - INFO - Поточний статус флага: DONE
2025-09-07 13:21:34,908 - INFO - Статус флага: DONE, чекаємо...
2025-09-07 13:22:04,909 - INFO - Поточний статус флага: DONE
2025-09-07 13:22:04,909 - INFO - Статус флага: DONE, чекаємо...
2025-09-07 13:22:34,923 - INFO - Поточний статус флага: DONE
2025-09-07 13:22:34,923 - INFO - Статус флага: DONE, чекаємо...
2025-09-07 13:23:04,920 - INFO - Поточний статус флага: DONE
2025-09-07 13:23:04,920 - INFO - Статус флага: DONE, чекаємо...
2025-09-07 13:23:34,933 - INFO - Поточний статус флага: DONE
2025-09-07 13:23:34,933 - INFO - Статус флага: DONE, чекаємо...
2025-09-07 13:24:04,934 - INFO - Поточний статус флага: DONE
2025-09-07 13:24:04,935 - INFO - Статус флага: DONE, чекаємо...
2025-09-07 13:24:34,935 - INFO - Поточний статус флага: DONE
2025-09-07 13:24:34,935 - INFO - Статус флага: DONE, чекаємо...
2025-09-07 13:25:04,942 - INFO - Поточний статус флага: DONE
2025-09-07 13:25:04,942 - INFO - Статус флага: DONE, чекаємо...
2025-09-07 13:25:34,941 - INFO - Поточний статус флага: DONE
2025-09-07 13:25:34,941 - INFO - Статус флага: DONE, чекаємо...
2025-09-07 13:26:04,939 - INFO - Поточний статус флага: DONE
2025-09-07 13:26:04,939 - INFO - Статус флага: DONE, чекаємо...
2025-09-07 13:26:34,949 - INFO - Поточний статус флага: DONE
2025-09-07 13:26:34,950 - INFO - Статус флага: DONE, чекаємо...
2025-09-07 13:27:04,960 - INFO - Поточний статус флага: DONE
2025-09-07 13:27:04,960 - INFO - Статус флага: DONE, чекаємо...
2025-09-07 13:27:34,964 - INFO - Поточний статус флага: DONE
2025-09-07 13:27:34,964 - INFO - Статус флага: DONE, чекаємо...
2025-09-07 13:28:04,981 - INFO - Поточний статус флага: DONE
2025-09-07 13:28:04,981 - INFO - Статус флага: DONE, чекаємо...
2025-09-07 13:28:34,992 - INFO - Поточний статус флага: DONE
2025-09-07 13:28:34,992 - INFO - Статус флага: DONE, чекаємо...
2025-09-07 13:29:04,998 - INFO - Поточний статус флага: DONE
2025-09-07 13:29:04,998 - INFO - Статус флага: DONE, чекаємо...
2025-09-07 13:29:35,002 - INFO - Поточний статус флага: DONE
2025-09-07 13:29:35,003 - INFO - Статус флага: DONE, чекаємо...
2025-09-07 13:30:05,018 - INFO - Поточний статус флага: DONE
2025-09-07 13:30:05,018 - INFO - Статус флага: DONE, чекаємо...
2025-09-07 13:30:35,025 - INFO - Поточний статус флага: DONE
2025-09-07 13:30:35,025 - INFO - Статус флага: DONE, чекаємо...
2025-09-07 13:31:05,034 - INFO - Поточний статус флага: DONE
2025-09-07 13:31:05,034 - INFO - Статус флага: DONE, чекаємо...
2025-09-07 13:31:35,045 - INFO - Поточний статус флага: DONE
2025-09-07 13:31:35,045 - INFO - Статус флага: DONE, чекаємо...
2025-09-07 13:32:05,058 - INFO - Поточний статус флага: DONE
2025-09-07 13:32:05,058 - INFO - Статус флага: DONE, чекаємо...
2025-09-07 13:32:35,061 - INFO - Поточний статус флага: DONE
2025-09-07 13:32:35,061 - INFO - Статус флага: DONE, чекаємо...
2025-09-07 13:33:05,073 - INFO - Поточний статус флага: DONE
2025-09-07 13:33:05,073 - INFO - Статус флага: DONE, чекаємо...
2025-09-07 13:33:35,074 - INFO - Поточний статус флага: DONE
2025-09-07 13:33:35,074 - INFO - Статус флага: DONE, чекаємо...
2025-09-07 13:34:05,085 - INFO - Поточний статус флага: DONE
2025-09-07 13:34:05,085 - INFO - Статус флага: DONE, чекаємо...
2025-09-07 13:34:35,093 - INFO - Поточний статус флага: DONE
2025-09-07 13:34:35,093 - INFO - Статус флага: DONE, чекаємо...
2025-09-07 13:35:05,099 - INFO - Поточний статус флага: DONE
2025-09-07 13:35:05,099 - INFO - Статус флага: DONE, чекаємо...
2025-09-07 13:35:35,110 - INFO - Поточний статус флага: DONE
2025-09-07 13:35:35,110 - INFO - Статус флага: DONE, чекаємо...
2025-09-07 13:36:05,126 - INFO - Поточний статус флага: DONE
2025-09-07 13:36:05,126 - INFO - Статус флага: DONE, чекаємо...
2025-09-07 13:36:35,138 - INFO - Поточний статус флага: DONE
2025-09-07 13:36:35,138 - INFO - Статус флага: DONE, чекаємо...
2025-09-07 13:37:05,150 - INFO - Поточний статус флага: DONE
2025-09-07 13:37:05,151 - INFO - Статус флага: DONE, чекаємо...
2025-09-07 13:37:35,159 - INFO - Поточний статус флага: DONE
2025-09-07 13:37:35,160 - INFO - Статус флага: DONE, чекаємо...
2025-09-07 13:38:05,176 - INFO - Поточний статус флага: DONE
2025-09-07 13:38:05,176 - INFO - Статус флага: DONE, чекаємо...
2025-09-07 13:38:35,181 - INFO - Поточний статус флага: DONE
2025-09-07 13:38:35,182 - INFO - Статус флага: DONE, чекаємо...
2025-09-07 13:39:05,198 - INFO - Поточний статус флага: DONE
2025-09-07 13:39:05,198 - INFO - Статус флага: DONE, чекаємо...
2025-09-07 13:39:35,204 - INFO - Поточний статус флага: DONE
2025-09-07 13:39:35,205 - INFO - Статус флага: DONE, чекаємо...
2025-09-07 13:40:05,202 - INFO - Поточний статус флага: DONE
2025-09-07 13:40:05,203 - INFO - Статус флага: DONE, чекаємо...
2025-09-07 13:40:35,212 - INFO - Поточний статус флага: DONE
2025-09-07 13:40:35,212 - INFO - Статус флага: DONE, чекаємо...
2025-09-07 13:41:05,227 - INFO - Поточний статус флага: DONE
2025-09-07 13:41:05,227 - INFO - Статус флага: DONE, чекаємо...
2025-09-07 13:41:35,232 - INFO - Поточний статус флага: DONE
2025-09-07 13:41:35,232 - INFO - Статус флага: DONE, чекаємо...
2025-09-07 13:42:05,255 - INFO - Поточний статус флага: DONE
2025-09-07 13:42:05,256 - INFO - Статус флага: DONE, чекаємо...
2025-09-07 13:42:35,259 - INFO - Поточний статус флага: DONE
2025-09-07 13:42:35,260 - INFO - Статус флага: DONE, чекаємо...
2025-09-07 13:43:05,278 - INFO - Поточний статус флага: DONE
2025-09-07 13:43:05,278 - INFO - Статус флага: DONE, чекаємо...
2025-09-07 13:43:35,288 - INFO - Поточний статус флага: DONE
2025-09-07 13:43:35,288 - INFO - Статус флага: DONE, чекаємо...
2025-09-07 13:44:05,290 - INFO - Поточний статус флага: DONE
2025-09-07 13:44:05,290 - INFO - Статус флага: DONE, чекаємо...
2025-09-07 13:44:35,297 - INFO - Поточний статус флага: DONE
2025-09-07 13:44:35,297 - INFO - Статус флага: DONE, чекаємо...
2025-09-07 13:45:05,307 - INFO - Поточний статус флага: DONE
2025-09-07 13:45:05,307 - INFO - Статус флага: DONE, чекаємо...
2025-09-07 13:45:35,321 - INFO - Поточний статус флага: DONE
2025-09-07 13:45:35,321 - INFO - Статус флага: DONE, чекаємо...
2025-09-07 13:46:05,334 - INFO - Поточний статус флага: DONE
2025-09-07 13:46:05,334 - INFO - Статус флага: DONE, чекаємо...
2025-09-07 13:46:35,327 - INFO - Поточний статус флага: DONE
2025-09-07 13:46:35,327 - INFO - Статус флага: DONE, чекаємо...
2025-09-07 13:47:05,342 - INFO - Поточний статус флага: DONE
2025-09-07 13:47:05,342 - INFO - Статус флага: DONE, чекаємо...
2025-09-07 13:47:35,357 - INFO - Поточний статус флага: DONE
2025-09-07 13:47:35,357 - INFO - Статус флага: DONE, чекаємо...
2025-09-07 13:48:05,377 - INFO - Поточний статус флага: DONE
2025-09-07 13:48:05,377 - INFO - Статус флага: DONE, чекаємо...
2025-09-07 13:48:35,384 - INFO - Поточний статус флага: DONE
2025-09-07 13:48:35,384 - INFO - Статус флага: DONE, чекаємо...
2025-09-07 13:49:05,408 - INFO - Поточний статус флага: DONE
2025-09-07 13:49:05,408 - INFO - Статус флага: DONE, чекаємо...
2025-09-07 13:49:35,420 - INFO - Поточний статус флага: DONE
2025-09-07 13:49:35,420 - INFO - Статус флага: DONE, чекаємо...
2025-09-07 13:50:05,431 - INFO - Поточний статус флага: DONE
2025-09-07 13:50:05,431 - INFO - Статус флага: DONE, чекаємо...
2025-09-07 13:50:35,438 - INFO - Поточний статус флага: DONE
2025-09-07 13:50:35,439 - INFO - Статус флага: DONE, чекаємо...
2025-09-07 13:51:05,439 - INFO - Поточний статус флага: DONE
2025-09-07 13:51:05,439 - INFO - Статус флага: DONE, чекаємо...
2025-09-07 13:51:35,452 - INFO - Поточний статус флага: DONE
2025-09-07 13:51:35,452 - INFO - Статус флага: DONE, чекаємо...
2025-09-07 13:52:05,451 - INFO - Поточний статус флага: DONE
2025-09-07 13:52:05,451 - INFO - Статус флага: DONE, чекаємо...
2025-09-07 13:52:35,466 - INFO - Поточний статус флага: DONE
2025-09-07 13:52:35,466 - INFO - Статус флага: DONE, чекаємо...
2025-09-07 13:53:05,486 - INFO - Поточний статус флага: DONE
2025-09-07 13:53:05,486 - INFO - Статус флага: DONE, чекаємо...
2025-09-07 13:53:35,497 - INFO - Поточний статус флага: DONE
2025-09-07 13:53:35,497 - INFO - Статус флага: DONE, чекаємо...
2025-09-07 13:54:05,511 - INFO - Поточний статус флага: DONE
2025-09-07 13:54:05,511 - INFO - Статус флага: DONE, чекаємо...
2025-09-07 13:54:35,517 - INFO - Поточний статус флага: DONE
2025-09-07 13:54:35,517 - INFO - Статус флага: DONE, чекаємо...
2025-09-07 13:55:05,534 - INFO - Поточний статус флага: DONE
2025-09-07 13:55:05,534 - INFO - Статус флага: DONE, чекаємо...
2025-09-07 13:55:35,550 - INFO - Поточний статус флага: DONE
2025-09-07 13:55:35,550 - INFO - Статус флага: DONE, чекаємо...
2025-09-07 13:56:05,560 - INFO - Поточний статус флага: DONE
2025-09-07 13:56:05,560 - INFO - Статус флага: DONE, чекаємо...
2025-09-07 13:56:35,564 - INFO - Поточний статус флага: DONE
2025-09-07 13:56:35,565 - INFO - Статус флага: DONE, чекаємо...
2025-09-07 13:57:05,560 - INFO - Поточний статус флага: DONE
2025-09-07 13:57:05,560 - INFO - Статус флага: DONE, чекаємо...
2025-09-07 13:57:35,565 - INFO - Поточний статус флага: DONE
2025-09-07 13:57:35,566 - INFO - Статус флага: DONE, чекаємо...
2025-09-07 13:58:05,574 - INFO - Поточний статус флага: DONE
2025-09-07 13:58:05,574 - INFO - Статус флага: DONE, чекаємо...
2025-09-07 13:58:35,582 - INFO - Поточний статус флага: DONE
2025-09-07 13:58:35,582 - INFO - Статус флага: DONE, чекаємо...
2025-09-07 13:59:05,592 - INFO - Поточний статус флага: DONE
2025-09-07 13:59:05,593 - INFO - Статус флага: DONE, чекаємо...
2025-09-07 13:59:35,607 - INFO - Поточний статус флага: DONE
2025-09-07 13:59:35,607 - INFO - Статус флага: DONE, чекаємо...
2025-09-07 14:00:05,614 - INFO - Поточний статус флага: DONE
2025-09-07 14:00:05,614 - INFO - Статус флага: DONE, чекаємо...
2025-09-07 14:00:35,625 - INFO - Поточний статус флага: DONE
2025-09-07 14:00:35,625 - INFO - Статус флага: DONE, чекаємо...
2025-09-07 14:01:05,628 - INFO - Поточний статус флага: DONE
2025-09-07 14:01:05,628 - INFO - Статус флага: DONE, чекаємо...
2025-09-07 14:01:35,624 - INFO - Поточний статус флага: DONE
2025-09-07 14:01:35,625 - INFO - Статус флага: DONE, чекаємо...
2025-09-07 14:02:05,630 - INFO - Поточний статус флага: DONE
2025-09-07 14:02:05,630 - INFO - Статус флага: DONE, чекаємо...
2025-09-07 14:02:35,646 - INFO - Поточний статус флага: DONE
2025-09-07 14:02:35,646 - INFO - Статус флага: DONE, чекаємо...
2025-09-07 14:03:05,646 - INFO - Поточний статус флага: DONE
2025-09-07 14:03:05,646 - INFO - Статус флага: DONE, чекаємо...
2025-09-07 14:03:35,656 - INFO - Поточний статус флага: DONE
2025-09-07 14:03:35,656 - INFO - Статус флага: DONE, чекаємо...
2025-09-07 14:04:05,665 - INFO - Поточний статус флага: DONE
2025-09-07 14:04:05,665 - INFO - Статус флага: DONE, чекаємо...
2025-09-07 14:04:35,677 - INFO - Поточний статус флага: DONE
2025-09-07 14:04:35,677 - INFO - Статус флага: DONE, чекаємо...
2025-09-07 14:05:05,676 - INFO - Поточний статус флага: DONE
2025-09-07 14:05:05,676 - INFO - Статус флага: DONE, чекаємо...
2025-09-07 14:05:35,685 - INFO - Поточний статус флага: DONE
2025-09-07 14:05:35,685 - INFO - Статус флага: DONE, чекаємо...
2025-09-07 14:06:05,688 - INFO - Поточний статус флага: DONE
2025-09-07 14:06:05,688 - INFO - Статус флага: DONE, чекаємо...
2025-09-07 14:06:35,693 - INFO - Поточний статус флага: DONE
2025-09-07 14:06:35,693 - INFO - Статус флага: DONE, чекаємо...
2025-09-07 14:07:05,686 - INFO - Поточний статус флага: DONE
2025-09-07 14:07:05,686 - INFO - Статус флага: DONE, чекаємо...
2025-09-07 14:07:35,690 - INFO - Поточний статус флага: DONE
2025-09-07 14:07:35,690 - INFO - Статус флага: DONE, чекаємо...
2025-09-07 14:08:05,690 - INFO - Поточний статус флага: DONE
2025-09-07 14:08:05,690 - INFO - Статус флага: DONE, чекаємо...
2025-09-07 14:08:35,704 - INFO - Поточний статус флага: DONE
2025-09-07 14:08:35,704 - INFO - Статус флага: DONE, чекаємо...
2025-09-07 14:09:05,713 - INFO - Поточний статус флага: DONE
2025-09-07 14:09:05,713 - INFO - Статус флага: DONE, чекаємо...
2025-09-07 14:09:35,722 - INFO - Поточний статус флага: DONE
2025-09-07 14:09:35,722 - INFO - Статус флага: DONE, чекаємо...
2025-09-07 14:10:05,735 - INFO - Поточний статус флага: DONE
2025-09-07 14:10:05,735 - INFO - Статус флага: DONE, чекаємо...
2025-09-07 14:10:35,737 - INFO - Поточний статус флага: DONE
2025-09-07 14:10:35,737 - INFO - Статус флага: DONE, чекаємо...
2025-09-07 14:11:05,749 - INFO - Поточний статус флага: DONE
2025-09-07 14:11:05,749 - INFO - Статус флага: DONE, чекаємо...
2025-09-07 14:11:35,759 - INFO - Поточний статус флага: DONE
2025-09-07 14:11:35,759 - INFO - Статус флага: DONE, чекаємо...
2025-09-07 14:12:05,764 - INFO - Поточний статус флага: DONE
2025-09-07 14:12:05,764 - INFO - Статус флага: DONE, чекаємо...
2025-09-07 14:12:35,777 - INFO - Поточний статус флага: DONE
2025-09-07 14:12:35,777 - INFO - Статус флага: DONE, чекаємо...
2025-09-07 14:13:05,781 - INFO - Поточний статус флага: DONE
2025-09-07 14:13:05,781 - INFO - Статус флага: DONE, чекаємо...
2025-09-07 14:13:35,791 - INFO - Поточний статус флага: DONE
2025-09-07 14:13:35,791 - INFO - Статус флага: DONE, чекаємо...
2025-09-07 14:14:05,800 - INFO - Поточний статус флага: DONE
2025-09-07 14:14:05,800 - INFO - Статус флага: DONE, чекаємо...
2025-09-07 14:14:35,806 - INFO - Поточний статус флага: DONE
2025-09-07 14:14:35,806 - INFO - Статус флага: DONE, чекаємо...
2025-09-07 14:15:05,819 - INFO - Поточний статус флага: DONE
2025-09-07 14:15:05,819 - INFO - Статус флага: DONE, чекаємо...
2025-09-07 14:15:35,822 - INFO - Поточний статус флага: DONE
2025-09-07 14:15:35,822 - INFO - Статус флага: DONE, чекаємо...
2025-09-07 14:16:05,832 - INFO - Поточний статус флага: DONE
2025-09-07 14:16:05,832 - INFO - Статус флага: DONE, чекаємо...
2025-09-07 14:16:35,838 - INFO - Поточний статус флага: DONE
2025-09-07 14:16:35,839 - INFO - Статус флага: DONE, чекаємо...
2025-09-07 14:17:05,844 - INFO - Поточний статус флага: DONE
2025-09-07 14:17:05,844 - INFO - Статус флага: DONE, чекаємо...
2025-09-07 14:17:35,860 - INFO - Поточний статус флага: DONE
2025-09-07 14:17:35,860 - INFO - Статус флага: DONE, чекаємо...
2025-09-07 14:18:05,868 - INFO - Поточний статус флага: DONE
2025-09-07 14:18:05,868 - INFO - Статус флага: DONE, чекаємо...
2025-09-07 14:18:35,870 - INFO - Поточний статус флага: DONE
2025-09-07 14:18:35,870 - INFO - Статус флага: DONE, чекаємо...
2025-09-07 14:19:05,882 - INFO - Поточний статус флага: DONE
2025-09-07 14:19:05,883 - INFO - Статус флага: DONE, чекаємо...
2025-09-07 14:19:35,888 - INFO - Поточний статус флага: DONE
2025-09-07 14:19:35,888 - INFO - Статус флага: DONE, чекаємо...
2025-09-07 14:20:05,887 - INFO - Поточний статус флага: DONE
2025-09-07 14:20:05,888 - INFO - Статус флага: DONE, чекаємо...
2025-09-07 14:20:35,896 - INFO - Поточний статус флага: DONE
2025-09-07 14:20:35,897 - INFO - Статус флага: DONE, чекаємо...
2025-09-07 14:21:05,899 - INFO - Поточний статус флага: DONE
2025-09-07 14:21:05,899 - INFO - Статус флага: DONE, чекаємо...
2025-09-07 14:21:35,909 - INFO - Поточний статус флага: DONE
2025-09-07 14:21:35,910 - INFO - Статус флага: DONE, чекаємо...
2025-09-07 14:22:05,914 - INFO - Поточний статус флага: DONE
2025-09-07 14:22:05,914 - INFO - Статус флага: DONE, чекаємо...
2025-09-07 14:22:35,921 - INFO - Поточний статус флага: DONE
2025-09-07 14:22:35,922 - INFO - Статус флага: DONE, чекаємо...
2025-09-07 14:23:05,925 - INFO - Поточний статус флага: DONE
2025-09-07 14:23:05,926 - INFO - Статус флага: DONE, чекаємо...
2025-09-07 14:23:35,933 - INFO - Поточний статус флага: DONE
2025-09-07 14:23:35,934 - INFO - Статус флага: DONE, чекаємо...
2025-09-07 14:24:05,941 - INFO - Поточний статус флага: DONE
2025-09-07 14:24:05,941 - INFO - Статус флага: DONE, чекаємо...
2025-09-07 14:24:35,946 - INFO - Поточний статус флага: DONE
2025-09-07 14:24:35,947 - INFO - Статус флага: DONE, чекаємо...
2025-09-07 14:25:05,966 - INFO - Поточний статус флага: DONE
2025-09-07 14:25:05,967 - INFO - Статус флага: DONE, чекаємо...
2025-09-07 14:25:35,981 - INFO - Поточний статус флага: DONE
2025-09-07 14:25:35,982 - INFO - Статус флага: DONE, чекаємо...
2025-09-07 14:26:05,994 - INFO - Поточний статус флага: DONE
2025-09-07 14:26:05,995 - INFO - Статус флага: DONE, чекаємо...
2025-09-07 14:26:36,006 - INFO - Поточний статус флага: DONE
2025-09-07 14:26:36,007 - INFO - Статус флага: DONE, чекаємо...
2025-09-07 14:27:06,014 - INFO - Поточний статус флага: DONE
2025-09-07 14:27:06,015 - INFO - Статус флага: DONE, чекаємо...
2025-09-07 14:27:36,031 - INFO - Поточний статус флага: DONE
2025-09-07 14:27:36,032 - INFO - Статус флага: DONE, чекаємо...
2025-09-07 14:28:06,044 - INFO - Поточний статус флага: DONE
2025-09-07 14:28:06,045 - INFO - Статус флага: DONE, чекаємо...
2025-09-07 14:28:36,048 - INFO - Поточний статус флага: DONE
2025-09-07 14:28:36,049 - INFO - Статус флага: DONE, чекаємо...
2025-09-07 14:29:06,053 - INFO - Поточний статус флага: DONE
2025-09-07 14:29:06,053 - INFO - Статус флага: DONE, чекаємо...
2025-09-07 14:29:36,062 - INFO - Поточний статус флага: DONE
2025-09-07 14:29:36,063 - INFO - Статус флага: DONE, чекаємо...
2025-09-07 14:30:06,082 - INFO - Поточний статус флага: DONE
2025-09-07 14:30:06,083 - INFO - Статус флага: DONE, чекаємо...
2025-09-07 14:30:36,093 - INFO - Поточний статус флага: DONE
2025-09-07 14:30:36,094 - INFO - Статус флага: DONE, чекаємо...
2025-09-07 14:31:06,099 - INFO - Поточний статус флага: DONE
2025-09-07 14:31:06,100 - INFO - Статус флага: DONE, чекаємо...
2025-09-07 14:31:36,101 - INFO - Поточний статус флага: DONE
2025-09-07 14:31:36,101 - INFO - Статус флага: DONE, чекаємо...
2025-09-07 14:32:06,113 - INFO - Поточний статус флага: DONE
2025-09-07 14:32:06,114 - INFO - Статус флага: DONE, чекаємо...
2025-09-07 14:32:36,113 - INFO - Поточний статус флага: DONE
2025-09-07 14:32:36,114 - INFO - Статус флага: DONE, чекаємо...
2025-09-07 14:33:06,116 - INFO - Поточний статус флага: DONE
2025-09-07 14:33:06,117 - INFO - Статус флага: DONE, чекаємо...
2025-09-07 14:33:36,137 - INFO - Поточний статус флага: DONE
2025-09-07 14:33:36,138 - INFO - Статус флага: DONE, чекаємо...
2025-09-07 14:34:06,148 - INFO - Поточний статус флага: DONE
2025-09-07 14:34:06,149 - INFO - Статус флага: DONE, чекаємо...
2025-09-07 14:34:36,165 - INFO - Поточний статус флага: DONE
2025-09-07 14:34:36,165 - INFO - Статус флага: DONE, чекаємо...
2025-09-07 14:35:06,186 - INFO - Поточний статус флага: DONE
2025-09-07 14:35:06,187 - INFO - Статус флага: DONE, чекаємо...
2025-09-07 14:35:36,197 - INFO - Поточний статус флага: DONE
2025-09-07 14:35:36,198 - INFO - Статус флага: DONE, чекаємо...
2025-09-07 14:36:06,221 - INFO - Поточний статус флага: DONE
2025-09-07 14:36:06,221 - INFO - Статус флага: DONE, чекаємо...
2025-09-07 14:36:36,236 - INFO - Поточний статус флага: DONE
2025-09-07 14:36:36,237 - INFO - Статус флага: DONE, чекаємо...
2025-09-07 14:37:06,254 - INFO - Поточний статус флага: DONE
2025-09-07 14:37:06,255 - INFO - Статус флага: DONE, чекаємо...
2025-09-07 14:37:36,261 - INFO - Поточний статус флага: DONE
2025-09-07 14:37:36,262 - INFO - Статус флага: DONE, чекаємо...
2025-09-07 14:38:06,272 - INFO - Поточний статус флага: DONE
2025-09-07 14:38:06,273 - INFO - Статус флага: DONE, чекаємо...
2025-09-07 14:38:36,282 - INFO - Поточний статус флага: DONE
2025-09-07 14:38:36,283 - INFO - Статус флага: DONE, чекаємо...
2025-09-07 14:39:06,288 - INFO - Поточний статус флага: DONE
2025-09-07 14:39:06,289 - INFO - Статус флага: DONE, чекаємо...
2025-09-07 14:39:36,294 - INFO - Поточний статус флага: DONE
2025-09-07 14:39:36,295 - INFO - Статус флага: DONE, чекаємо...
2025-09-07 14:40:06,317 - INFO - Поточний статус флага: DONE
2025-09-07 14:40:06,317 - INFO - Статус флага: DONE, чекаємо...
2025-09-07 14:40:36,321 - INFO - Поточний статус флага: DONE
2025-09-07 14:40:36,322 - INFO - Статус флага: DONE, чекаємо...
2025-09-07 14:41:06,335 - INFO - Поточний статус флага: DONE
2025-09-07 14:41:06,336 - INFO - Статус флага: DONE, чекаємо...
2025-09-07 14:41:36,351 - INFO - Поточний статус флага: DONE
2025-09-07 14:41:36,351 - INFO - Статус флага: DONE, чекаємо...
2025-09-07 14:42:06,358 - INFO - Поточний статус флага: DONE
2025-09-07 14:42:06,358 - INFO - Статус флага: DONE, чекаємо...
2025-09-07 14:42:36,368 - INFO - Поточний статус флага: DONE
2025-09-07 14:42:36,369 - INFO - Статус флага: DONE, чекаємо...
2025-09-07 14:43:06,393 - INFO - Поточний статус флага: DONE
2025-09-07 14:43:06,394 - INFO - Статус флага: DONE, чекаємо...
2025-09-07 14:43:36,409 - INFO - Поточний статус флага: DONE
2025-09-07 14:43:36,410 - INFO - Статус флага: DONE, чекаємо...
2025-09-07 14:44:06,412 - INFO - Поточний статус флага: DONE
2025-09-07 14:44:06,413 - INFO - Статус флага: DONE, чекаємо...
2025-09-07 14:44:36,417 - INFO - Поточний статус флага: DONE
2025-09-07 14:44:36,418 - INFO - Статус флага: DONE, чекаємо...
2025-09-07 14:45:06,425 - INFO - Поточний статус флага: DONE
2025-09-07 14:45:06,426 - INFO - Статус флага: DONE, чекаємо...
2025-09-07 14:45:36,439 - INFO - Поточний статус флага: DONE
2025-09-07 14:45:36,440 - INFO - Статус флага: DONE, чекаємо...
2025-09-07 14:46:06,448 - INFO - Поточний статус флага: DONE
2025-09-07 14:46:06,449 - INFO - Статус флага: DONE, чекаємо...
2025-09-07 14:46:36,449 - INFO - Поточний статус флага: DONE
2025-09-07 14:46:36,449 - INFO - Статус флага: DONE, чекаємо...
2025-09-07 14:47:06,458 - INFO - Поточний статус флага: DONE
2025-09-07 14:47:06,459 - INFO - Статус флага: DONE, чекаємо...
2025-09-07 14:47:36,464 - INFO - Поточний статус флага: DONE
2025-09-07 14:47:36,465 - INFO - Статус флага: DONE, чекаємо...
2025-09-07 14:48:06,472 - INFO - Поточний статус флага: DONE
2025-09-07 14:48:06,473 - INFO - Статус флага: DONE, чекаємо...
