2025-08-30 19:59:53,618 - INFO - Рабочая директория: D:\Code\marinabot\userbot0937252296
2025-08-30 19:59:53,619 - INFO - Файл с Usernames: D:\Code\marinabot\userbot0937252296\all_usernames.txt
2025-08-30 19:59:53,619 - INFO - Файл данных сообщения: D:\Code\marinabot\userbot0937252296\message_data.json
2025-08-30 19:59:53,619 - INFO - Файл общей статистики: D:\Code\marinabot\userbot0937252296\stats.txt
2025-08-30 19:59:53,619 - INFO - Файл дневной статистики: D:\Code\marinabot\userbot0937252296\daily_stats.json
2025-08-30 19:59:53,619 - INFO - Файл-флаг: D:\Code\marinabot\userbot0937252296\flag.txt
2025-08-30 19:59:53,619 - INFO - Файл чатов: D:\Code\marinabot\userbot0937252296\chats.txt
2025-08-30 19:59:53,619 - INFO - Запуск Userbot...
2025-08-30 19:59:53,619 - INFO - Виконання початкової перевірки ліцензії...
2025-08-30 19:59:54,029 - ERROR - Неправильний ліцензійний код на сайті
2025-08-30 19:59:54,029 - CRITICAL - ПОЧАТКОВА ПЕРЕВІРКА ЛІЦЕНЗІЇ НЕВДАЛА! Завершення роботи...
2025-08-30 19:59:54,029 - INFO - Получен сигнал завершения (KeyboardInterrupt/SystemExit). Завершення...
2025-08-30 19:59:54,029 - INFO - Userbot зупинено або процес завершення.
2025-08-30 19:59:54,029 - WARNING - Не вдалося скинути флаги AppState: app_state не знайдений на клієнті під час завершення.
2025-08-30 19:59:54,030 - INFO - Програма завершує роботу.
2025-08-30 20:00:10,217 - INFO - Рабочая директория: D:\Code\marinabot\userbot0937252296
2025-08-30 20:00:10,217 - INFO - Файл с Usernames: D:\Code\marinabot\userbot0937252296\all_usernames.txt
2025-08-30 20:00:10,217 - INFO - Файл данных сообщения: D:\Code\marinabot\userbot0937252296\message_data.json
2025-08-30 20:00:10,217 - INFO - Файл общей статистики: D:\Code\marinabot\userbot0937252296\stats.txt
2025-08-30 20:00:10,217 - INFO - Файл дневной статистики: D:\Code\marinabot\userbot0937252296\daily_stats.json
2025-08-30 20:00:10,217 - INFO - Файл-флаг: D:\Code\marinabot\userbot0937252296\flag.txt
2025-08-30 20:00:10,217 - INFO - Файл чатов: D:\Code\marinabot\userbot0937252296\chats.txt
2025-08-30 20:00:10,218 - INFO - Connecting to 149.154.167.51:443/TcpFull...
2025-08-30 20:00:11,625 - INFO - Connection to 149.154.167.51:443/TcpFull complete!
2025-08-30 20:00:38,740 - INFO - Клієнт успішно підключено, запускаємо основні задачі...
2025-08-30 20:00:38,740 - INFO - Задача мониторинга файла-флага і рассилки запущена.
2025-08-30 20:00:38,742 - INFO - Поточний статус флага: IDLE
2025-08-30 20:00:38,742 - INFO - Невідомий статус флага: IDLE, чекаємо...
2025-08-30 20:00:48,745 - INFO - Поточний статус флага: IDLE
2025-08-30 20:00:48,745 - INFO - Невідомий статус флага: IDLE, чекаємо...
