2025-08-30 19:49:25,393 - INFO - Рабочая директория: D:\Code\marinabot\userbot0932131743
2025-08-30 19:49:25,393 - INFO - Файл с Usernames: D:\Code\marinabot\userbot0932131743\all_usernames.txt
2025-08-30 19:49:25,393 - INFO - Файл данных сообщения: D:\Code\marinabot\userbot0932131743\message_data.json
2025-08-30 19:49:25,393 - INFO - Файл общей статистики: D:\Code\marinabot\userbot0932131743\stats.txt
2025-08-30 19:49:25,393 - INFO - Файл дневной статистики: D:\Code\marinabot\userbot0932131743\daily_stats.json
2025-08-30 19:49:25,394 - INFO - Файл-флаг: D:\Code\marinabot\userbot0932131743\flag.txt
2025-08-30 19:49:25,394 - INFO - Файл чатов: D:\Code\marinabot\userbot0932131743\chats.txt
2025-08-30 19:49:25,395 - INFO - Connecting to 149.154.167.51:443/TcpFull...
2025-08-30 19:49:26,863 - INFO - Connection to 149.154.167.51:443/TcpFull complete!
2025-08-30 19:50:09,533 - INFO - Клієнт успішно підключено, запускаємо основні задачі...
2025-08-30 19:50:09,533 - INFO - Задача мониторинга файла-флага і рассилки запущена.
2025-08-30 19:50:09,534 - INFO - Поточний статус флага: IDLE
2025-08-30 19:50:09,534 - INFO - Невідомий статус флага: IDLE, чекаємо...
2025-08-30 19:50:19,530 - INFO - Поточний статус флага: IDLE
2025-08-30 19:50:19,530 - INFO - Невідомий статус флага: IDLE, чекаємо...
2025-08-30 19:50:29,538 - INFO - Поточний статус флага: IDLE
2025-08-30 19:50:29,538 - INFO - Невідомий статус флага: IDLE, чекаємо...
2025-08-30 19:50:39,541 - INFO - Поточний статус флага: IDLE
2025-08-30 19:50:39,541 - INFO - Невідомий статус флага: IDLE, чекаємо...
2025-08-30 19:50:49,547 - INFO - Поточний статус флага: IDLE
2025-08-30 19:50:49,547 - INFO - Невідомий статус флага: IDLE, чекаємо...
2025-08-30 19:50:59,558 - INFO - Поточний статус флага: IDLE
2025-08-30 19:50:59,558 - INFO - Невідомий статус флага: IDLE, чекаємо...
2025-08-30 19:51:09,570 - INFO - Поточний статус флага: IDLE
2025-08-30 19:51:09,570 - INFO - Невідомий статус флага: IDLE, чекаємо...
2025-08-30 19:51:19,583 - INFO - Поточний статус флага: IDLE
2025-08-30 19:51:19,583 - INFO - Невідомий статус флага: IDLE, чекаємо...
2025-08-30 19:51:29,597 - INFO - Поточний статус флага: IDLE
2025-08-30 19:51:29,597 - INFO - Невідомий статус флага: IDLE, чекаємо...
2025-08-30 19:51:39,604 - INFO - Поточний статус флага: IDLE
2025-08-30 19:51:39,605 - INFO - Невідомий статус флага: IDLE, чекаємо...
2025-08-30 19:51:49,611 - INFO - Поточний статус флага: IDLE
2025-08-30 19:51:49,611 - INFO - Невідомий статус флага: IDLE, чекаємо...
2025-08-30 19:51:59,613 - INFO - Поточний статус флага: IDLE
2025-08-30 19:51:59,613 - INFO - Невідомий статус флага: IDLE, чекаємо...
2025-08-30 19:52:09,618 - INFO - Поточний статус флага: IDLE
2025-08-30 19:52:09,618 - INFO - Невідомий статус флага: IDLE, чекаємо...
2025-08-30 19:52:19,625 - INFO - Поточний статус флага: IDLE
2025-08-30 19:52:19,625 - INFO - Невідомий статус флага: IDLE, чекаємо...
2025-08-30 19:52:29,623 - INFO - Поточний статус флага: IDLE
2025-08-30 19:52:29,624 - INFO - Невідомий статус флага: IDLE, чекаємо...
2025-08-30 19:52:39,634 - INFO - Поточний статус флага: IDLE
2025-08-30 19:52:39,634 - INFO - Невідомий статус флага: IDLE, чекаємо...
2025-08-30 19:52:49,639 - INFO - Поточний статус флага: IDLE
2025-08-30 19:52:49,640 - INFO - Невідомий статус флага: IDLE, чекаємо...
2025-08-30 19:52:59,641 - INFO - Поточний статус флага: IDLE
2025-08-30 19:52:59,641 - INFO - Невідомий статус флага: IDLE, чекаємо...
2025-08-30 19:53:09,643 - INFO - Поточний статус флага: IDLE
2025-08-30 19:53:09,644 - INFO - Невідомий статус флага: IDLE, чекаємо...
2025-08-30 19:53:19,654 - INFO - Поточний статус флага: IDLE
2025-08-30 19:53:19,654 - INFO - Невідомий статус флага: IDLE, чекаємо...
2025-08-30 19:53:29,667 - INFO - Поточний статус флага: IDLE
2025-08-30 19:53:29,667 - INFO - Невідомий статус флага: IDLE, чекаємо...
2025-08-30 19:53:39,683 - INFO - Поточний статус флага: IDLE
2025-08-30 19:53:39,683 - INFO - Невідомий статус флага: IDLE, чекаємо...
2025-08-30 19:53:49,692 - INFO - Поточний статус флага: IDLE
2025-08-30 19:53:49,692 - INFO - Невідомий статус флага: IDLE, чекаємо...
2025-08-30 19:53:59,702 - INFO - Поточний статус флага: IDLE
2025-08-30 19:53:59,702 - INFO - Невідомий статус флага: IDLE, чекаємо...
2025-08-30 19:54:09,716 - INFO - Поточний статус флага: IDLE
2025-08-30 19:54:09,716 - INFO - Невідомий статус флага: IDLE, чекаємо...
2025-08-30 19:54:19,725 - INFO - Поточний статус флага: IDLE
2025-08-30 19:54:19,725 - INFO - Невідомий статус флага: IDLE, чекаємо...
2025-08-30 19:54:29,730 - INFO - Поточний статус флага: IDLE
2025-08-30 19:54:29,730 - INFO - Невідомий статус флага: IDLE, чекаємо...
2025-08-30 19:54:39,733 - INFO - Поточний статус флага: IDLE
2025-08-30 19:54:39,733 - INFO - Невідомий статус флага: IDLE, чекаємо...
2025-08-30 19:54:49,735 - INFO - Поточний статус флага: IDLE
2025-08-30 19:54:49,735 - INFO - Невідомий статус флага: IDLE, чекаємо...
2025-08-30 19:54:59,751 - INFO - Поточний статус флага: IDLE
2025-08-30 19:54:59,751 - INFO - Невідомий статус флага: IDLE, чекаємо...
2025-08-30 19:55:09,758 - INFO - Поточний статус флага: IDLE
2025-08-30 19:55:09,758 - INFO - Невідомий статус флага: IDLE, чекаємо...
2025-08-30 19:55:19,774 - INFO - Поточний статус флага: IDLE
2025-08-30 19:55:19,774 - INFO - Невідомий статус флага: IDLE, чекаємо...
2025-08-30 19:55:29,784 - INFO - Поточний статус флага: IDLE
2025-08-30 19:55:29,784 - INFO - Невідомий статус флага: IDLE, чекаємо...
2025-08-30 19:55:39,799 - INFO - Поточний статус флага: IDLE
2025-08-30 19:55:39,799 - INFO - Невідомий статус флага: IDLE, чекаємо...
2025-08-30 19:55:49,809 - INFO - Поточний статус флага: IDLE
2025-08-30 19:55:49,809 - INFO - Невідомий статус флага: IDLE, чекаємо...
2025-08-30 19:55:59,821 - INFO - Поточний статус флага: IDLE
2025-08-30 19:55:59,821 - INFO - Невідомий статус флага: IDLE, чекаємо...
2025-08-30 19:56:09,828 - INFO - Поточний статус флага: IDLE
2025-08-30 19:56:09,829 - INFO - Невідомий статус флага: IDLE, чекаємо...
2025-08-30 19:56:19,843 - INFO - Поточний статус флага: IDLE
2025-08-30 19:56:19,843 - INFO - Невідомий статус флага: IDLE, чекаємо...
2025-08-30 19:56:29,847 - INFO - Поточний статус флага: IDLE
2025-08-30 19:56:29,847 - INFO - Невідомий статус флага: IDLE, чекаємо...
2025-08-30 19:56:39,861 - INFO - Поточний статус флага: IDLE
2025-08-30 19:56:39,861 - INFO - Невідомий статус флага: IDLE, чекаємо...
2025-08-30 19:56:49,864 - INFO - Поточний статус флага: IDLE
2025-08-30 19:56:49,864 - INFO - Невідомий статус флага: IDLE, чекаємо...
2025-08-30 19:56:59,871 - INFO - Поточний статус флага: IDLE
2025-08-30 19:56:59,871 - INFO - Невідомий статус флага: IDLE, чекаємо...
2025-08-30 19:57:09,873 - INFO - Поточний статус флага: IDLE
2025-08-30 19:57:09,873 - INFO - Невідомий статус флага: IDLE, чекаємо...
2025-08-30 19:57:19,882 - INFO - Поточний статус флага: IDLE
2025-08-30 19:57:19,882 - INFO - Невідомий статус флага: IDLE, чекаємо...
2025-08-30 19:57:29,910 - INFO - Поточний статус флага: IDLE
2025-08-30 19:57:29,910 - INFO - Невідомий статус флага: IDLE, чекаємо...
2025-08-30 19:57:39,915 - INFO - Поточний статус флага: IDLE
2025-08-30 19:57:39,915 - INFO - Невідомий статус флага: IDLE, чекаємо...
2025-08-30 19:57:49,917 - INFO - Поточний статус флага: IDLE
2025-08-30 19:57:49,917 - INFO - Невідомий статус флага: IDLE, чекаємо...
2025-08-30 19:57:59,923 - INFO - Поточний статус флага: IDLE
2025-08-30 19:57:59,923 - INFO - Невідомий статус флага: IDLE, чекаємо...
2025-08-30 19:58:09,929 - INFO - Поточний статус флага: IDLE
2025-08-30 19:58:09,929 - INFO - Невідомий статус флага: IDLE, чекаємо...
2025-08-30 19:58:19,933 - INFO - Поточний статус флага: IDLE
2025-08-30 19:58:19,933 - INFO - Невідомий статус флага: IDLE, чекаємо...
2025-08-30 19:58:29,955 - INFO - Поточний статус флага: IDLE
2025-08-30 19:58:29,955 - INFO - Невідомий статус флага: IDLE, чекаємо...
2025-08-30 19:58:39,970 - INFO - Поточний статус флага: IDLE
2025-08-30 19:58:39,970 - INFO - Невідомий статус флага: IDLE, чекаємо...
2025-08-30 19:58:49,978 - INFO - Поточний статус флага: IDLE
2025-08-30 19:58:49,978 - INFO - Невідомий статус флага: IDLE, чекаємо...
2025-08-30 19:58:59,982 - INFO - Поточний статус флага: IDLE
2025-08-30 19:58:59,982 - INFO - Невідомий статус флага: IDLE, чекаємо...
2025-08-30 19:59:09,992 - INFO - Поточний статус флага: IDLE
2025-08-30 19:59:09,992 - INFO - Невідомий статус флага: IDLE, чекаємо...
2025-08-30 19:59:20,001 - INFO - Поточний статус флага: IDLE
2025-08-30 19:59:20,001 - INFO - Невідомий статус флага: IDLE, чекаємо...
2025-08-30 19:59:30,020 - INFO - Поточний статус флага: IDLE
2025-08-30 19:59:30,020 - INFO - Невідомий статус флага: IDLE, чекаємо...
2025-08-30 19:59:40,023 - INFO - Поточний статус флага: IDLE
2025-08-30 19:59:40,023 - INFO - Невідомий статус флага: IDLE, чекаємо...
2025-08-30 19:59:50,029 - INFO - Поточний статус флага: IDLE
2025-08-30 19:59:50,029 - INFO - Невідомий статус флага: IDLE, чекаємо...
2025-08-30 20:00:00,030 - INFO - Поточний статус флага: IDLE
2025-08-30 20:00:00,030 - INFO - Невідомий статус флага: IDLE, чекаємо...
2025-08-30 20:00:10,034 - INFO - Поточний статус флага: IDLE
2025-08-30 20:00:10,034 - INFO - Невідомий статус флага: IDLE, чекаємо...
2025-08-30 20:00:20,037 - INFO - Поточний статус флага: IDLE
2025-08-30 20:00:20,037 - INFO - Невідомий статус флага: IDLE, чекаємо...
2025-08-30 20:00:30,033 - INFO - Поточний статус флага: IDLE
2025-08-30 20:00:30,033 - INFO - Невідомий статус флага: IDLE, чекаємо...
2025-08-30 20:00:40,039 - INFO - Поточний статус флага: IDLE
2025-08-30 20:00:40,040 - INFO - Невідомий статус флага: IDLE, чекаємо...
2025-08-30 20:00:50,045 - INFO - Поточний статус флага: IDLE
2025-08-30 20:00:50,045 - INFO - Невідомий статус флага: IDLE, чекаємо...
